#
# A fatal error has been detected by the Java Runtime Environment:
#
#  SIGSEGV (0xb) at pc=0x00007f7ce501aed4, pid=19384, tid=0x00007f7cb0b47700
#
# JRE version: Java(TM) SE Runtime Environment (8.0_131-b11) (build 1.8.0_131-b11)
# Java VM: Java HotSpot(TM) 64-Bit Server VM (25.131-b11 mixed mode linux-amd64 compressed oops)
# Problematic frame:
# j  org.codehaus.groovy.runtime.ArrayUtil.createArray(Ljava/lang/Object;Ljava/lang/Object;Ljava/lang/Object;)[Ljava/lang/Object;+1
#
# Failed to write core dump. Core dumps have been disabled. To enable core dumping, try "ulimit -c unlimited" before starting Java again
#
# If you would like to submit a bug report, please visit:
#   http://bugreport.java.com/bugreport/crash.jsp
#

---------------  T H R E A D  ---------------

Current thread (0x00007f7cf54cc800):  JavaThread "http-nio-8080-exec-3" daemon [_thread_in_Java, id=19466, stack(0x00007f7cb0a47000,0x00007f7cb0b48000)]

siginfo: si_signo: 11 (SIGSEGV), si_code: 1 (SEGV_MAPERR), si_addr: 0x0000000000001fa8

Registers:
RAX=0x0000000000001fa0, RBX=0x0000000000000002, RCX=0x0000000000000002, RDX=0x00000000f6af4330
RSP=0x00007f7cb0b3d298, RBP=0x00007f7cb0b3d2f8, RSI=0x00000000f6af4330, RDI=0x00007f7cf54cc800
R8 =0x0000000000000000, R9 =0xfffffffffffffff8, R10=0x00007f7cfab58c00, R11=0x0000000100000f28
R12=0x0000000000000000, R13=0x00007f7ce305cf6f, R14=0x00007f7cb0b3d318, R15=0x00007f7cf54cc800
RIP=0x00007f7ce501aed4, EFLAGS=0x0000000000010206, CSGSFS=0x0000000000000033, ERR=0x0000000000000004
  TRAPNO=0x000000000000000e

Top of Stack: (sp=0x00007f7cb0b3d298)
0x00007f7cb0b3d298:   0000000000001fa0 0000000000000002
0x00007f7cb0b3d2a8:   00000000f6af4330 00000000f6af4330
0x00007f7cb0b3d2b8:   00007f7cb0b3d2b8 00007f7ce305cf61
0x00007f7cb0b3d2c8:   00007f7cb0b3d318 00007f7ce30f4c60
0x00007f7cb0b3d2d8:   0000000000000000 00007f7ce305cfa0
0x00007f7cb0b3d2e8:   0000000000000000 00007f7cb0b3d308
0x00007f7cb0b3d2f8:   00007f7cb0b3d370 00007f7ce5008040
0x00007f7cb0b3d308:   0000000000001fa0 0000000000000000
0x00007f7cb0b3d318:   00000000d137e748 00000000d2e242d0
0x00007f7cb0b3d328:   00000000f25958e0 00007f7cb0b3d330
0x00007f7cb0b3d338:   00007f7ce30556ef 00007f7cb0b3d3a8
0x00007f7cb0b3d348:   00007f7ce3057760 0000000000000000
0x00007f7cb0b3d358:   00007f7ce3055750 00007f7cb0b3d308
0x00007f7cb0b3d368:   00007f7cb0b3d388 00007f7cb0b3d3f0
0x00007f7cb0b3d378:   00007f7ce5008114 00000000f25958e0
0x00007f7cb0b3d388:   0000000000001fa0 0000000000000000
0x00007f7cb0b3d398:   00000000d137e748 00000000d2e242d0
0x00007f7cb0b3d3a8:   00000000f25958e0 00007f7cb0b3d3b0
0x00007f7cb0b3d3b8:   00007f7ca75d1a3f 00007f7cb0b3d410
0x00007f7cb0b3d3c8:   00007f7ca75dfc28 0000000000000000
0x00007f7cb0b3d3d8:   00007f7ca75d1a78 00007f7cb0b3d388
0x00007f7cb0b3d3e8:   00007f7cb0b3d408 00007f7cb0b3d458
0x00007f7cb0b3d3f8:   00007f7ce5008040 00000000f2594e98
0x00007f7cb0b3d408:   0000000000001fa0 0000000000000000
0x00007f7cb0b3d418:   00007f7cb0b3d418 00007f7ca75c38ea
0x00007f7cb0b3d428:   00007f7cb0b3d480 00007f7ca75dd4d0
0x00007f7cb0b3d438:   0000000000000000 00007f7ca75c38f0
0x00007f7cb0b3d448:   00007f7cb0b3d408 00007f7cb0b3d468
0x00007f7cb0b3d458:   00007f7cb0b3d4c8 00007f7ce5008114
0x00007f7cb0b3d468:   0000000000001fa0 0000000000000000
0x00007f7cb0b3d478:   0000000000000000 00000000f2542248
0x00007f7cb0b3d488:   00007f7cb0b3d488 00007f7cb30a1d48 

Instructions: (pc=0x00007f7ce501aed4)
0x00007f7ce501aeb4:   8b 4c 24 08 48 8b 54 24 10 48 63 c9 3b 4a 0c 8b
0x00007f7ce501aec4:   d9 0f 83 75 79 ff ff 48 85 c0 0f 84 32 01 00 00
0x00007f7ce501aed4:   8b 58 08 48 c1 e3 03 8b 42 08 48 c1 e0 03 48 8b
0x00007f7ce501aee4:   80 e8 00 00 00 48 8d 54 8a 10 48 8b 4d e0 48 85 

Register to memory mapping:

RAX=0x0000000000001fa0 is an unknown value
RBX=0x0000000000000002 is an unknown value
RCX=0x0000000000000002 is an unknown value
RDX=0x00000000f6af4330 is an oop
[Ljava.lang.Object; 
 - klass: 'java/lang/Object'[]
 - length: 3
RSP=0x00007f7cb0b3d298 is pointing into the stack for thread: 0x00007f7cf54cc800
RBP=0x00007f7cb0b3d2f8 is pointing into the stack for thread: 0x00007f7cf54cc800
RSI=0x00000000f6af4330 is an oop
[Ljava.lang.Object; 
 - klass: 'java/lang/Object'[]
 - length: 3
RDI=0x00007f7cf54cc800 is a thread
R8 =0x0000000000000000 is an unknown value
R9 =0xfffffffffffffff8 is an unknown value
R10=0x00007f7cfab58c00: <offset 0xfccc00> in /usr/lib/jvm/java-8-oracle/jre/lib/amd64/server/libjvm.so at 0x00007f7cf9b8c000
R11=0x0000000100000f28 is pointing into metadata
R12=0x0000000000000000 is an unknown value
R13=0x00007f7ce305cf6f is pointing into metadata
R14=0x00007f7cb0b3d318 is pointing into the stack for thread: 0x00007f7cf54cc800
R15=0x00007f7cf54cc800 is a thread


Stack: [0x00007f7cb0a47000,0x00007f7cb0b48000],  sp=0x00007f7cb0b3d298,  free space=984k
Native frames: (J=compiled Java code, j=interpreted, Vv=VM code, C=native code)
j  org.codehaus.groovy.runtime.ArrayUtil.createArray(Ljava/lang/Object;Ljava/lang/Object;Ljava/lang/Object;)[Ljava/lang/Object;+1
j  org.codehaus.groovy.runtime.callsite.AbstractCallSite.call(Ljava/lang/Object;Ljava/lang/Object;Ljava/lang/Object;Ljava/lang/Object;)Ljava/lang/Object;+39
j  nuevo_foro_fiuba.Usuario$$EQjV6wWu.executeQuery(Ljava/lang/CharSequence;Ljava/util/Map;)Ljava/util/List;+15
j  nuevo_foro_fiuba.Usuario$$DQjV6wWu.executeQuery(Lnuevo_foro_fiuba/Usuario;Ljava/lang/CharSequence;Ljava/util/Map;)Ljava/util/List;+2
j  nuevo_foro_fiuba.Usuario.executeQuery(Ljava/lang/CharSequence;Ljava/util/Map;)Ljava/util/List;+24
v  ~StubRoutines::call_stub
V  [libjvm.so+0x691d16]  JavaCalls::call_helper(JavaValue*, methodHandle*, JavaCallArguments*, Thread*)+0x1056
V  [libjvm.so+0x99d637]  Reflection::invoke(instanceKlassHandle, methodHandle, Handle, bool, objArrayHandle, BasicType, objArrayHandle, bool, Thread*)+0x5d7
V  [libjvm.so+0x9a0d47]  Reflection::invoke_method(oopDesc*, Handle, objArrayHandle, Thread*)+0x147
V  [libjvm.so+0x7253cb]  JVM_InvokeMethod+0x26b
J 1980  sun.reflect.NativeMethodAccessorImpl.invoke0(Ljava/lang/reflect/Method;Ljava/lang/Object;[Ljava/lang/Object;)Ljava/lang/Object; (0 bytes) @ 0x00007f7ce557aaad [0x00007f7ce557a9c0+0xed]
J 1979 C1 sun.reflect.NativeMethodAccessorImpl.invoke(Ljava/lang/Object;[Ljava/lang/Object;)Ljava/lang/Object; (104 bytes) @ 0x00007f7ce557b154 [0x00007f7ce557ade0+0x374]
J 784 C1 sun.reflect.DelegatingMethodAccessorImpl.invoke(Ljava/lang/Object;[Ljava/lang/Object;)Ljava/lang/Object; (10 bytes) @ 0x00007f7ce5390d44 [0x00007f7ce5390d00+0x44]
J 776 C1 java.lang.reflect.Method.invoke(Ljava/lang/Object;[Ljava/lang/Object;)Ljava/lang/Object; (62 bytes) @ 0x00007f7ce5387f94 [0x00007f7ce5387ea0+0xf4]
J 1815 C1 org.springsource.loaded.ri.ReflectiveInterceptor.jlrMethodInvoke(Ljava/lang/reflect/Method;Ljava/lang/Object;[Ljava/lang/Object;)Ljava/lang/Object; (2214 bytes) @ 0x00007f7ce5529f4c [0x00007f7ce5528920+0x162c]
J 3549 C1 org.codehaus.groovy.reflection.CachedMethod.invoke(Ljava/lang/Object;[Ljava/lang/Object;)Ljava/lang/Object; (70 bytes) @ 0x00007f7ce58afd74 [0x00007f7ce58afd40+0x34]
J 3082 C1 groovy.lang.MetaMethod.doMethodInvoke(Ljava/lang/Object;[Ljava/lang/Object;)Ljava/lang/Object; (22 bytes) @ 0x00007f7ce57be894 [0x00007f7ce57be820+0x74]
J 4037 C1 org.codehaus.groovy.runtime.metaclass.MethodMetaProperty$GetBeanMethodMetaProperty.getProperty(Ljava/lang/Object;)Ljava/lang/Object; (12 bytes) @ 0x00007f7ce59b2f8c [0x00007f7ce59b2f40+0x4c]
j  org.codehaus.groovy.runtime.callsite.GetEffectivePogoPropertySite.getProperty(Ljava/lang/Object;)Ljava/lang/Object;+5
j  org.codehaus.groovy.runtime.callsite.GetEffectivePogoPropertySite.callGetProperty(Ljava/lang/Object;)Ljava/lang/Object;+35
j  home_rodrigo_nuevo_foro_fiuba_grails_app_views_publicacion_verPublicacion_gsp$_run_closure2$_closure16$_closure68.doCall(Ljava/lang/Object;)Ljava/lang/Object;+27
v  ~StubRoutines::call_stub
V  [libjvm.so+0x691d16]  JavaCalls::call_helper(JavaValue*, methodHandle*, JavaCallArguments*, Thread*)+0x1056
V  [libjvm.so+0x99d637]  Reflection::invoke(instanceKlassHandle, methodHandle, Handle, bool, objArrayHandle, BasicType, objArrayHandle, bool, Thread*)+0x5d7
V  [libjvm.so+0x9a0d47]  Reflection::invoke_method(oopDesc*, Handle, objArrayHandle, Thread*)+0x147
V  [libjvm.so+0x7253cb]  JVM_InvokeMethod+0x26b
J 1980  sun.reflect.NativeMethodAccessorImpl.invoke0(Ljava/lang/reflect/Method;Ljava/lang/Object;[Ljava/lang/Object;)Ljava/lang/Object; (0 bytes) @ 0x00007f7ce557aaad [0x00007f7ce557a9c0+0xed]
J 1979 C1 sun.reflect.NativeMethodAccessorImpl.invoke(Ljava/lang/Object;[Ljava/lang/Object;)Ljava/lang/Object; (104 bytes) @ 0x00007f7ce557b154 [0x00007f7ce557ade0+0x374]
J 784 C1 sun.reflect.DelegatingMethodAccessorImpl.invoke(Ljava/lang/Object;[Ljava/lang/Object;)Ljava/lang/Object; (10 bytes) @ 0x00007f7ce5390d44 [0x00007f7ce5390d00+0x44]
J 776 C1 java.lang.reflect.Method.invoke(Ljava/lang/Object;[Ljava/lang/Object;)Ljava/lang/Object; (62 bytes) @ 0x00007f7ce5387f94 [0x00007f7ce5387ea0+0xf4]
J 1815 C1 org.springsource.loaded.ri.ReflectiveInterceptor.jlrMethodInvoke(Ljava/lang/reflect/Method;Ljava/lang/Object;[Ljava/lang/Object;)Ljava/lang/Object; (2214 bytes) @ 0x00007f7ce552a09c [0x00007f7ce5528920+0x177c]
J 3549 C1 org.codehaus.groovy.reflection.CachedMethod.invoke(Ljava/lang/Object;[Ljava/lang/Object;)Ljava/lang/Object; (70 bytes) @ 0x00007f7ce58afd74 [0x00007f7ce58afd40+0x34]
J 3082 C1 groovy.lang.MetaMethod.doMethodInvoke(Ljava/lang/Object;[Ljava/lang/Object;)Ljava/lang/Object; (22 bytes) @ 0x00007f7ce57be894 [0x00007f7ce57be820+0x74]
J 3469 C1 org.codehaus.groovy.runtime.metaclass.ClosureMetaClass.invokeMethod(Ljava/lang/Class;Ljava/lang/Object;Ljava/lang/String;[Ljava/lang/Object;ZZ)Ljava/lang/Object; (892 bytes) @ 0x00007f7ce587a694 [0x00007f7ce58794a0+0x11f4]
J 3296 C1 groovy.lang.MetaClassImpl.invokeMethod(Ljava/lang/Object;Ljava/lang/String;[Ljava/lang/Object;)Ljava/lang/Object; (14 bytes) @ 0x00007f7ce582c99c [0x00007f7ce582c940+0x5c]
J 3966 C1 groovy.lang.Closure.call([Ljava/lang/Object;)Ljava/lang/Object; (30 bytes) @ 0x00007f7ce598dbfc [0x00007f7ce598db80+0x7c]
J 6178 C1 groovy.lang.Closure.call(Ljava/lang/Object;)Ljava/lang/Object; (13 bytes) @ 0x00007f7ce5d05ff4 [0x00007f7ce5d05ec0+0x134]
J 9236 C1 org.grails.gsp.GroovyPage.evaluate(Ljava/lang/String;ILjava/lang/Object;Lgroovy/lang/Closure;)Ljava/lang/Object; (68 bytes) @ 0x00007f7ce637827c [0x00007f7ce6378220+0x5c]
J 9240 C1 sun.reflect.GeneratedMethodAccessor159.invoke(Ljava/lang/Object;[Ljava/lang/Object;)Ljava/lang/Object; (163 bytes) @ 0x00007f7ce637a0ac [0x00007f7ce6379da0+0x30c]
J 784 C1 sun.reflect.DelegatingMethodAccessorImpl.invoke(Ljava/lang/Object;[Ljava/lang/Object;)Ljava/lang/Object; (10 bytes) @ 0x00007f7ce5390d44 [0x00007f7ce5390d00+0x44]
J 776 C1 java.lang.reflect.Method.invoke(Ljava/lang/Object;[Ljava/lang/Object;)Ljava/lang/Object; (62 bytes) @ 0x00007f7ce5387f94 [0x00007f7ce5387ea0+0xf4]
J 1815 C1 org.springsource.loaded.ri.ReflectiveInterceptor.jlrMethodInvoke(Ljava/lang/reflect/Method;Ljava/lang/Object;[Ljava/lang/Object;)Ljava/lang/Object; (2214 bytes) @ 0x00007f7ce552a09c [0x00007f7ce5528920+0x177c]
J 3549 C1 org.codehaus.groovy.reflection.CachedMethod.invoke(Ljava/lang/Object;[Ljava/lang/Object;)Ljava/lang/Object; (70 bytes) @ 0x00007f7ce58afd74 [0x00007f7ce58afd40+0x34]
J 3082 C1 groovy.lang.MetaMethod.doMethodInvoke(Ljava/lang/Object;[Ljava/lang/Object;)Ljava/lang/Object; (22 bytes) @ 0x00007f7ce57be894 [0x00007f7ce57be820+0x74]
J 3469 C1 org.codehaus.groovy.runtime.metaclass.ClosureMetaClass.invokeMethod(Ljava/lang/Class;Ljava/lang/Object;Ljava/lang/String;[Ljava/lang/Object;ZZ)Ljava/lang/Object; (892 bytes) @ 0x00007f7ce587a65c [0x00007f7ce58794a0+0x11bc]
J 3296 C1 groovy.lang.MetaClassImpl.invokeMethod(Ljava/lang/Object;Ljava/lang/String;[Ljava/lang/Object;)Ljava/lang/Object; (14 bytes) @ 0x00007f7ce582c99c [0x00007f7ce582c940+0x5c]
J 7272 C1 org.codehaus.groovy.runtime.callsite.PogoMetaClassSite.callCurrent(Lgroovy/lang/GroovyObject;[Ljava/lang/Object;)Ljava/lang/Object; (92 bytes) @ 0x00007f7ce5f1760c [0x00007f7ce5f17500+0x10c]
J 9232 C1 org.codehaus.groovy.runtime.callsite.AbstractCallSite.callCurrent(Lgroovy/lang/GroovyObject;Ljava/lang/Object;Ljava/lang/Object;Ljava/lang/Object;Ljava/lang/Object;)Ljava/lang/Object; (50 bytes) @ 0x00007f7ce6376b14 [0x00007f7ce6376860+0x2b4]
j  home_rodrigo_nuevo_foro_fiuba_grails_app_views_publicacion_verPublicacion_gsp$_run_closure2$_closure16.doCall()Ljava/lang/Object;+2698
v  ~StubRoutines::call_stub
V  [libjvm.so+0x691d16]  JavaCalls::call_helper(JavaValue*, methodHandle*, JavaCallArguments*, Thread*)+0x1056
V  [libjvm.so+0x99d637]  Reflection::invoke(instanceKlassHandle, methodHandle, Handle, bool, objArrayHandle, BasicType, objArrayHandle, bool, Thread*)+0x5d7
V  [libjvm.so+0x9a0d47]  Reflection::invoke_method(oopDesc*, Handle, objArrayHandle, Thread*)+0x147
V  [libjvm.so+0x7253cb]  JVM_InvokeMethod+0x26b
J 1980  sun.reflect.NativeMethodAccessorImpl.invoke0(Ljava/lang/reflect/Method;Ljava/lang/Object;[Ljava/lang/Object;)Ljava/lang/Object; (0 bytes) @ 0x00007f7ce557aaad [0x00007f7ce557a9c0+0xed]
J 1979 C1 sun.reflect.NativeMethodAccessorImpl.invoke(Ljava/lang/Object;[Ljava/lang/Object;)Ljava/lang/Object; (104 bytes) @ 0x00007f7ce557b154 [0x00007f7ce557ade0+0x374]
J 784 C1 sun.reflect.DelegatingMethodAccessorImpl.invoke(Ljava/lang/Object;[Ljava/lang/Object;)Ljava/lang/Object; (10 bytes) @ 0x00007f7ce5390d44 [0x00007f7ce5390d00+0x44]
J 776 C1 java.lang.reflect.Method.invoke(Ljava/lang/Object;[Ljava/lang/Object;)Ljava/lang/Object; (62 bytes) @ 0x00007f7ce5387f94 [0x00007f7ce5387ea0+0xf4]
J 1815 C1 org.springsource.loaded.ri.ReflectiveInterceptor.jlrMethodInvoke(Ljava/lang/reflect/Method;Ljava/lang/Object;[Ljava/lang/Object;)Ljava/lang/Object; (2214 bytes) @ 0x00007f7ce552a09c [0x00007f7ce5528920+0x177c]
J 3549 C1 org.codehaus.groovy.reflection.CachedMethod.invoke(Ljava/lang/Object;[Ljava/lang/Object;)Ljava/lang/Object; (70 bytes) @ 0x00007f7ce58afd74 [0x00007f7ce58afd40+0x34]
J 3082 C1 groovy.lang.MetaMethod.doMethodInvoke(Ljava/lang/Object;[Ljava/lang/Object;)Ljava/lang/Object; (22 bytes) @ 0x00007f7ce57be894 [0x00007f7ce57be820+0x74]
J 3469 C1 org.codehaus.groovy.runtime.metaclass.ClosureMetaClass.invokeMethod(Ljava/lang/Class;Ljava/lang/Object;Ljava/lang/String;[Ljava/lang/Object;ZZ)Ljava/lang/Object; (892 bytes) @ 0x00007f7ce587a694 [0x00007f7ce58794a0+0x11f4]
J 3296 C1 groovy.lang.MetaClassImpl.invokeMethod(Ljava/lang/Object;Ljava/lang/String;[Ljava/lang/Object;)Ljava/lang/Object; (14 bytes) @ 0x00007f7ce582c99c [0x00007f7ce582c940+0x5c]
J 3966 C1 groovy.lang.Closure.call([Ljava/lang/Object;)Ljava/lang/Object; (30 bytes) @ 0x00007f7ce598dbfc [0x00007f7ce598db80+0x7c]
J 9367 C1 groovy.lang.Closure.call()Ljava/lang/Object; (10 bytes) @ 0x00007f7ce63ca24c [0x00007f7ce63ca200+0x4c]
j  org.grails.taglib.TagBodyClosure.executeClosure(Ljava/lang/Object;)Ljava/lang/Object;+27
j  org.grails.taglib.TagBodyClosure.captureClosureOutput(Ljava/lang/Object;Z)Ljava/lang/Object;+81
j  org.grails.taglib.TagBodyClosure.call()Ljava/lang/Object;+3
j  java_util_concurrent_Callable$call.call(Ljava/lang/Object;)Ljava/lang/Object;+12
j  org.grails.plugins.web.taglib.FormTagLib$_closure9.doCall(Ljava/lang/Object;Ljava/lang/Object;)Ljava/lang/Object;+1206
v  ~StubRoutines::call_stub
V  [libjvm.so+0x691d16]  JavaCalls::call_helper(JavaValue*, methodHandle*, JavaCallArguments*, Thread*)+0x1056
V  [libjvm.so+0x99d637]  Reflection::invoke(instanceKlassHandle, methodHandle, Handle, bool, objArrayHandle, BasicType, objArrayHandle, bool, Thread*)+0x5d7
V  [libjvm.so+0x9a0d47]  Reflection::invoke_method(oopDesc*, Handle, objArrayHandle, Thread*)+0x147
V  [libjvm.so+0x7253cb]  JVM_InvokeMethod+0x26b
J 1980  sun.reflect.NativeMethodAccessorImpl.invoke0(Ljava/lang/reflect/Method;Ljava/lang/Object;[Ljava/lang/Object;)Ljava/lang/Object; (0 bytes) @ 0x00007f7ce557aaad [0x00007f7ce557a9c0+0xed]
J 1979 C1 sun.reflect.NativeMethodAccessorImpl.invoke(Ljava/lang/Object;[Ljava/lang/Object;)Ljava/lang/Object; (104 bytes) @ 0x00007f7ce557b154 [0x00007f7ce557ade0+0x374]
J 784 C1 sun.reflect.DelegatingMethodAccessorImpl.invoke(Ljava/lang/Object;[Ljava/lang/Object;)Ljava/lang/Object; (10 bytes) @ 0x00007f7ce5390d44 [0x00007f7ce5390d00+0x44]
J 776 C1 java.lang.reflect.Method.invoke(Ljava/lang/Object;[Ljava/lang/Object;)Ljava/lang/Object; (62 bytes) @ 0x00007f7ce5387f94 [0x00007f7ce5387ea0+0xf4]
J 1815 C1 org.springsource.loaded.ri.ReflectiveInterceptor.jlrMethodInvoke(Ljava/lang/reflect/Method;Ljava/lang/Object;[Ljava/lang/Object;)Ljava/lang/Object; (2214 bytes) @ 0x00007f7ce552a09c [0x00007f7ce5528920+0x177c]
J 3549 C1 org.codehaus.groovy.reflection.CachedMethod.invoke(Ljava/lang/Object;[Ljava/lang/Object;)Ljava/lang/Object; (70 bytes) @ 0x00007f7ce58afd74 [0x00007f7ce58afd40+0x34]
J 3082 C1 groovy.lang.MetaMethod.doMethodInvoke(Ljava/lang/Object;[Ljava/lang/Object;)Ljava/lang/Object; (22 bytes) @ 0x00007f7ce57be894 [0x00007f7ce57be820+0x74]
J 3469 C1 org.codehaus.groovy.runtime.metaclass.ClosureMetaClass.invokeMethod(Ljava/lang/Class;Ljava/lang/Object;Ljava/lang/String;[Ljava/lang/Object;ZZ)Ljava/lang/Object; (892 bytes) @ 0x00007f7ce587a694 [0x00007f7ce58794a0+0x11f4]
J 3296 C1 groovy.lang.MetaClassImpl.invokeMethod(Ljava/lang/Object;Ljava/lang/String;[Ljava/lang/Object;)Ljava/lang/Object; (14 bytes) @ 0x00007f7ce582c99c [0x00007f7ce582c940+0x5c]
J 3966 C1 groovy.lang.Closure.call([Ljava/lang/Object;)Ljava/lang/Object; (30 bytes) @ 0x00007f7ce598dbfc [0x00007f7ce598db80+0x7c]
j  org.grails.gsp.GroovyPage.invokeTagLibClosure(Ljava/lang/String;Ljava/lang/String;Lgroovy/lang/Closure;Ljava/util/Map;Lgroovy/lang/Closure;ZLjava/util/Map;)V+193
J 9330 C1 org.grails.gsp.GroovyPage.invokeTag(Ljava/lang/String;Ljava/lang/String;ILjava/util/Map;I)V (791 bytes) @ 0x00007f7ce63ab054 [0x00007f7ce63aa640+0xa14]
j  sun.reflect.GeneratedMethodAccessor175.invoke(Ljava/lang/Object;[Ljava/lang/Object;)Ljava/lang/Object;+220
J 784 C1 sun.reflect.DelegatingMethodAccessorImpl.invoke(Ljava/lang/Object;[Ljava/lang/Object;)Ljava/lang/Object; (10 bytes) @ 0x00007f7ce5390d44 [0x00007f7ce5390d00+0x44]
J 776 C1 java.lang.reflect.Method.invoke(Ljava/lang/Object;[Ljava/lang/Object;)Ljava/lang/Object; (62 bytes) @ 0x00007f7ce5387f94 [0x00007f7ce5387ea0+0xf4]
J 1815 C1 org.springsource.loaded.ri.ReflectiveInterceptor.jlrMethodInvoke(Ljava/lang/reflect/Method;Ljava/lang/Object;[Ljava/lang/Object;)Ljava/lang/Object; (2214 bytes) @ 0x00007f7ce552a09c [0x00007f7ce5528920+0x177c]
J 3549 C1 org.codehaus.groovy.reflection.CachedMethod.invoke(Ljava/lang/Object;[Ljava/lang/Object;)Ljava/lang/Object; (70 bytes) @ 0x00007f7ce58afd74 [0x00007f7ce58afd40+0x34]
J 3082 C1 groovy.lang.MetaMethod.doMethodInvoke(Ljava/lang/Object;[Ljava/lang/Object;)Ljava/lang/Object; (22 bytes) @ 0x00007f7ce57be894 [0x00007f7ce57be820+0x74]
J 3469 C1 org.codehaus.groovy.runtime.metaclass.ClosureMetaClass.invokeMethod(Ljava/lang/Class;Ljava/lang/Object;Ljava/lang/String;[Ljava/lang/Object;ZZ)Ljava/lang/Object; (892 bytes) @ 0x00007f7ce587a65c [0x00007f7ce58794a0+0x11bc]
J 3296 C1 groovy.lang.MetaClassImpl.invokeMethod(Ljava/lang/Object;Ljava/lang/String;[Ljava/lang/Object;)Ljava/lang/Object; (14 bytes) @ 0x00007f7ce582c99c [0x00007f7ce582c940+0x5c]
J 7272 C1 org.codehaus.groovy.runtime.callsite.PogoMetaClassSite.callCurrent(Lgroovy/lang/GroovyObject;[Ljava/lang/Object;)Ljava/lang/Object; (92 bytes) @ 0x00007f7ce5f1760c [0x00007f7ce5f17500+0x10c]
j  home_rodrigo_nuevo_foro_fiuba_grails_app_views_publicacion_verPublicacion_gsp$_run_closure2.doCall()Ljava/lang/Object;+708
v  ~StubRoutines::call_stub
V  [libjvm.so+0x691d16]  JavaCalls::call_helper(JavaValue*, methodHandle*, JavaCallArguments*, Thread*)+0x1056
V  [libjvm.so+0x99d637]  Reflection::invoke(instanceKlassHandle, methodHandle, Handle, bool, objArrayHandle, BasicType, objArrayHandle, bool, Thread*)+0x5d7
...<more frames>...


---------------  P R O C E S S  ---------------

Java Threads: ( => current thread )
  0x00007f7cf4015800 JavaThread "DestroyJavaVM" [_thread_blocked, id=19386, stack(0x00007f7cfb67e000,0x00007f7cfb77f000)]
  0x00007f7cf5a58800 JavaThread "Thread-6" daemon [_thread_blocked, id=19483, stack(0x00007f7ca7bfc000,0x00007f7ca7cfd000)]
  0x00007f7cf5a58000 JavaThread "Thread-8" [_thread_blocked, id=19482, stack(0x00007f7ca7cfd000,0x00007f7ca7dfe000)]
  0x00007f7cf5a50000 JavaThread "Thread-7" daemon [_thread_in_native, id=19478, stack(0x00007f7ca7dfe000,0x00007f7ca7eff000)]
  0x00007f7cf5a36000 JavaThread "http-nio-8080-AsyncTimeout" daemon [_thread_blocked, id=19477, stack(0x00007f7ca7eff000,0x00007f7ca8000000)]
  0x00007f7cf5a34800 JavaThread "http-nio-8080-Acceptor-0" daemon [_thread_in_native, id=19476, stack(0x00007f7cb003d000,0x00007f7cb013e000)]
  0x00007f7cf5a31800 JavaThread "http-nio-8080-ClientPoller-1" daemon [_thread_in_native, id=19475, stack(0x00007f7cb013e000,0x00007f7cb023f000)]
  0x00007f7cf5a17800 JavaThread "http-nio-8080-ClientPoller-0" daemon [_thread_in_native, id=19474, stack(0x00007f7cb023f000,0x00007f7cb0340000)]
  0x00007f7cf59fb800 JavaThread "http-nio-8080-exec-10" daemon [_thread_blocked, id=19473, stack(0x00007f7cb0340000,0x00007f7cb0441000)]
  0x00007f7cf59f9800 JavaThread "http-nio-8080-exec-9" daemon [_thread_blocked, id=19472, stack(0x00007f7cb0441000,0x00007f7cb0542000)]
  0x00007f7cf54d6800 JavaThread "http-nio-8080-exec-8" daemon [_thread_blocked, id=19471, stack(0x00007f7cb0542000,0x00007f7cb0643000)]
  0x00007f7cf54d4800 JavaThread "http-nio-8080-exec-7" daemon [_thread_blocked, id=19470, stack(0x00007f7cb0643000,0x00007f7cb0744000)]
  0x00007f7cf54d2800 JavaThread "http-nio-8080-exec-6" daemon [_thread_blocked, id=19469, stack(0x00007f7cb0744000,0x00007f7cb0845000)]
  0x00007f7cf54d0800 JavaThread "http-nio-8080-exec-5" daemon [_thread_blocked, id=19468, stack(0x00007f7cb0845000,0x00007f7cb0946000)]
  0x00007f7cf54ce800 JavaThread "http-nio-8080-exec-4" daemon [_thread_blocked, id=19467, stack(0x00007f7cb0946000,0x00007f7cb0a47000)]
=>0x00007f7cf54cc800 JavaThread "http-nio-8080-exec-3" daemon [_thread_in_Java, id=19466, stack(0x00007f7cb0a47000,0x00007f7cb0b48000)]
  0x00007f7cf54ca800 JavaThread "http-nio-8080-exec-2" daemon [_thread_blocked, id=19465, stack(0x00007f7cb0b48000,0x00007f7cb0c49000)]
  0x00007f7cf54c8800 JavaThread "http-nio-8080-exec-1" daemon [_thread_blocked, id=19464, stack(0x00007f7cb0c49000,0x00007f7cb0d4a000)]
  0x00007f7cf54c6000 JavaThread "NioBlockingSelector.BlockPoller-1" daemon [_thread_in_native, id=19463, stack(0x00007f7cb0d4a000,0x00007f7cb0e4b000)]
  0x00007f7cf5880000 JavaThread "container-0" [_thread_blocked, id=19459, stack(0x00007f7cb144b000,0x00007f7cb154c000)]
  0x00007f7cf587e000 JavaThread "ContainerBackgroundProcessor[StandardEngine[Tomcat]]" daemon [_thread_blocked, id=19458, stack(0x00007f7cb154c000,0x00007f7cb164d000)]
  0x00007f7cf5234800 JavaThread "Tomcat JDBC Pool Cleaner[414493378:1518491490844]" daemon [_thread_blocked, id=19454, stack(0x00007f7cb3cf6000,0x00007f7cb3df7000)]
  0x00007f7cf47d2000 JavaThread "FileSystemWatcher: files=#77 cl=sun.misc.Launcher$AppClassLoader@18b4aac2" daemon [_thread_blocked, id=19403, stack(0x00007f7ce0d81000,0x00007f7ce0e82000)]
  0x00007f7cf4732000 JavaThread "Service Thread" daemon [_thread_blocked, id=19401, stack(0x00007f7ce0f96000,0x00007f7ce1097000)]
  0x00007f7cf4721800 JavaThread "C1 CompilerThread2" daemon [_thread_blocked, id=19400, stack(0x00007f7ce1097000,0x00007f7ce1198000)]
  0x00007f7cf471f000 JavaThread "C2 CompilerThread1" daemon [_thread_blocked, id=19399, stack(0x00007f7ce1198000,0x00007f7ce1299000)]
  0x00007f7cf4729800 JavaThread "C2 CompilerThread0" daemon [_thread_blocked, id=19398, stack(0x00007f7ce1299000,0x00007f7ce139a000)]
  0x00007f7cf4145800 JavaThread "Signal Dispatcher" daemon [_thread_blocked, id=19397, stack(0x00007f7ce174b000,0x00007f7ce184c000)]
  0x00007f7cf4112800 JavaThread "Finalizer" daemon [_thread_blocked, id=19396, stack(0x00007f7ce1d99000,0x00007f7ce1e9a000)]
  0x00007f7cf410e000 JavaThread "Reference Handler" daemon [_thread_blocked, id=19395, stack(0x00007f7ce1e9a000,0x00007f7ce1f9b000)]

Other Threads:
  0x00007f7cf4106000 VMThread [stack: 0x00007f7ce1f9b000,0x00007f7ce209c000] [id=19394]
  0x00007f7cf4735000 WatcherThread [stack: 0x00007f7ce0e95000,0x00007f7ce0f96000] [id=19402]

VM state:not at safepoint (normal execution)

VM Mutex/Monitor currently owned by a thread: None

Heap:
 PSYoungGen      total 204288K, used 152162K [0x00000000f0000000, 0x0000000100000000, 0x0000000100000000)
  eden space 161792K, 67% used [0x00000000f0000000,0x00000000f6b1e2f8,0x00000000f9e00000)
  from space 42496K, 99% used [0x00000000fd680000,0x00000000ffffa750,0x0000000100000000)
  to   space 50176K, 0% used [0x00000000f9e00000,0x00000000f9e00000,0x00000000fcf00000)
 ParOldGen       total 524288K, used 93238K [0x00000000d0000000, 0x00000000f0000000, 0x00000000f0000000)
  object space 524288K, 17% used [0x00000000d0000000,0x00000000d5b0da78,0x00000000f0000000)
 Metaspace       used 72517K, capacity 75934K, committed 76072K, reserved 1116160K
  class space    used 9067K, capacity 10184K, committed 10288K, reserved 1048576K

Card table byte_map: [0x00007f7cf809b000,0x00007f7cf821c000] byte_map_base: 0x00007f7cf7a1b000

Marking Bits: (ParMarkBitMap*) 0x00007f7cfab51f60
 Begin Bits: [0x00007f7ce34fe000, 0x00007f7ce40fe000)
 End Bits:   [0x00007f7ce40fe000, 0x00007f7ce4cfe000)

Polling page: 0x00007f7cfb7a2000

CodeCache: size=245760Kb used=20264Kb max_used=20264Kb free=225496Kb
 bounds [0x00007f7ce5000000, 0x00007f7ce63d0000, 0x00007f7cf4000000]
 total_blobs=10002 nmethods=9209 adapters=706
 compilation: enabled

Compilation events (10 events):
Event: 384,939 Thread 0x00007f7cf4721800 nmethod 9366 0x00007f7ce63ca710 code [0x00007f7ce63ca860, 0x00007f7ce63ca9b0]
Event: 384,941 Thread 0x00007f7cf4721800 9369       1       org.grails.plugins.web.taglib.FormTagLib::getMetaClass (23 bytes)
Event: 384,941 Thread 0x00007f7cf4721800 nmethod 9369 0x00007f7ce63caa10 code [0x00007f7ce63cab80, 0x00007f7ce63cace8]
Event: 384,945 Thread 0x00007f7cf4721800 9370       1       org.grails.commons.DefaultGrailsCodecClass$StateAwareEncoderWrapper::lookupEncodingState (19 bytes)
Event: 384,947 Thread 0x00007f7cf4721800 nmethod 9370 0x00007f7ce63cad90 code [0x00007f7ce63caf40, 0x00007f7ce63cb3c8]
Event: 384,947 Thread 0x00007f7cf4721800 9371       1       org.grails.encoder.EncodingStateRegistryLookupHolder::getEncodingStateRegistryLookup (10 bytes)
Event: 384,947 Thread 0x00007f7cf4721800 nmethod 9371 0x00007f7ce63cb750 code [0x00007f7ce63cb8c0, 0x00007f7ce63cba28]
Event: 384,947 Thread 0x00007f7cf4721800 9372       1       org.grails.buffer.FastStringWriter::getBuffer (5 bytes)
Event: 384,947 Thread 0x00007f7cf4721800 nmethod 9372 0x00007f7ce63cbb10 code [0x00007f7ce63cbc60, 0x00007f7ce63cbd70]
Event: 384,947 Thread 0x00007f7cf4721800 9373       1       org.grails.taglib.encoder.OutputEncodingStack$2::activateDestination (51 bytes)

GC Heap History (10 events):
Event: 29,309 GC heap before
{Heap before GC invocations=25 (full 3):
 PSYoungGen      total 228352K, used 215069K [0x00000000f0000000, 0x0000000100000000, 0x0000000100000000)
  eden space 196608K, 100% used [0x00000000f0000000,0x00000000fc000000,0x00000000fc000000)
  from space 31744K, 58% used [0x00000000fc000000,0x00000000fd2075a0,0x00000000fdf00000)
  to   space 31744K, 0% used [0x00000000fe100000,0x00000000fe100000,0x0000000100000000)
 ParOldGen       total 524288K, used 88984K [0x00000000d0000000, 0x00000000f0000000, 0x00000000f0000000)
  object space 524288K, 16% used [0x00000000d0000000,0x00000000d56e61e0,0x00000000f0000000)
 Metaspace       used 65739K, capacity 67192K, committed 67496K, reserved 1107968K
  class space    used 7992K, capacity 8329K, committed 8368K, reserved 1048576K
Event: 29,341 GC heap after
Heap after GC invocations=25 (full 3):
 PSYoungGen      total 228352K, used 22385K [0x00000000f0000000, 0x0000000100000000, 0x0000000100000000)
  eden space 196608K, 0% used [0x00000000f0000000,0x00000000f0000000,0x00000000fc000000)
  from space 31744K, 70% used [0x00000000fe100000,0x00000000ff6dc7f8,0x0000000100000000)
  to   space 32768K, 0% used [0x00000000fc000000,0x00000000fc000000,0x00000000fe000000)
 ParOldGen       total 524288K, used 88984K [0x00000000d0000000, 0x00000000f0000000, 0x00000000f0000000)
  object space 524288K, 16% used [0x00000000d0000000,0x00000000d56e61e0,0x00000000f0000000)
 Metaspace       used 65739K, capacity 67192K, committed 67496K, reserved 1107968K
  class space    used 7992K, capacity 8329K, committed 8368K, reserved 1048576K
}
Event: 31,058 GC heap before
{Heap before GC invocations=26 (full 3):
 PSYoungGen      total 228352K, used 218993K [0x00000000f0000000, 0x0000000100000000, 0x0000000100000000)
  eden space 196608K, 100% used [0x00000000f0000000,0x00000000fc000000,0x00000000fc000000)
  from space 31744K, 70% used [0x00000000fe100000,0x00000000ff6dc7f8,0x0000000100000000)
  to   space 32768K, 0% used [0x00000000fc000000,0x00000000fc000000,0x00000000fe000000)
 ParOldGen       total 524288K, used 88984K [0x00000000d0000000, 0x00000000f0000000, 0x00000000f0000000)
  object space 524288K, 16% used [0x00000000d0000000,0x00000000d56e61e0,0x00000000f0000000)
 Metaspace       used 67478K, capacity 69452K, committed 69672K, reserved 1110016K
  class space    used 8347K, capacity 9003K, committed 9008K, reserved 1048576K
Event: 31,097 GC heap after
Heap after GC invocations=26 (full 3):
 PSYoungGen      total 223744K, used 26792K [0x00000000f0000000, 0x0000000100000000, 0x0000000100000000)
  eden space 196608K, 0% used [0x00000000f0000000,0x00000000f0000000,0x00000000fc000000)
  from space 27136K, 98% used [0x00000000fc000000,0x00000000fda2a270,0x00000000fda80000)
  to   space 35328K, 0% used [0x00000000fdd80000,0x00000000fdd80000,0x0000000100000000)
 ParOldGen       total 524288K, used 88992K [0x00000000d0000000, 0x00000000f0000000, 0x00000000f0000000)
  object space 524288K, 16% used [0x00000000d0000000,0x00000000d56e81e0,0x00000000f0000000)
 Metaspace       used 67478K, capacity 69452K, committed 69672K, reserved 1110016K
  class space    used 8347K, capacity 9003K, committed 9008K, reserved 1048576K
}
Event: 35,566 GC heap before
{Heap before GC invocations=27 (full 3):
 PSYoungGen      total 223744K, used 223400K [0x00000000f0000000, 0x0000000100000000, 0x0000000100000000)
  eden space 196608K, 100% used [0x00000000f0000000,0x00000000fc000000,0x00000000fc000000)
  from space 27136K, 98% used [0x00000000fc000000,0x00000000fda2a270,0x00000000fda80000)
  to   space 35328K, 0% used [0x00000000fdd80000,0x00000000fdd80000,0x0000000100000000)
 ParOldGen       total 524288K, used 88992K [0x00000000d0000000, 0x00000000f0000000, 0x00000000f0000000)
  object space 524288K, 16% used [0x00000000d0000000,0x00000000d56e81e0,0x00000000f0000000)
 Metaspace       used 68492K, capacity 70984K, committed 71336K, reserved 1112064K
  class space    used 8515K, capacity 9281K, committed 9392K, reserved 1048576K
Event: 35,602 GC heap after
Heap after GC invocations=27 (full 3):
 PSYoungGen      total 219648K, used 29892K [0x00000000f0000000, 0x0000000100000000, 0x0000000100000000)
  eden space 184320K, 0% used [0x00000000f0000000,0x00000000f0000000,0x00000000fb400000)
  from space 35328K, 84% used [0x00000000fdd80000,0x00000000ffab1200,0x0000000100000000)
  to   space 38912K, 0% used [0x00000000fb400000,0x00000000fb400000,0x00000000fda00000)
 ParOldGen       total 524288K, used 88992K [0x00000000d0000000, 0x00000000f0000000, 0x00000000f0000000)
  object space 524288K, 16% used [0x00000000d0000000,0x00000000d56e81e0,0x00000000f0000000)
 Metaspace       used 68492K, capacity 70984K, committed 71336K, reserved 1112064K
  class space    used 8515K, capacity 9281K, committed 9392K, reserved 1048576K
}
Event: 38,469 GC heap before
{Heap before GC invocations=28 (full 3):
 PSYoungGen      total 219648K, used 214212K [0x00000000f0000000, 0x0000000100000000, 0x0000000100000000)
  eden space 184320K, 100% used [0x00000000f0000000,0x00000000fb400000,0x00000000fb400000)
  from space 35328K, 84% used [0x00000000fdd80000,0x00000000ffab1200,0x0000000100000000)
  to   space 38912K, 0% used [0x00000000fb400000,0x00000000fb400000,0x00000000fda00000)
 ParOldGen       total 524288K, used 88992K [0x00000000d0000000, 0x00000000f0000000, 0x00000000f0000000)
  object space 524288K, 16% used [0x00000000d0000000,0x00000000d56e81e0,0x00000000f0000000)
 Metaspace       used 69694K, capacity 72608K, committed 72744K, reserved 1112064K
  class space    used 8772K, capacity 9774K, committed 9776K, reserved 1048576K
Event: 38,527 GC heap after
Heap after GC invocations=28 (full 3):
 PSYoungGen      total 218112K, used 33724K [0x00000000f0000000, 0x0000000100000000, 0x0000000100000000)
  eden space 184320K, 0% used [0x00000000f0000000,0x00000000f0000000,0x00000000fb400000)
  from space 33792K, 99% used [0x00000000fb400000,0x00000000fd4ef228,0x00000000fd500000)
  to   space 42496K, 0% used [0x00000000fd680000,0x00000000fd680000,0x0000000100000000)
 ParOldGen       total 524288K, used 89000K [0x00000000d0000000, 0x00000000f0000000, 0x00000000f0000000)
  object space 524288K, 16% used [0x00000000d0000000,0x00000000d56ea1e0,0x00000000f0000000)
 Metaspace       used 69694K, capacity 72608K, committed 72744K, reserved 1112064K
  class space    used 8772K, capacity 9774K, committed 9776K, reserved 1048576K
}
Event: 342,224 GC heap before
{Heap before GC invocations=29 (full 3):
 PSYoungGen      total 218112K, used 218044K [0x00000000f0000000, 0x0000000100000000, 0x0000000100000000)
  eden space 184320K, 100% used [0x00000000f0000000,0x00000000fb400000,0x00000000fb400000)
  from space 33792K, 99% used [0x00000000fb400000,0x00000000fd4ef228,0x00000000fd500000)
  to   space 42496K, 0% used [0x00000000fd680000,0x00000000fd680000,0x0000000100000000)
 ParOldGen       total 524288K, used 89000K [0x00000000d0000000, 0x00000000f0000000, 0x00000000f0000000)
  object space 524288K, 16% used [0x00000000d0000000,0x00000000d56ea1e0,0x00000000f0000000)
 Metaspace       used 71668K, capacity 74840K, committed 75048K, reserved 1114112K
  class space    used 8987K, capacity 10032K, committed 10032K, reserved 1048576K
Event: 342,346 GC heap after
Heap after GC invocations=29 (full 3):
 PSYoungGen      total 204288K, used 42473K [0x00000000f0000000, 0x0000000100000000, 0x0000000100000000)
  eden space 161792K, 0% used [0x00000000f0000000,0x00000000f0000000,0x00000000f9e00000)
  from space 42496K, 99% used [0x00000000fd680000,0x00000000ffffa750,0x0000000100000000)
  to   space 50176K, 0% used [0x00000000f9e00000,0x00000000f9e00000,0x00000000fcf00000)
 ParOldGen       total 524288K, used 93238K [0x00000000d0000000, 0x00000000f0000000, 0x00000000f0000000)
  object space 524288K, 17% used [0x00000000d0000000,0x00000000d5b0da78,0x00000000f0000000)
 Metaspace       used 71668K, capacity 74840K, committed 75048K, reserved 1114112K
  class space    used 8987K, capacity 10032K, committed 10032K, reserved 1048576K
}

Deoptimization events (0 events):
No events

Internal exceptions (10 events):
Event: 375,261 Thread 0x00007f7cf54ce800 Exception <a 'java/lang/ArrayIndexOutOfBoundsException'> (0x00000000f3b5c2f8) thrown at [/HUDSON/workspace/8-2-build-linux-amd64/jdk8u131/8869/hotspot/src/share/vm/runtime/sharedRuntime.cpp, line 605]
Event: 375,261 Thread 0x00007f7cf54ce800 Exception <a 'java/lang/ArrayIndexOutOfBoundsException'> (0x00000000f3b607e0) thrown at [/HUDSON/workspace/8-2-build-linux-amd64/jdk8u131/8869/hotspot/src/share/vm/runtime/sharedRuntime.cpp, line 605]
Event: 375,261 Thread 0x00007f7cf54ce800 Exception <a 'java/lang/ArrayIndexOutOfBoundsException'> (0x00000000f3b621b0) thrown at [/HUDSON/workspace/8-2-build-linux-amd64/jdk8u131/8869/hotspot/src/share/vm/runtime/sharedRuntime.cpp, line 605]
Event: 375,261 Thread 0x00007f7cf54ce800 Exception <a 'java/lang/ArrayIndexOutOfBoundsException'> (0x00000000f3b65de0) thrown at [/HUDSON/workspace/8-2-build-linux-amd64/jdk8u131/8869/hotspot/src/share/vm/runtime/sharedRuntime.cpp, line 605]
Event: 375,261 Thread 0x00007f7cf54ce800 Exception <a 'java/lang/ArrayIndexOutOfBoundsException'> (0x00000000f3b6a0a0) thrown at [/HUDSON/workspace/8-2-build-linux-amd64/jdk8u131/8869/hotspot/src/share/vm/runtime/sharedRuntime.cpp, line 605]
Event: 375,261 Thread 0x00007f7cf54ce800 Exception <a 'java/lang/ArrayIndexOutOfBoundsException'> (0x00000000f3b6bd10) thrown at [/HUDSON/workspace/8-2-build-linux-amd64/jdk8u131/8869/hotspot/src/share/vm/runtime/sharedRuntime.cpp, line 605]
Event: 383,541 Thread 0x00007f7cf54d2800 Exception <a 'java/lang/ClassCastException'> (0x00000000f5bac098) thrown at [/HUDSON/workspace/8-2-build-linux-amd64/jdk8u131/8869/hotspot/src/share/vm/runtime/sharedRuntime.cpp, line 605]
Event: 383,541 Thread 0x00007f7cf54d2800 Exception <a 'java/lang/ClassCastException'> (0x00000000f5bacdb8) thrown at [/HUDSON/workspace/8-2-build-linux-amd64/jdk8u131/8869/hotspot/src/share/vm/runtime/sharedRuntime.cpp, line 605]
Event: 383,546 Thread 0x00007f7cf54d2800 Exception <a 'java/lang/ClassCastException'> (0x00000000f5bcc4d8) thrown at [/HUDSON/workspace/8-2-build-linux-amd64/jdk8u131/8869/hotspot/src/share/vm/runtime/sharedRuntime.cpp, line 605]
Event: 383,546 Thread 0x00007f7cf54d2800 Exception <a 'java/lang/ClassCastException'> (0x00000000f5bcd1e8) thrown at [/HUDSON/workspace/8-2-build-linux-amd64/jdk8u131/8869/hotspot/src/share/vm/runtime/sharedRuntime.cpp, line 605]

Events (10 events):
Event: 383,526 Executing VM operation: RevokeBias
Event: 383,527 Executing VM operation: RevokeBias done
Event: 383,536 Executing VM operation: RevokeBias
Event: 383,536 Executing VM operation: RevokeBias done
Event: 383,536 Executing VM operation: RevokeBias
Event: 383,537 Executing VM operation: RevokeBias done
Event: 383,598 Executing VM operation: RevokeBias
Event: 383,598 Executing VM operation: RevokeBias done
Event: 383,598 Executing VM operation: RevokeBias
Event: 383,598 Executing VM operation: RevokeBias done


Dynamic libraries:
00400000-00401000 r-xp 00000000 08:07 4472449                            /usr/lib/jvm/java-8-oracle/bin/java
00600000-00601000 rw-p 00000000 08:07 4472449                            /usr/lib/jvm/java-8-oracle/bin/java
023e4000-0244c000 rw-p 00000000 00:00 0                                  [heap]
d0000000-100a0c000 rw-p 00000000 00:00 0 
100a0c000-140000000 ---p 00000000 00:00 0 
7f7ca0000000-7f7ca0021000 rw-p 00000000 00:00 0 
7f7ca0021000-7f7ca4000000 ---p 00000000 00:00 0 
7f7ca71fc000-7f7ca723c000 rw-p 00000000 00:00 0 
7f7ca723c000-7f7ca73fc000 ---p 00000000 00:00 0 
7f7ca73fc000-7f7ca75fc000 rw-p 00000000 00:00 0 
7f7ca75fc000-7f7ca77fc000 rw-p 00000000 00:00 0 
7f7ca77fc000-7f7ca79fc000 rw-p 00000000 00:00 0 
7f7ca79fc000-7f7ca7bfc000 rw-p 00000000 00:00 0 
7f7ca7bfc000-7f7ca7bff000 ---p 00000000 00:00 0 
7f7ca7bff000-7f7ca7cfd000 rw-p 00000000 00:00 0 
7f7ca7cfd000-7f7ca7d00000 ---p 00000000 00:00 0 
7f7ca7d00000-7f7ca7dfe000 rw-p 00000000 00:00 0 
7f7ca7dfe000-7f7ca7e01000 ---p 00000000 00:00 0 
7f7ca7e01000-7f7ca7eff000 rw-p 00000000 00:00 0 
7f7ca7eff000-7f7ca7f02000 ---p 00000000 00:00 0 
7f7ca7f02000-7f7ca8000000 rw-p 00000000 00:00 0 
7f7ca8000000-7f7ca81d6000 rw-p 00000000 00:00 0 
7f7ca81d6000-7f7cac000000 ---p 00000000 00:00 0 
7f7cac000000-7f7cac291000 rw-p 00000000 00:00 0 
7f7cac291000-7f7cb0000000 ---p 00000000 00:00 0 
7f7cb003d000-7f7cb0040000 ---p 00000000 00:00 0 
7f7cb0040000-7f7cb013e000 rw-p 00000000 00:00 0 
7f7cb013e000-7f7cb0141000 ---p 00000000 00:00 0 
7f7cb0141000-7f7cb023f000 rw-p 00000000 00:00 0 
7f7cb023f000-7f7cb0242000 ---p 00000000 00:00 0 
7f7cb0242000-7f7cb0340000 rw-p 00000000 00:00 0 
7f7cb0340000-7f7cb0343000 ---p 00000000 00:00 0 
7f7cb0343000-7f7cb0441000 rw-p 00000000 00:00 0 
7f7cb0441000-7f7cb0444000 ---p 00000000 00:00 0 
7f7cb0444000-7f7cb0542000 rw-p 00000000 00:00 0 
7f7cb0542000-7f7cb0545000 ---p 00000000 00:00 0 
7f7cb0545000-7f7cb0643000 rw-p 00000000 00:00 0 
7f7cb0643000-7f7cb0646000 ---p 00000000 00:00 0 
7f7cb0646000-7f7cb0744000 rw-p 00000000 00:00 0 
7f7cb0744000-7f7cb0747000 ---p 00000000 00:00 0 
7f7cb0747000-7f7cb0845000 rw-p 00000000 00:00 0 
7f7cb0845000-7f7cb0848000 ---p 00000000 00:00 0 
7f7cb0848000-7f7cb0946000 rw-p 00000000 00:00 0 
7f7cb0946000-7f7cb0949000 ---p 00000000 00:00 0 
7f7cb0949000-7f7cb0a47000 rw-p 00000000 00:00 0 
7f7cb0a47000-7f7cb0a4a000 ---p 00000000 00:00 0 
7f7cb0a4a000-7f7cb0b48000 rw-p 00000000 00:00 0 
7f7cb0b48000-7f7cb0b4b000 ---p 00000000 00:00 0 
7f7cb0b4b000-7f7cb0c49000 rw-p 00000000 00:00 0 
7f7cb0c49000-7f7cb0c4c000 ---p 00000000 00:00 0 
7f7cb0c4c000-7f7cb0d4a000 rw-p 00000000 00:00 0 
7f7cb0d4a000-7f7cb0d4d000 ---p 00000000 00:00 0 
7f7cb0d4d000-7f7cb104b000 rw-p 00000000 00:00 0 
7f7cb104b000-7f7cb124b000 rw-p 00000000 00:00 0 
7f7cb124b000-7f7cb144b000 rw-p 00000000 00:00 0 
7f7cb144b000-7f7cb144e000 ---p 00000000 00:00 0 
7f7cb144e000-7f7cb154c000 rw-p 00000000 00:00 0 
7f7cb154c000-7f7cb154f000 ---p 00000000 00:00 0 
7f7cb154f000-7f7cb164d000 rw-p 00000000 00:00 0 
7f7cb164d000-7f7cb1650000 ---p 00000000 00:00 0 
7f7cb1650000-7f7cb194e000 rw-p 00000000 00:00 0 
7f7cb194e000-7f7cb1b4e000 rw-p 00000000 00:00 0 
7f7cb1b4e000-7f7cb1d4e000 rw-p 00000000 00:00 0 
7f7cb1d4e000-7f7cb1f4e000 rw-p 00000000 00:00 0 
7f7cb1f4e000-7f7cb214e000 rw-p 00000000 00:00 0 
7f7cb214e000-7f7cb234e000 rw-p 00000000 00:00 0 
7f7cb234e000-7f7cb254e000 rw-p 00000000 00:00 0 
7f7cb254e000-7f7cb274e000 rw-p 00000000 00:00 0 
7f7cb274e000-7f7cb294e000 rw-p 00000000 00:00 0 
7f7cb294e000-7f7cb2b4c000 rw-p 00000000 00:00 0 
7f7cb2b4c000-7f7cb2b4e000 ---p 00000000 00:00 0 
7f7cb2b4e000-7f7cb2d4e000 rw-p 00000000 00:00 0 
7f7cb2d4e000-7f7cb2f4e000 rw-p 00000000 00:00 0 
7f7cb2f4e000-7f7cb2fe4000 r--s 0110d000 08:07 4472739                    /usr/lib/jvm/java-8-oracle/jre/lib/ext/jfxrt.jar
7f7cb2fe4000-7f7cb31e4000 rw-p 00000000 00:00 0 
7f7cb31e4000-7f7cb33e4000 rw-p 00000000 00:00 0 
7f7cb33e4000-7f7cb33f5000 r-xp 00000000 08:07 4599414                    /usr/lib/jvm/java-8-oracle/jre/lib/amd64/libnio.so
7f7cb33f5000-7f7cb35f4000 ---p 00011000 08:07 4599414                    /usr/lib/jvm/java-8-oracle/jre/lib/amd64/libnio.so
7f7cb35f4000-7f7cb35f5000 rw-p 00010000 08:07 4599414                    /usr/lib/jvm/java-8-oracle/jre/lib/amd64/libnio.so
7f7cb35f5000-7f7cb37f5000 rw-p 00000000 00:00 0 
7f7cb37f5000-7f7cb39f5000 rw-p 00000000 00:00 0 
7f7cb39f5000-7f7cb39f8000 ---p 00000000 00:00 0 
7f7cb39f8000-7f7cb3cf6000 rw-p 00000000 00:00 0 
7f7cb3cf6000-7f7cb3cf9000 ---p 00000000 00:00 0 
7f7cb3cf9000-7f7cb3df7000 rw-p 00000000 00:00 0 
7f7cb3df7000-7f7cb3e00000 r-xp 00000000 08:07 4599419                    /usr/lib/jvm/java-8-oracle/jre/lib/amd64/libmanagement.so
7f7cb3e00000-7f7cb3fff000 ---p 00009000 08:07 4599419                    /usr/lib/jvm/java-8-oracle/jre/lib/amd64/libmanagement.so
7f7cb3fff000-7f7cb4000000 rw-p 00008000 08:07 4599419                    /usr/lib/jvm/java-8-oracle/jre/lib/amd64/libmanagement.so
7f7cb4000000-7f7cb402e000 rw-p 00000000 00:00 0 
7f7cb402e000-7f7cb8000000 ---p 00000000 00:00 0 
7f7cb8000000-7f7cb80ff000 rw-p 00000000 00:00 0 
7f7cb80ff000-7f7cbc000000 ---p 00000000 00:00 0 
7f7cbc000000-7f7cbc0c2000 rw-p 00000000 00:00 0 
7f7cbc0c2000-7f7cc0000000 ---p 00000000 00:00 0 
7f7cc0000000-7f7cc1038000 rw-p 00000000 00:00 0 
7f7cc1038000-7f7cc4000000 ---p 00000000 00:00 0 
7f7cc4000000-7f7cc441d000 rw-p 00000000 00:00 0 
7f7cc441d000-7f7cc8000000 ---p 00000000 00:00 0 
7f7cc8000000-7f7cc804e000 rw-p 00000000 00:00 0 
7f7cc804e000-7f7ccc000000 ---p 00000000 00:00 0 
7f7ccc000000-7f7ccc021000 rw-p 00000000 00:00 0 
7f7ccc021000-7f7cd0000000 ---p 00000000 00:00 0 
7f7cd0000000-7f7cd0071000 rw-p 00000000 00:00 0 
7f7cd0071000-7f7cd4000000 ---p 00000000 00:00 0 
7f7cd4000000-7f7cd409e000 rw-p 00000000 00:00 0 
7f7cd409e000-7f7cd8000000 ---p 00000000 00:00 0 
7f7cd8000000-7f7cd802a000 rw-p 00000000 00:00 0 
7f7cd802a000-7f7cdc000000 ---p 00000000 00:00 0 
7f7cdc000000-7f7cdc052000 rw-p 00000000 00:00 0 
7f7cdc052000-7f7ce0000000 ---p 00000000 00:00 0 
7f7ce000d000-7f7ce0012000 r--s 002f9000 08:07 4472616                    /usr/lib/jvm/java-8-oracle/jre/lib/charsets.jar
7f7ce0012000-7f7ce0017000 r--s 0009a000 08:07 4472623                    /usr/lib/jvm/java-8-oracle/jre/lib/jsse.jar
7f7ce0017000-7f7ce0217000 rw-p 00000000 00:00 0 
7f7ce0217000-7f7ce0221000 r--s 00116000 08:07 4472745                    /usr/lib/jvm/java-8-oracle/jre/lib/ext/localedata.jar
7f7ce0221000-7f7ce023d000 r--s 00393000 08:07 4472738                    /usr/lib/jvm/java-8-oracle/jre/lib/ext/cldrdata.jar
7f7ce023d000-7f7ce043d000 rw-p 00000000 00:00 0 
7f7ce043d000-7f7ce063d000 rw-p 00000000 00:00 0 
7f7ce063d000-7f7ce083d000 rw-p 00000000 00:00 0 
7f7ce083d000-7f7ce0b3e000 rw-p 00000000 00:00 0 
7f7ce0b3e000-7f7ce0b54000 r-xp 00000000 08:07 4599411                    /usr/lib/jvm/java-8-oracle/jre/lib/amd64/libnet.so
7f7ce0b54000-7f7ce0d54000 ---p 00016000 08:07 4599411                    /usr/lib/jvm/java-8-oracle/jre/lib/amd64/libnet.so
7f7ce0d54000-7f7ce0d55000 rw-p 00016000 08:07 4599411                    /usr/lib/jvm/java-8-oracle/jre/lib/amd64/libnet.so
7f7ce0d55000-7f7ce0d5c000 r--s 00000000 08:07 4600620                    /usr/lib/x86_64-linux-gnu/gconv/gconv-modules.cache
7f7ce0d5c000-7f7ce0d81000 r--p 00000000 08:07 5115247                    /usr/share/locale-langpack/es/LC_MESSAGES/libc.mo
7f7ce0d81000-7f7ce0d84000 ---p 00000000 00:00 0 
7f7ce0d84000-7f7ce0e82000 rw-p 00000000 00:00 0 
7f7ce0e82000-7f7ce0e95000 r--s 00345000 08:07 4472622                    /usr/lib/jvm/java-8-oracle/jre/lib/resources.jar
7f7ce0e95000-7f7ce0e96000 ---p 00000000 00:00 0 
7f7ce0e96000-7f7ce0f96000 rw-p 00000000 00:00 0 
7f7ce0f96000-7f7ce0f99000 ---p 00000000 00:00 0 
7f7ce0f99000-7f7ce1097000 rw-p 00000000 00:00 0 
7f7ce1097000-7f7ce109a000 ---p 00000000 00:00 0 
7f7ce109a000-7f7ce1198000 rw-p 00000000 00:00 0 
7f7ce1198000-7f7ce119b000 ---p 00000000 00:00 0 
7f7ce119b000-7f7ce1299000 rw-p 00000000 00:00 0 
7f7ce1299000-7f7ce129c000 ---p 00000000 00:00 0 
7f7ce129c000-7f7ce139a000 rw-p 00000000 00:00 0 
7f7ce139a000-7f7ce13a1000 r--s 00065000 08:08 276443                     /home/rodrigo/.gradle/caches/modules-2/files-2.1/org.springframework/springloaded/1.2.8.RELEASE/b60bac05b0451cdc1863bfec617f39aa0dcaaa43/springloaded-1.2.8.RELEASE.jar
7f7ce13a1000-7f7ce13da000 r--s 00382000 08:08 276199                     /home/rodrigo/.gradle/caches/modules-2/files-2.1/com.google.javascript/closure-compiler-unshaded/v20160713/7df7b683e16c93f65361a15356283599ba012c78/closure-compiler-unshaded-v20160713.jar
7f7ce13da000-7f7ce13e7000 r--s 00109000 08:08 279202                     /home/rodrigo/.m2/repository/org/mozilla/rhino/1.7R4/rhino-1.7R4.jar
7f7ce13e7000-7f7ce13f4000 r--s 00083000 08:08 276268                     /home/rodrigo/.gradle/caches/modules-2/files-2.1/commons-collections/commons-collections/3.2.2/8ad72fe39fa8c91eaaf12aadb21e0c3661fe26d5/commons-collections-3.2.2.jar
7f7ce13f4000-7f7ce13fb000 r--s 0003f000 08:08 276741                     /home/rodrigo/.gradle/caches/modules-2/files-2.1/commons-codec/commons-codec/1.10/4b95f4897fa13f2cd904aee711aeafc0c5295cd8/commons-codec-1.10.jar
7f7ce13fb000-7f7ce13ff000 r--s 0000c000 08:08 279220                     /home/rodrigo/.m2/repository/javax/validation/validation-api/1.1.0.Final/validation-api-1.1.0.Final.jar
7f7ce13ff000-7f7ce1402000 r--s 00029000 08:08 276253                     /home/rodrigo/.gradle/caches/modules-2/files-2.1/commons-validator/commons-validator/1.5.1/86d05a46e8f064b300657f751b5a98c62807e2a0/commons-validator-1.5.1.jar
7f7ce1402000-7f7ce1408000 r--s 00027000 08:08 276740                     /home/rodrigo/.gradle/caches/modules-2/files-2.1/opensymphony/sitemesh/2.4/fa84c82cce30a9a632c08dd2277d63993d972cf5/sitemesh-2.4.jar
7f7ce1408000-7f7ce140a000 r--s 00007000 08:08 276739                     /home/rodrigo/.gradle/caches/modules-2/files-2.1/org.grails/grails-web-taglib/3.3.0/7605089e33d591b25afdbb342c4babe332cda23f/grails-web-taglib-3.3.0.jar
7f7ce140a000-7f7ce140d000 r--s 00015000 08:08 276738                     /home/rodrigo/.gradle/caches/modules-2/files-2.1/org.grails/grails-taglib/3.3.0/38a8e5db6edc038642399f0b01268647f50e8acf/grails-taglib-3.3.0.jar
7f7ce140d000-7f7ce1410000 r--s 0001d000 08:08 276171                     /home/rodrigo/.gradle/caches/modules-2/files-2.1/org.codehaus.groovy/groovy-json/2.4.13/57aa290a9ec85e04d8e4557a5eae5e751b3aac41/groovy-json-2.4.13.jar
7f7ce1410000-7f7ce1414000 r--s 00042000 08:08 276737                     /home/rodrigo/.gradle/caches/modules-2/files-2.1/com.fasterxml.jackson.core/jackson-core/2.8.10/eb21a035c66ad307e66ec8fce37f5d50fd62d039/jackson-core-2.8.10.jar
7f7ce1414000-7f7ce1417000 r--s 0000b000 08:08 276736                     /home/rodrigo/.gradle/caches/modules-2/files-2.1/com.fasterxml.jackson.core/jackson-annotations/2.8.0/45b426f7796b741035581a176744d91090e2e6fb/jackson-annotations-2.8.0.jar
7f7ce1417000-7f7ce1418000 r--s 00005000 08:08 276735                     /home/rodrigo/.gradle/caches/modules-2/files-2.1/org.grails/grails-codecs/3.3.2/b039f12277aa2d05c9d2092395179b305e50cade/grails-codecs-3.3.2.jar
7f7ce1418000-7f7ce1421000 r--s 0002d000 08:08 276734                     /home/rodrigo/.gradle/caches/modules-2/files-2.1/xml-apis/xml-apis/1.4.01/3789d9fada2d3d458c4ba2de349d48780f381ee3/xml-apis-1.4.01.jar
7f7ce1421000-7f7ce1423000 r--s 00008000 08:08 276198                     /home/rodrigo/.gradle/caches/modules-2/files-2.1/javax.el/javax.el-api/2.2.4/1287562cc3f0ff5439ded6f2949e73ce1c0edaab/javax.el-api-2.2.4.jar
7f7ce1423000-7f7ce1434000 r--s 000a1000 08:08 276733                     /home/rodrigo/.gradle/caches/modules-2/files-2.1/org.hibernate/hibernate-validator/5.3.5.Final/622a9bcef2eed6d41b5b8e0662c36212009e375/hibernate-validator-5.3.5.Final.jar
7f7ce1434000-7f7ce143c000 r--s 0005f000 08:08 276196                     /home/rodrigo/.gradle/caches/modules-2/files-2.1/org.grails/grails-datastore-gorm-hibernate-core/6.1.8.RELEASE/277097547e711e4ad55db70e01f830e00fb666e0/grails-datastore-gorm-hibernate-core-6.1.8.RELEASE.jar
7f7ce143c000-7f7ce144d000 r--s 000b8000 08:08 276732                     /home/rodrigo/.gradle/caches/modules-2/files-2.1/org.springframework/spring-web/4.3.12.RELEASE/86c29588cca74d0fc848b194cb13fcdfd12bc990/spring-web-4.3.12.RELEASE.jar
7f7ce144d000-7f7ce1452000 r--s 00026000 08:08 276731                     /home/rodrigo/.gradle/caches/modules-2/files-2.1/org.grails/scaffolding-core/1.1.1/c79e9bd310896f3afbba331170c54fa2ce7f9a5d/scaffolding-core-1.1.1.jar
7f7ce1452000-7f7ce1455000 r--s 00013000 08:08 276234                     /home/rodrigo/.gradle/caches/modules-2/files-2.1/org.grails/grails-datastore-gorm-validation/6.1.8.RELEASE/9e87d021bad3b88d2facc167712eca69bca735b0/grails-datastore-gorm-validation-6.1.8.RELEASE.jar
7f7ce1455000-7f7ce1457000 r--s 00014000 08:08 276730                     /home/rodrigo/.gradle/caches/modules-2/files-2.1/org.apache.tomcat.embed/tomcat-embed-logging-log4j/8.5.2/53bdd1eebc7393713261d178ac096a742423f940/tomcat-embed-logging-log4j-8.5.2.jar
7f7ce1457000-7f7ce1468000 r--s 000d0000 08:08 276194                     /home/rodrigo/.gradle/caches/modules-2/files-2.1/org.grails/grails-datastore-gorm/6.1.8.RELEASE/8c896a263aac99967517504f92e347a3aae19672/grails-datastore-gorm-6.1.8.RELEASE.jar
7f7ce1468000-7f7ce146b000 r--s 00012000 08:08 276729                     /home/rodrigo/.gradle/caches/modules-2/files-2.1/org.codehaus.groovy/groovy-sql/2.4.13/24d3e87b24a63262ce344f4c8f2c7ecf1f122798/groovy-sql-2.4.13.jar
7f7ce146b000-7f7ce1475000 r--s 0005f000 08:08 276728                     /home/rodrigo/.gradle/caches/modules-2/files-2.1/org.springframework/spring-jdbc/4.3.12.RELEASE/5c840abbdc1a1dfd0f79c4a4c25eac0c98e6af22/spring-jdbc-4.3.12.RELEASE.jar
7f7ce1475000-7f7ce1477000 r--s 00006000 08:08 276727                     /home/rodrigo/.gradle/caches/modules-2/files-2.1/org.grails/grails-plugin-domain-class/3.3.2/49c95a1dd841f045573474bff9b56a1dec241494/grails-plugin-domain-class-3.3.2.jar
7f7ce1477000-7f7ce1478000 r--s 00004000 08:08 276726                     /home/rodrigo/.gradle/caches/modules-2/files-2.1/org.grails/grails-plugin-validation/3.3.2/c4e87434287172942f7f91f3e7d4c21a9fcc669a/grails-plugin-validation-3.3.2.jar
7f7ce1478000-7f7ce147a000 r--s 00009000 08:08 276725                     /home/rodrigo/.gradle/caches/modules-2/files-2.1/org.grails/grails-plugin-mimetypes/3.3.2/5ed6653ce5d0ddb87290fe42569e8b74183d26b1/grails-plugin-mimetypes-3.3.2.jar
7f7ce147a000-7f7ce147c000 r--s 0000b000 08:08 276724                     /home/rodrigo/.gradle/caches/modules-2/files-2.1/org.grails/grails-web-sitemesh/3.3.0/93ce68536c5806bcfc2b4a65cf57971f4bd0d2ce/grails-web-sitemesh-3.3.0.jar
7f7ce147c000-7f7ce147e000 r--s 00011000 08:08 276723                     /home/rodrigo/.gradle/caches/modules-2/files-2.1/org.grails/grails-web-gsp/3.3.0/e0cd55173b03fca8b1caabde8633a4592d0e5dd3/grails-web-gsp-3.3.0.jar
7f7ce147e000-7f7ce147f000 r--s 00005000 08:08 276722                     /home/rodrigo/.gradle/caches/modules-2/files-2.1/org.grails/grails-web-mvc/3.3.2/35dff1ea5854396d705d8c4b74cbcfa860345e02/grails-web-mvc-3.3.2.jar
7f7ce147f000-7f7ce1482000 r--s 0002a000 08:08 276721                     /home/rodrigo/.gradle/caches/modules-2/files-2.1/org.grails/grails-web-url-mappings/3.3.2/99c5bf084f743274f718ab4729748a8bcffba1de/grails-web-url-mappings-3.3.2.jar
7f7ce1482000-7f7ce1485000 r--s 00014000 08:08 276720                     /home/rodrigo/.gradle/caches/modules-2/files-2.1/org.grails/grails-web-databinding/3.3.2/69ee3542868ce71af531228cb772a0e49dd75ea1/grails-web-databinding-3.3.2.jar
7f7ce1485000-7f7ce148a000 r--s 00029000 08:08 276719                     /home/rodrigo/.gradle/caches/modules-2/files-2.1/org.springframework/spring-context-support/4.3.12.RELEASE/6f3a71b93b69f38ac545b6043fab7e474addee15/spring-context-support-4.3.12.RELEASE.jar
7f7ce148a000-7f7ce149b000 r--s 000cf000 08:08 276718                     /home/rodrigo/.gradle/caches/modules-2/files-2.1/org.springframework/spring-webmvc/4.3.12.RELEASE/986e5dcd4435e780f6be64f8185eaa51523cf851/spring-webmvc-4.3.12.RELEASE.jar
7f7ce149b000-7f7ce149e000 r--s 00027000 08:08 276717                     /home/rodrigo/.gradle/caches/modules-2/files-2.1/org.grails/grails-gsp/3.3.0/58e246e986a5d293806b3768d8efb73b1dc71047/grails-gsp-3.3.0.jar
7f7ce149e000-7f7ce14a2000 r--s 00029000 08:08 276716                     /home/rodrigo/.gradle/caches/modules-2/files-2.1/org.grails/grails-encoder/3.3.2/963f64a85f2a2fb97ab5a2f0ff88d876aac99acc/grails-encoder-3.3.2.jar
7f7ce14a2000-7f7ce14a4000 r--s 0000f000 08:08 276715                     /home/rodrigo/.gradle/caches/modules-2/files-2.1/org.grails/grails-databinding/3.3.2/b0fcd7ab1ccf7210a65193930f66c21c232e028b/grails-databinding-3.3.2.jar
7f7ce14a4000-7f7ce14a6000 r--s 00003000 08:08 276714                     /home/rodrigo/.gradle/caches/modules-2/files-2.1/org.apache.tomcat/tomcat-annotations-api/8.5.23/aaf17df9fe0240e9e9d5375d24d5f177174b73d9/tomcat-annotations-api-8.5.23.jar
7f7ce14a6000-7f7ce14b8000 r--s 0011e000 08:08 276713                     /home/rodrigo/.gradle/caches/modules-2/files-2.1/com.fasterxml.jackson.core/jackson-databind/2.8.10/f7b83cb2bc4b88d53961e749e1ad32f49ef017b7/jackson-databind-2.8.10.jar
7f7ce14b8000-7f7ce14b9000 r--s 00003000 08:08 276233                     /home/rodrigo/.gradle/caches/modules-2/files-2.1/javax.transaction/jta/1.1/2ca09f0b36ca7d71b762e14ea2ff09d5eac57558/jta-1.1.jar
7f7ce14b9000-7f7ce14bf000 r--s 0003d000 08:08 276712                     /home/rodrigo/.gradle/caches/modules-2/files-2.1/org.yaml/snakeyaml/1.17/7a27ea250c5130b2922b86dea63cbb1cc10a660c/snakeyaml-1.17.jar
7f7ce14bf000-7f7ce14c1000 r--s 00016000 08:08 276179                     /home/rodrigo/.gradle/caches/modules-2/files-2.1/org.codehaus.groovy/groovy-templates/2.4.13/50c6b36707328f94678892408455b7a9bfe96577/groovy-templates-2.4.13.jar
7f7ce14c1000-7f7ce14c5000 r--s 00031000 08:08 276178                     /home/rodrigo/.gradle/caches/modules-2/files-2.1/org.codehaus.groovy/groovy-xml/2.4.13/a768f5f738bed0ab0b2dd54401830739203839c6/groovy-xml-2.4.13.jar
7f7ce14c5000-7f7ce14ca000 r--s 0003c000 08:08 276711                     /home/rodrigo/.gradle/caches/modules-2/files-2.1/org.springframework/spring-expression/4.3.12.RELEASE/790f69f6ad7f9da8d4a92c603ad7244c398c8309/spring-expression-4.3.12.RELEASE.jar
7f7ce14ca000-7f7ce14d3000 r--s 00054000 08:08 276710                     /home/rodrigo/.gradle/caches/modules-2/files-2.1/org.springframework/spring-aop/4.3.12.RELEASE/b3fef085902993c2ef874c45c7bfd79296d5a5a4/spring-aop-4.3.12.RELEASE.jar
7f7ce14d3000-7f7ce14d5000 r--s 0000e000 08:08 276269                     /home/rodrigo/.gradle/caches/modules-2/files-2.1/commons-logging/commons-logging/1.2/4bfc12adfe4842bf07b657f0369c4cb522955686/commons-logging-1.2.jar
7f7ce14d5000-7f7ce14e0000 r--s 0006a000 08:08 276709                     /home/rodrigo/.gradle/caches/modules-2/files-2.1/ch.qos.logback/logback-core/1.1.11/88b8df40340eed549fb07e2613879bf6b006704d/logback-core-1.1.11.jar
7f7ce14e0000-7f7ce14e4000 r--s 00049000 08:08 276168                     /home/rodrigo/.gradle/caches/modules-2/files-2.1/com.bertramlabs.plugins/asset-pipeline-core/2.14.6/c34fb5075888bb68a68b65cc1fad1b206b453083/asset-pipeline-core-2.14.6.jar
7f7ce14e4000-7f7ce14e5000 r--s 0000b000 08:08 276708                     /home/rodrigo/.gradle/caches/modules-2/files-2.1/org.apache.tomcat/tomcat-juli/8.5.23/98e7f0610b7b2fb8303f11be0210e3f5a56a7d55/tomcat-juli-8.5.23.jar
7f7ce14e5000-7f7ce14e7000 r--s 00007000 08:08 276707                     /home/rodrigo/.gradle/caches/modules-2/files-2.1/javax.el/el-api/2.1.2-b03/1ac087d9d1a632d2ff82fa1e8b6610aca025ff2a/el-api-2.1.2-b03.jar
7f7ce14e7000-7f7ce14e8000 r--s 0002b000 08:08 526388                     /home/rodrigo/.gradle/caches/modules-2/files-2.1/org.webjars/jquery/1.11.1/195eda53ac8beba7bff08f9919b48c954c858590/jquery-1.11.1.jar
7f7ce14e8000-7f7ce14e9000 r--s 00004000 08:08 276706                     /home/rodrigo/.gradle/caches/modules-2/files-2.1/org.grails/grails-plugin-codecs/3.3.2/f6f40decad83386a1415897954bcfb894e888d2b/grails-plugin-codecs-3.3.2.jar
7f7ce14e9000-7f7ce14ee000 r--s 00041000 08:08 276705                     /home/rodrigo/.gradle/caches/modules-2/files-2.1/commons-lang/commons-lang/2.6/ce1edb914c94ebc388f086c6827e8bdeec71ac2/commons-lang-2.6.jar
7f7ce14ee000-7f7ce14f0000 r--s 0000b000 08:08 276704                     /home/rodrigo/.gradle/caches/modules-2/files-2.1/org.grails/grails-web-gsp-taglib/3.3.0/72e3b9636f0a777bebfeb117e3b2f95defd44959/grails-web-gsp-taglib-3.3.0.jar
7f7ce14f0000-7f7ce14f2000 r--s 0001f000 08:08 276703                     /home/rodrigo/.gradle/caches/modules-2/files-2.1/org.grails/grails-web-jsp/3.3.0/83df1e17ef4301c34db377e817bdb6a842e82b8e/grails-web-jsp-3.3.0.jar
7f7ce14f2000-7f7ce14f5000 r--s 00010000 08:08 276190                     /home/rodrigo/.gradle/caches/modules-2/files-2.1/org.hibernate.common/hibernate-commons-annotations/5.0.1.Final/71e1cff3fcb20d3b3af4f3363c3ddb24d33c6879/hibernate-commons-annotations-5.0.1.Final.jar
7f7ce14f5000-7f7ce14fa000 r--s 00048000 08:08 279251                     /home/rodrigo/.m2/repository/dom4j/dom4j/1.6.1/dom4j-1.6.1.jar
7f7ce14fa000-7f7ce14fc000 r--s 0000e000 08:08 276702                     /home/rodrigo/.gradle/caches/modules-2/files-2.1/com.fasterxml/classmate/1.3.4/3d5f48f10bbe4eb7bd862f10c0583be2e0053c6/classmate-1.3.4.jar
7f7ce14fc000-7f7ce14ff000 r--s 0002b000 08:08 276188                     /home/rodrigo/.gradle/caches/modules-2/files-2.1/org.jboss/jandex/2.0.3.Final/bfc4d6257dbff7a33a357f0de116be6ff951d849/jandex-2.0.3.Final.jar
7f7ce14ff000-7f7ce1500000 r--s 00003000 08:08 276187                     /home/rodrigo/.gradle/caches/modules-2/files-2.1/org.apache.geronimo.specs/geronimo-jta_1.1_spec/1.1.1/aabab3165b8ea936b9360abbf448459c0d04a5a4/geronimo-jta_1.1_spec-1.1.1.jar
7f7ce1500000-7f7ce1505000 r--s 00068000 08:08 279230                     /home/rodrigo/.m2/repository/antlr/antlr/2.7.7/antlr-2.7.7.jar
7f7ce1505000-7f7ce1508000 r--s 0000e000 08:08 276701                     /home/rodrigo/.gradle/caches/modules-2/files-2.1/org.jboss.logging/jboss-logging/3.3.1.Final/c46217ab74b532568c0ed31dc599db3048bd1b67/jboss-logging-3.3.1.Final.jar
7f7ce1508000-7f7ce1512000 r--s 0006b000 08:08 276700                     /home/rodrigo/.gradle/caches/modules-2/files-2.1/org.springframework/spring-orm/4.3.12.RELEASE/47bbe35a92944aeedf06a388098581272f8db9bd/spring-orm-4.3.12.RELEASE.jar
7f7ce1512000-7f7ce1516000 r--s 00039000 08:08 276167                     /home/rodrigo/.gradle/caches/modules-2/files-2.1/org.grails/grails-datastore-gorm-hibernate5/6.1.8.RELEASE/77ea75d00b7bf705a286eb02c729607919a94309/grails-datastore-gorm-hibernate5-6.1.8.RELEASE.jar
7f7ce1516000-7f7ce1519000 r--s 00012000 08:08 276166                     /home/rodrigo/.gradle/caches/modules-2/files-2.1/org.grails/grails-datastore-gorm-support/6.1.8.RELEASE/73039097b346e345a6d8054551bf068bb2857b93/grails-datastore-gorm-support-6.1.8.RELEASE.jar
7f7ce1519000-7f7ce151a000 r--s 00002000 08:08 276165                     /home/rodrigo/.gradle/caches/modules-2/files-2.1/org.grails/grails-datastore-web/6.1.8.RELEASE/7b779ffd10658ff5a31ee98a1f896d8f123d46f9/grails-datastore-web-6.1.8.RELEASE.jar
7f7ce151a000-7f7ce151c000 r--s 00003000 08:08 276699                     /home/rodrigo/.gradle/caches/modules-2/files-2.1/org.grails/grails-events-compat/3.3.2/1250482ac83841a19c75b150777a2d2c28592d33/grails-events-compat-3.3.2.jar
7f7ce151c000-7f7ce151d000 r--s 00007000 08:08 276698                     /home/rodrigo/.gradle/caches/modules-2/files-2.1/org.grails/grails-events-transform/3.3.2/645c93ccb03ea27a23d6ac25265b01e5a63b9525/grails-events-transform-3.3.2.jar
7f7ce151d000-7f7ce151f000 r--s 0000b000 08:08 276697                     /home/rodrigo/.gradle/caches/modules-2/files-2.1/org.grails/grails-events/3.3.2/a4c70fc8c391d8060d715ea68bfe4ff87761fd02/grails-events-3.3.2.jar
7f7ce151f000-7f7ce1521000 r--s 0001f000 08:08 276696                     /home/rodrigo/.gradle/caches/modules-2/files-2.1/org.grails.plugins/fields/2.2.3/79149f99c909ddae5bc11d89642e14d2a275e683/fields-2.2.3.jar
7f7ce1521000-7f7ce1524000 r--s 0000e000 08:08 276695                     /home/rodrigo/.gradle/caches/modules-2/files-2.1/org.grails/grails-async/3.3.2/df2d4d6d96161b1105298a951c6fff31dd52e1e9/grails-async-3.3.2.jar
7f7ce1524000-7f7ce152e000 r--s 000aa000 08:08 276259                     /home/rodrigo/.gradle/caches/modules-2/files-2.1/org.javassist/javassist/3.21.0-GA/598244f595db5c5fb713731eddbb1c91a58d959b/javassist-3.21.0-GA.jar
7f7ce152e000-7f7ce1531000 r--s 00016000 08:08 276694                     /home/rodrigo/.gradle/caches/modules-2/files-2.1/org.grails/grails-validation/3.3.2/99b01646296571eb930bafe5ba50716ea60bb882/grails-validation-3.3.2.jar
7f7ce1531000-7f7ce1535000 r--s 0001e000 08:08 276693                     /home/rodrigo/.gradle/caches/modules-2/files-2.1/org.grails.plugins/converters/3.3.1/afc1ea5fa7d7d52e83017856fa5a651d38145048/converters-3.3.1.jar
7f7ce1535000-7f7ce1537000 r--s 00005000 08:08 276692                     /home/rodrigo/.gradle/caches/modules-2/files-2.1/org.grails/grails-plugin-datasource/3.3.2/94cef3919a1a3dd23fbdb0af1b4733e3904f5fbe/grails-plugin-datasource-3.3.2.jar
7f7ce1537000-7f7ce153a000 r--s 00019000 08:08 276691                     /home/rodrigo/.gradle/caches/modules-2/files-2.1/org.grails/grails-plugin-controllers/3.3.2/a275c53d228b1822b128b8dd263e221cf0ffa884/grails-plugin-controllers-3.3.2.jar
7f7ce153a000-7f7ce153b000 r--s 00005000 08:08 276690                     /home/rodrigo/.gradle/caches/modules-2/files-2.1/org.grails/grails-web/3.3.2/ffed6c9b78a0fd3c6cd215638333b2bc8901be5e/grails-web-3.3.2.jar
7f7ce153b000-7f7ce153f000 r--s 00028000 08:08 276689                     /home/rodrigo/.gradle/caches/modules-2/files-2.1/org.grails/grails-web-common/3.3.2/b9bc2dc38e7570ab169d0d14ed5c19267e8ce28f/grails-web-common-3.3.2.jar
7f7ce153f000-7f7ce1544000 r--s 00038000 08:08 276688                     /home/rodrigo/.gradle/caches/modules-2/files-2.1/org.apache.tomcat.embed/tomcat-embed-websocket/8.5.23/52f07abcae10dc7e1764304b0877def175c2c833/tomcat-embed-websocket-8.5.23.jar
7f7ce1544000-7f7ce1548000 r--s 00037000 08:08 276687                     /home/rodrigo/.gradle/caches/modules-2/files-2.1/org.apache.tomcat.embed/tomcat-embed-el/8.5.23/98d979cde444dffa6d434c8377d0123b2dfa614c/tomcat-embed-el-8.5.23.jar
7f7ce1548000-7f7ce1571000 r--s 002c7000 08:08 276686                     /home/rodrigo/.gradle/caches/modules-2/files-2.1/org.apache.tomcat.embed/tomcat-embed-core/8.5.23/79261793a47f507890ee08f749b9d81774e4f7f0/tomcat-embed-core-8.5.23.jar
7f7ce1571000-7f7ce1581000 r--s 00079000 08:08 276685                     /home/rodrigo/.gradle/caches/modules-2/files-2.1/org.springframework.boot/spring-boot-actuator/1.5.8.RELEASE/aac530fe877ed91c92831019755c49f29b08e6/spring-boot-actuator-1.5.8.RELEASE.jar
7f7ce1581000-7f7ce1582000 r--s 00000000 08:08 276684                     /home/rodrigo/.gradle/caches/modules-2/files-2.1/org.springframework.boot/spring-boot-starter/1.5.8.RELEASE/18048efe1f06569022a53cc3fb2fe9c0162935a3/spring-boot-starter-1.5.8.RELEASE.jar
7f7ce1582000-7f7ce1586000 r--s 00040000 08:08 276683                     /home/rodrigo/.gradle/caches/modules-2/files-2.1/xalan/serializer/2.7.2/24247f3bb052ee068971393bdb83e04512bb1c3c/serializer-2.7.2.jar
7f7ce1586000-7f7ce1594000 r--s 00081000 08:08 276191                     /home/rodrigo/.gradle/caches/modules-2/files-2.1/org.grails/grails-datastore-core/6.1.8.RELEASE/23fd4fd6fbbec658d8cb9d43f3c475438496cb00/grails-datastore-core-6.1.8.RELEASE.jar
7f7ce1594000-7f7ce1599000 r--s 00039000 08:08 276159                     /home/rodrigo/.gradle/caches/modules-2/files-2.1/org.grails/grails-bootstrap/3.3.2/a1b6727614ce8f50eed4db9bccda3f8cd3f53c44/grails-bootstrap-3.3.2.jar
7f7ce1599000-7f7ce15b2000 r--s 000fe000 08:08 276681                     /home/rodrigo/.gradle/caches/modules-2/files-2.1/org.springframework/spring-context/4.3.12.RELEASE/5e6d26f36636f36b7efec1d6a0c5991284fbd95b/spring-context-4.3.12.RELEASE.jar
7f7ce15b2000-7f7ce15c0000 r--s 000ad000 08:08 276680                     /home/rodrigo/.gradle/caches/modules-2/files-2.1/org.springframework/spring-beans/4.3.12.RELEASE/547dd432d47d0f01d9ccbedc4b705f9f7c1240a/spring-beans-4.3.12.RELEASE.jar
7f7ce15c0000-7f7ce15c8000 r--s 0003a000 08:08 276679                     /home/rodrigo/.gradle/caches/modules-2/files-2.1/org.springframework/spring-tx/4.3.12.RELEASE/7147b6839b2bf9db3621b79c73b4dddbe69572b6/spring-tx-4.3.12.RELEASE.jar
7f7ce15c8000-7f7ce15df000 r--s 000fc000 08:08 276206                     /home/rodrigo/.gradle/caches/modules-2/files-2.1/org.springframework/spring-core/4.3.12.RELEASE/4cebc69478c6d350dbd5af28e3db7d5694f416e3/spring-core-4.3.12.RELEASE.jar
7f7ce15df000-7f7ce15e3000 r--s 00019000 08:08 276230                     /home/rodrigo/.gradle/caches/modules-2/files-2.1/com.googlecode.concurrentlinkedhashmap/concurrentlinkedhashmap-lru/1.4.2/2eaf3d3c9746d526ff7e5b93931d482c3887e6ac/concurrentlinkedhashmap-lru-1.4.2.jar
7f7ce15e3000-7f7ce15e8000 r--s 00017000 08:08 276186                     /home/rodrigo/.gradle/caches/modules-2/files-2.1/org.hibernate.javax.persistence/hibernate-jpa-2.1-api/1.0.0.Final/5e731d961297e5a07290bfaf3db1fbc8bbbf405a/hibernate-jpa-2.1-api-1.0.0.Final.jar
7f7ce15e8000-7f7ce15ea000 r--s 00009000 08:08 276678                     /home/rodrigo/.gradle/caches/modules-2/files-2.1/org.slf4j/slf4j-api/1.7.25/da76ca59f6a57ee3102f8f9bd9cee742973efa8a/slf4j-api-1.7.25.jar
7f7ce15ea000-7f7ce1637000 r--s 00410000 08:08 276154                     /home/rodrigo/.gradle/caches/modules-2/files-2.1/org.codehaus.groovy/groovy/2.4.13/de7b73bed517fa1323aab391b719b59c3702391a/groovy-2.4.13.jar
7f7ce1637000-7f7ce1647000 r--s 00095000 08:08 276677                     /home/rodrigo/.gradle/caches/modules-2/files-2.1/org.springframework.boot/spring-boot/1.5.8.RELEASE/748ebde51761e12627ad23d064024f342b18f9b4/spring-boot-1.5.8.RELEASE.jar
7f7ce1647000-7f7ce1649000 r--s 00004000 08:08 276676                     /home/rodrigo/.gradle/caches/modules-2/files-2.1/org.slf4j/log4j-over-slf4j/1.7.25/a87bb47468f47ee7aabbd54f93e133d4215769c3/log4j-over-slf4j-1.7.25.jar
7f7ce1649000-7f7ce164b000 r--s 00000000 08:08 276675                     /home/rodrigo/.gradle/caches/modules-2/files-2.1/org.slf4j/jul-to-slf4j/1.7.25/af5364cd6679bfffb114f0dec8a157aaa283b76/jul-to-slf4j-1.7.25.jar
7f7ce164b000-7f7ce164d000 r--s 00003000 08:08 276674                     /home/rodrigo/.gradle/caches/modules-2/files-2.1/org.slf4j/jcl-over-slf4j/1.7.25/f8c32b13ff142a513eeb5b6330b1588dcb2c0461/jcl-over-slf4j-1.7.25.jar
7f7ce164d000-7f7ce1654000 r--s 00045000 08:08 276673                     /home/rodrigo/.gradle/caches/modules-2/files-2.1/ch.qos.logback/logback-classic/1.1.11/ccedfbacef4a6515d2983e3f89ed753d5d4fb665/logback-classic-1.1.11.jar
7f7ce1654000-7f7ce1656000 r--s 0001e000 08:08 276672                     /home/rodrigo/.gradle/caches/modules-2/files-2.1/com.bertramlabs.plugins/asset-pipeline-grails/2.14.6/23889d1725fae5f1705a90bca409fad3e8721b98/asset-pipeline-grails-2.14.6.jar
7f7ce1656000-7f7ce1665000 r--s 001ae000 08:08 276670                     /home/rodrigo/.gradle/caches/modules-2/files-2.1/com.h2database/h2/1.4.196/dd0034398d593aa3588c6773faac429bbd9aea0e/h2-1.4.196.jar
7f7ce1665000-7f7ce16d1000 r--s 0050a000 08:08 276667                     /home/rodrigo/.gradle/caches/modules-2/files-2.1/org.hibernate/hibernate-core/5.1.5.Final/28366d161d448e82370e5bbd871eb2835ba0fb7b/hibernate-core-5.1.5.Final.jar
7f7ce16d1000-7f7ce174b000 r--s 010f6000 08:07 4476022                    /usr/lib/jvm/java-8-oracle/jre/lib/ext/tools.jar
7f7ce174b000-7f7ce174e000 ---p 00000000 00:00 0 
7f7ce174e000-7f7ce184c000 rw-p 00000000 00:00 0 
7f7ce184c000-7f7ce1d99000 r--p 00000000 08:07 4349219                    /usr/lib/locale/locale-archive
7f7ce1d99000-7f7ce1d9c000 ---p 00000000 00:00 0 
7f7ce1d9c000-7f7ce1e9a000 rw-p 00000000 00:00 0 
7f7ce1e9a000-7f7ce1e9d000 ---p 00000000 00:00 0 
7f7ce1e9d000-7f7ce1f9b000 rw-p 00000000 00:00 0 
7f7ce1f9b000-7f7ce1f9c000 ---p 00000000 00:00 0 
7f7ce1f9c000-7f7ce29a5000 rw-p 00000000 00:00 0 
7f7ce29a5000-7f7ce2b7e000 r--s 03d40000 08:07 4472618                    /usr/lib/jvm/java-8-oracle/jre/lib/rt.jar
7f7ce2b7e000-7f7ce4cfe000 rw-p 00000000 00:00 0 
7f7ce4cfe000-7f7ce4cff000 ---p 00000000 00:00 0 
7f7ce4cff000-7f7ce4dff000 rw-p 00000000 00:00 0 
7f7ce4dff000-7f7ce4e00000 ---p 00000000 00:00 0 
7f7ce4e00000-7f7ce5000000 rw-p 00000000 00:00 0 
7f7ce5000000-7f7ce63d0000 rwxp 00000000 00:00 0 
7f7ce63d0000-7f7cf4000000 ---p 00000000 00:00 0 
7f7cf4000000-7f7cf5a76000 rw-p 00000000 00:00 0 
7f7cf5a76000-7f7cf8000000 ---p 00000000 00:00 0 
7f7cf8000000-7f7cf8001000 r--s 00009000 08:08 276682                     /home/rodrigo/.gradle/caches/modules-2/files-2.1/org.grails/grails-spring/3.3.2/bb328f18e3b442e9808b28665ba4f04d60e21c9/grails-spring-3.3.2.jar
7f7cf8001000-7f7cf8004000 r--s 00021000 08:08 276671                     /home/rodrigo/.gradle/caches/modules-2/files-2.1/org.apache.tomcat/tomcat-jdbc/8.5.23/6036400a8f2d90dd3ae3a4d09e5136c56002887b/tomcat-jdbc-8.5.23.jar
7f7cf8004000-7f7cf8007000 r--s 00018000 08:08 276669                     /home/rodrigo/.gradle/caches/modules-2/files-2.1/org.glassfish.web/el-impl/2.1.2-b03/6bab1211b6e6b191fdbf06067bd05d2f75a62ac0/el-impl-2.1.2-b03.jar
7f7cf8007000-7f7cf800e000 r--s 0009b000 08:08 526386                     /home/rodrigo/.gradle/caches/modules-2/files-2.1/org.webjars/bootstrap/3.3.6/1360e2bcd3016ce44a273d2a3b6569963bb0bd68/bootstrap-3.3.6.jar
7f7cf800e000-7f7cf8013000 r--s 0004b000 08:08 276668                     /home/rodrigo/.gradle/caches/modules-2/files-2.1/org.grails.plugins/gsp/3.3.0/207d8d9c87e33608297fcd9a97c2105043774287/gsp-3.3.0.jar
7f7cf8013000-7f7cf8015000 r--s 00006000 08:08 276152                     /home/rodrigo/.gradle/caches/modules-2/files-2.1/org.grails.plugins/hibernate5/6.1.8/4b432464dc97f05bb27f322186783b803f7e3d1a/hibernate5-6.1.8.jar
7f7cf8015000-7f7cf8016000 r--s 00001000 08:08 276666                     /home/rodrigo/.gradle/caches/modules-2/files-2.1/org.grails.plugins/events/3.3.2/c43aed0886464bc62b8ef2c4963ea1bedeb19e6/events-3.3.2.jar
7f7cf8016000-7f7cf8018000 r--s 00006000 08:08 276665                     /home/rodrigo/.gradle/caches/modules-2/files-2.1/org.grails.plugins/scaffolding/3.4.1/3794a2154aa473fd2281e1e36de398815a63e740/scaffolding-3.4.1.jar
7f7cf8018000-7f7cf801b000 r--s 0000c000 08:08 276664                     /home/rodrigo/.gradle/caches/modules-2/files-2.1/org.grails.plugins/async/3.3.2/849be6dcabfba176078915404451c4b4479c6d49/async-3.3.2.jar
7f7cf801b000-7f7cf801d000 r--s 00011000 08:08 276663                     /home/rodrigo/.gradle/caches/modules-2/files-2.1/org.grails.plugins/cache/4.0.0/72be24e2f8b3e5407048f5cc5186dcd32e8de841/cache-4.0.0.jar
7f7cf801d000-7f7cf801f000 r--s 00004000 08:08 276661                     /home/rodrigo/.gradle/caches/modules-2/files-2.1/org.grails/grails-plugin-url-mappings/3.3.2/bd54a241118067e6a9276b053fdd26b70e5ef65/grails-plugin-url-mappings-3.3.2.jar
7f7cf801f000-7f7cf802c000 r--s 000ae000 08:08 276652                     /home/rodrigo/.gradle/caches/modules-2/files-2.1/org.grails/grails-core/3.3.2/824db64a3117fdc40b2a6bd4b5444e536453e51d/grails-core-3.3.2.jar
7f7cf802c000-7f7cf804c000 r--s 000e6000 08:08 276651                     /home/rodrigo/.gradle/caches/modules-2/files-2.1/org.springframework.boot/spring-boot-autoconfigure/1.5.8.RELEASE/e4f2efa4c319f4e3613d94fbccfdb5ccda6873e3/spring-boot-autoconfigure-1.5.8.RELEASE.jar
7f7cf804c000-7f7cf826c000 rw-p 00000000 00:00 0 
7f7cf826c000-7f7cf85dc000 ---p 00000000 00:00 0 
7f7cf85dc000-7f7cf85f6000 r-xp 00000000 08:07 4599407                    /usr/lib/jvm/java-8-oracle/jre/lib/amd64/libzip.so
7f7cf85f6000-7f7cf87f6000 ---p 0001a000 08:07 4599407                    /usr/lib/jvm/java-8-oracle/jre/lib/amd64/libzip.so
7f7cf87f6000-7f7cf87f7000 rw-p 0001a000 08:07 4599407                    /usr/lib/jvm/java-8-oracle/jre/lib/amd64/libzip.so
7f7cf87f7000-7f7cf8802000 r-xp 00000000 08:07 1310891                    /lib/x86_64-linux-gnu/libnss_files-2.23.so
7f7cf8802000-7f7cf8a01000 ---p 0000b000 08:07 1310891                    /lib/x86_64-linux-gnu/libnss_files-2.23.so
7f7cf8a01000-7f7cf8a02000 r--p 0000a000 08:07 1310891                    /lib/x86_64-linux-gnu/libnss_files-2.23.so
7f7cf8a02000-7f7cf8a03000 rw-p 0000b000 08:07 1310891                    /lib/x86_64-linux-gnu/libnss_files-2.23.so
7f7cf8a03000-7f7cf8a09000 rw-p 00000000 00:00 0 
7f7cf8a09000-7f7cf8a14000 r-xp 00000000 08:07 1310894                    /lib/x86_64-linux-gnu/libnss_nis-2.23.so
7f7cf8a14000-7f7cf8c13000 ---p 0000b000 08:07 1310894                    /lib/x86_64-linux-gnu/libnss_nis-2.23.so
7f7cf8c13000-7f7cf8c14000 r--p 0000a000 08:07 1310894                    /lib/x86_64-linux-gnu/libnss_nis-2.23.so
7f7cf8c14000-7f7cf8c15000 rw-p 0000b000 08:07 1310894                    /lib/x86_64-linux-gnu/libnss_nis-2.23.so
7f7cf8c15000-7f7cf8c2b000 r-xp 00000000 08:07 1310887                    /lib/x86_64-linux-gnu/libnsl-2.23.so
7f7cf8c2b000-7f7cf8e2a000 ---p 00016000 08:07 1310887                    /lib/x86_64-linux-gnu/libnsl-2.23.so
7f7cf8e2a000-7f7cf8e2b000 r--p 00015000 08:07 1310887                    /lib/x86_64-linux-gnu/libnsl-2.23.so
7f7cf8e2b000-7f7cf8e2c000 rw-p 00016000 08:07 1310887                    /lib/x86_64-linux-gnu/libnsl-2.23.so
7f7cf8e2c000-7f7cf8e2e000 rw-p 00000000 00:00 0 
7f7cf8e2e000-7f7cf8e36000 r-xp 00000000 08:07 1310900                    /lib/x86_64-linux-gnu/libnss_compat-2.23.so
7f7cf8e36000-7f7cf9035000 ---p 00008000 08:07 1310900                    /lib/x86_64-linux-gnu/libnss_compat-2.23.so
7f7cf9035000-7f7cf9036000 r--p 00007000 08:07 1310900                    /lib/x86_64-linux-gnu/libnss_compat-2.23.so
7f7cf9036000-7f7cf9037000 rw-p 00008000 08:07 1310900                    /lib/x86_64-linux-gnu/libnss_compat-2.23.so
7f7cf9037000-7f7cf9041000 r-xp 00000000 08:07 4599416                    /usr/lib/jvm/java-8-oracle/jre/lib/amd64/libinstrument.so
7f7cf9041000-7f7cf9240000 ---p 0000a000 08:07 4599416                    /usr/lib/jvm/java-8-oracle/jre/lib/amd64/libinstrument.so
7f7cf9240000-7f7cf9241000 rw-p 00009000 08:07 4599416                    /usr/lib/jvm/java-8-oracle/jre/lib/amd64/libinstrument.so
7f7cf9241000-7f7cf926c000 r-xp 00000000 08:07 4599401                    /usr/lib/jvm/java-8-oracle/jre/lib/amd64/libjava.so
7f7cf926c000-7f7cf946b000 ---p 0002b000 08:07 4599401                    /usr/lib/jvm/java-8-oracle/jre/lib/amd64/libjava.so
7f7cf946b000-7f7cf946d000 rw-p 0002a000 08:07 4599401                    /usr/lib/jvm/java-8-oracle/jre/lib/amd64/libjava.so
7f7cf946d000-7f7cf947a000 r-xp 00000000 08:07 4599406                    /usr/lib/jvm/java-8-oracle/jre/lib/amd64/libverify.so
7f7cf947a000-7f7cf9679000 ---p 0000d000 08:07 4599406                    /usr/lib/jvm/java-8-oracle/jre/lib/amd64/libverify.so
7f7cf9679000-7f7cf967b000 rw-p 0000c000 08:07 4599406                    /usr/lib/jvm/java-8-oracle/jre/lib/amd64/libverify.so
7f7cf967b000-7f7cf9682000 r-xp 00000000 08:07 1310896                    /lib/x86_64-linux-gnu/librt-2.23.so
7f7cf9682000-7f7cf9881000 ---p 00007000 08:07 1310896                    /lib/x86_64-linux-gnu/librt-2.23.so
7f7cf9881000-7f7cf9882000 r--p 00006000 08:07 1310896                    /lib/x86_64-linux-gnu/librt-2.23.so
7f7cf9882000-7f7cf9883000 rw-p 00007000 08:07 1310896                    /lib/x86_64-linux-gnu/librt-2.23.so
7f7cf9883000-7f7cf998b000 r-xp 00000000 08:07 1310905                    /lib/x86_64-linux-gnu/libm-2.23.so
7f7cf998b000-7f7cf9b8a000 ---p 00108000 08:07 1310905                    /lib/x86_64-linux-gnu/libm-2.23.so
7f7cf9b8a000-7f7cf9b8b000 r--p 00107000 08:07 1310905                    /lib/x86_64-linux-gnu/libm-2.23.so
7f7cf9b8b000-7f7cf9b8c000 rw-p 00108000 08:07 1310905                    /lib/x86_64-linux-gnu/libm-2.23.so
7f7cf9b8c000-7f7cfa85b000 r-xp 00000000 08:07 4599384                    /usr/lib/jvm/java-8-oracle/jre/lib/amd64/server/libjvm.so
7f7cfa85b000-7f7cfaa5b000 ---p 00ccf000 08:07 4599384                    /usr/lib/jvm/java-8-oracle/jre/lib/amd64/server/libjvm.so
7f7cfaa5b000-7f7cfab34000 rw-p 00ccf000 08:07 4599384                    /usr/lib/jvm/java-8-oracle/jre/lib/amd64/server/libjvm.so
7f7cfab34000-7f7cfab7f000 rw-p 00000000 00:00 0 
7f7cfab7f000-7f7cfad3f000 r-xp 00000000 08:07 1310910                    /lib/x86_64-linux-gnu/libc-2.23.so
7f7cfad3f000-7f7cfaf3f000 ---p 001c0000 08:07 1310910                    /lib/x86_64-linux-gnu/libc-2.23.so
7f7cfaf3f000-7f7cfaf43000 r--p 001c0000 08:07 1310910                    /lib/x86_64-linux-gnu/libc-2.23.so
7f7cfaf43000-7f7cfaf45000 rw-p 001c4000 08:07 1310910                    /lib/x86_64-linux-gnu/libc-2.23.so
7f7cfaf45000-7f7cfaf49000 rw-p 00000000 00:00 0 
7f7cfaf49000-7f7cfaf4c000 r-xp 00000000 08:07 1310899                    /lib/x86_64-linux-gnu/libdl-2.23.so
7f7cfaf4c000-7f7cfb14b000 ---p 00003000 08:07 1310899                    /lib/x86_64-linux-gnu/libdl-2.23.so
7f7cfb14b000-7f7cfb14c000 r--p 00002000 08:07 1310899                    /lib/x86_64-linux-gnu/libdl-2.23.so
7f7cfb14c000-7f7cfb14d000 rw-p 00003000 08:07 1310899                    /lib/x86_64-linux-gnu/libdl-2.23.so
7f7cfb14d000-7f7cfb162000 r-xp 00000000 08:07 4861827                    /usr/lib/jvm/java-8-oracle/lib/amd64/jli/libjli.so
7f7cfb162000-7f7cfb362000 ---p 00015000 08:07 4861827                    /usr/lib/jvm/java-8-oracle/lib/amd64/jli/libjli.so
7f7cfb362000-7f7cfb363000 rw-p 00015000 08:07 4861827                    /usr/lib/jvm/java-8-oracle/lib/amd64/jli/libjli.so
7f7cfb363000-7f7cfb37b000 r-xp 00000000 08:07 1310893                    /lib/x86_64-linux-gnu/libpthread-2.23.so
7f7cfb37b000-7f7cfb57a000 ---p 00018000 08:07 1310893                    /lib/x86_64-linux-gnu/libpthread-2.23.so
7f7cfb57a000-7f7cfb57b000 r--p 00017000 08:07 1310893                    /lib/x86_64-linux-gnu/libpthread-2.23.so
7f7cfb57b000-7f7cfb57c000 rw-p 00018000 08:07 1310893                    /lib/x86_64-linux-gnu/libpthread-2.23.so
7f7cfb57c000-7f7cfb580000 rw-p 00000000 00:00 0 
7f7cfb580000-7f7cfb5a6000 r-xp 00000000 08:07 1310888                    /lib/x86_64-linux-gnu/ld-2.23.so
7f7cfb5a6000-7f7cfb5a7000 r--s 00008000 08:08 276662                     /home/rodrigo/.gradle/caches/modules-2/files-2.1/org.grails/grails-plugin-interceptors/3.3.2/4f73122cdc8c27c27cedde83bd80e87c924dc197/grails-plugin-interceptors-3.3.2.jar
7f7cfb5a7000-7f7cfb5a9000 r--s 00003000 08:08 276660                     /home/rodrigo/.gradle/caches/modules-2/files-2.1/org.grails/grails-plugin-services/3.3.2/ea22bd2a1edfe4aa09a4b14de4083d08bad7bf31/grails-plugin-services-3.3.2.jar
7f7cfb5a9000-7f7cfb5ad000 r--s 00031000 08:08 276657                     /home/rodrigo/.gradle/caches/modules-2/files-2.1/org.grails/grails-plugin-rest/3.3.2/d748b4fb52d140ecc3edcf8771a2135621993378/grails-plugin-rest-3.3.2.jar
7f7cfb5ad000-7f7cfb67e000 rw-p 00000000 00:00 0 
7f7cfb67e000-7f7cfb681000 ---p 00000000 00:00 0 
7f7cfb681000-7f7cfb783000 rw-p 00000000 00:00 0 
7f7cfb783000-7f7cfb784000 r--s 00003000 08:08 276659                     /home/rodrigo/.gradle/caches/modules-2/files-2.1/org.grails/grails-plugin-i18n/3.3.2/6f01bb2a4ce26391b2bbf6bc04dc74904504b62c/grails-plugin-i18n-3.3.2.jar
7f7cfb784000-7f7cfb785000 r--s 00004000 08:08 276658                     /home/rodrigo/.gradle/caches/modules-2/files-2.1/org.grails/grails-plugin-databinding/3.3.2/8d7ee9adb4ac2666fd5aa9cdc87a9e5138459c45/grails-plugin-databinding-3.3.2.jar
7f7cfb785000-7f7cfb786000 r--s 00000000 08:08 276656                     /home/rodrigo/.gradle/caches/modules-2/files-2.1/org.grails/grails-logging/3.3.2/4d1eb8335f81f9d0341688230c3d0f133b1e7cd4/grails-logging-3.3.2.jar
7f7cfb786000-7f7cfb787000 r--s 00001000 08:08 276655                     /home/rodrigo/.gradle/caches/modules-2/files-2.1/org.grails/grails-web-boot/3.3.2/a0f4cc58704e6551121d0453968f7f834e529b4/grails-web-boot-3.3.2.jar
7f7cfb787000-7f7cfb788000 r--s 00000000 08:08 276654                     /home/rodrigo/.gradle/caches/modules-2/files-2.1/org.springframework.boot/spring-boot-starter-tomcat/1.5.8.RELEASE/cf3b7eb7e192a60ab1dd09e4f8bce82710a5feb0/spring-boot-starter-tomcat-1.5.8.RELEASE.jar
7f7cfb788000-7f7cfb789000 r--s 00000000 08:08 276653                     /home/rodrigo/.gradle/caches/modules-2/files-2.1/org.springframework.boot/spring-boot-starter-actuator/1.5.8.RELEASE/927c40a1af518dc240dfdf7aaf0a9673c3a127c5/spring-boot-starter-actuator-1.5.8.RELEASE.jar
7f7cfb789000-7f7cfb78a000 r--s 00000000 08:08 276650                     /home/rodrigo/.gradle/caches/modules-2/files-2.1/org.springframework.boot/spring-boot-starter-logging/1.5.8.RELEASE/ebc00a0e46753d90431fdcc5e3d6b9fd3bf1564a/spring-boot-starter-logging-1.5.8.RELEASE.jar
7f7cfb78a000-7f7cfb799000 rw-p 00000000 00:00 0 
7f7cfb799000-7f7cfb7a1000 rw-s 00000000 08:07 4194406                    /tmp/hsperfdata_rodrigo/19384
7f7cfb7a1000-7f7cfb7a2000 rw-p 00000000 00:00 0 
7f7cfb7a2000-7f7cfb7a3000 r--p 00000000 00:00 0 
7f7cfb7a3000-7f7cfb7a5000 rw-p 00000000 00:00 0 
7f7cfb7a5000-7f7cfb7a6000 r--p 00025000 08:07 1310888                    /lib/x86_64-linux-gnu/ld-2.23.so
7f7cfb7a6000-7f7cfb7a7000 rw-p 00026000 08:07 1310888                    /lib/x86_64-linux-gnu/ld-2.23.so
7f7cfb7a7000-7f7cfb7a8000 rw-p 00000000 00:00 0 
7ffc9bc6d000-7ffc9bc94000 rw-p 00000000 00:00 0                          [stack]
7ffc9bd38000-7ffc9bd3a000 r--p 00000000 00:00 0                          [vvar]
7ffc9bd3a000-7ffc9bd3c000 r-xp 00000000 00:00 0                          [vdso]
ffffffffff600000-ffffffffff601000 r-xp 00000000 00:00 0                  [vsyscall]

VM Arguments:
jvm_args: -Dendpoints.shutdown.enabled=true -Denv=development -Dfull.stacktrace=false -Dgrails.env=development -Dgrails.full.stacktrace=false -Dinfo.app.grailsVersion=3.3.2 -Dinfo.app.name=nuevo-foro-fiuba -Dinfo.app.version=0.1 -Djdk.reflect.allowGetCallerClass=true -Drun.active=true -Dspring.output.ansi.enabled=always -Dspringloaded=inclusions=grails.plugins..*;synchronize=true;allowSplitPackages=true;cacheDir=/home/rodrigo/nuevo-foro-fiuba/build/springloaded -Dverbose=false -XX:+TieredCompilation -XX:TieredStopAtLevel=1 -XX:CICompilerCount=3 -javaagent:/home/rodrigo/.gradle/caches/modules-2/files-2.1/org.springframework/springloaded/1.2.8.RELEASE/b60bac05b0451cdc1863bfec617f39aa0dcaaa43/springloaded-1.2.8.RELEASE.jar -Xverify:none -Xms768m -Xmx768m -Dfile.encoding=UTF-8 -Duser.country=AR -Duser.language=es -Duser.variant 
java_command: nuevo_foro_fiuba.Application
java_class_path (initial): /home/rodrigo/nuevo-foro-fiuba/src/main/resources:/home/rodrigo/nuevo-foro-fiuba/grails-app/views:/home/rodrigo/nuevo-foro-fiuba/grails-app/i18n:/home/rodrigo/nuevo-foro-fiuba/grails-app/conf:/home/rodrigo/nuevo-foro-fiuba/build/classes/main:/home/rodrigo/nuevo-foro-fiuba/build/resources/main:/home/rodrigo/nuevo-foro-fiuba/gsp-classes:/home/rodrigo/.gradle/caches/modules-2/files-2.1/org.springframework.boot/spring-boot-starter-logging/1.5.8.RELEASE/ebc00a0e46753d90431fdcc5e3d6b9fd3bf1564a/spring-boot-starter-logging-1.5.8.RELEASE.jar:/home/rodrigo/.gradle/caches/modules-2/files-2.1/org.springframework.boot/spring-boot-autoconfigure/1.5.8.RELEASE/e4f2efa4c319f4e3613d94fbccfdb5ccda6873e3/spring-boot-autoconfigure-1.5.8.RELEASE.jar:/home/rodrigo/.gradle/caches/modules-2/files-2.1/org.grails/grails-core/3.3.2/824db64a3117fdc40b2a6bd4b5444e536453e51d/grails-core-3.3.2.jar:/home/rodrigo/.gradle/caches/modules-2/files-2.1/org.springframework.boot/spring-boot-starter-actuator/1.5.8.RELEASE/927c40a1af518dc240dfdf7aaf0a9673c3a127c5/spring-boot-starter-actuator-1.5.8.RELEASE.jar:/home/rodrigo/.gradle/caches/modules-2/files-2.1/org.springframework.boot/spring-boot-starter-tomcat/1.5.8.RELEASE/cf3b7eb7e192a60ab1dd09e4f8bce82710a5feb0/spring-boot-starter-tomcat-1.5.8.RELEASE.jar:/home/rodrigo/.gradle/caches/modules-2/files-2.1/org.grails/grails-web-boot/3.3.2/a0f4cc58704e6551121d0453968f7f834e529b4/grails-web-boot-3.3.2.jar:/home/rodrigo/.gradle/caches/modules-2/files-2.1/org.grails/grails-logging/3.3.2/4d1eb8335f81f9d0341688230c3d0f133b1e7cd4/grails-logging-3.3.2.jar:/home/rodrigo/.gradle/caches/modules-2/files-2.1/org.grails/grails-plugin-rest/3.3.2/d748b4fb52d140ecc3edcf8771a2135621993378/grails-plugin-rest-3.3.2.jar:/home/rodrigo/.gradle/caches/modules-2/files-2.1/org.grails/grails-plugin-databinding/3.3.2/8d7ee9adb4ac2666fd5aa9cdc87a9e5138459c45/grails-plugin-databinding-3.3.2.jar:/home/rodrigo/.gradle/caches/modules-2/files-2.1/org.grails/grails
Launcher Type: SUN_STANDARD

Environment Variables:
JAVA_HOME=/usr/lib/jvm/java-8-oracle
PATH=/home/rodrigo/.sdkman/candidates/grails/current/bin:/home/rodrigo/anaconda2/bin:/usr/local/sbin:/usr/local/bin:/usr/sbin:/usr/bin:/sbin:/bin:/usr/games:/usr/local/games:/snap/bin:/usr/lib/jvm/java-8-oracle/bin:/usr/lib/jvm/java-8-oracle/db/bin:/usr/lib/jvm/java-8-oracle/jre/bin:/home/rodrigo/spark/bin
SHELL=/bin/bash
DISPLAY=:0

Signal Handlers:
SIGSEGV: [libjvm.so+0xac8af0], sa_mask[0]=11111111011111111101111111111110, sa_flags=SA_RESTART|SA_SIGINFO
SIGBUS: [libjvm.so+0xac8af0], sa_mask[0]=11111111011111111101111111111110, sa_flags=SA_RESTART|SA_SIGINFO
SIGFPE: [libjvm.so+0x921dd0], sa_mask[0]=11111111011111111101111111111110, sa_flags=SA_RESTART|SA_SIGINFO
SIGPIPE: [libjvm.so+0x921dd0], sa_mask[0]=11111111011111111101111111111110, sa_flags=SA_RESTART|SA_SIGINFO
SIGXFSZ: [libjvm.so+0x921dd0], sa_mask[0]=11111111011111111101111111111110, sa_flags=SA_RESTART|SA_SIGINFO
SIGILL: [libjvm.so+0x921dd0], sa_mask[0]=11111111011111111101111111111110, sa_flags=SA_RESTART|SA_SIGINFO
SIGUSR1: SIG_DFL, sa_mask[0]=00000000000000000000000000000000, sa_flags=none
SIGUSR2: [libjvm.so+0x923610], sa_mask[0]=00100000000000000000000000000000, sa_flags=SA_RESTART|SA_SIGINFO
SIGHUP: [libjvm.so+0x924a10], sa_mask[0]=11111111011111111101111111111110, sa_flags=SA_RESTART|SA_SIGINFO
SIGINT: [libjvm.so+0x924a10], sa_mask[0]=11111111011111111101111111111110, sa_flags=SA_RESTART|SA_SIGINFO
SIGTERM: [libjvm.so+0x924a10], sa_mask[0]=11111111011111111101111111111110, sa_flags=SA_RESTART|SA_SIGINFO
SIGQUIT: [libjvm.so+0x924a10], sa_mask[0]=11111111011111111101111111111110, sa_flags=SA_RESTART|SA_SIGINFO


---------------  S Y S T E M  ---------------

OS:DISTRIB_ID=Ubuntu
DISTRIB_RELEASE=16.04
DISTRIB_CODENAME=xenial
DISTRIB_DESCRIPTION="Ubuntu 16.04.2 LTS"

uname:Linux 4.4.0-83-generic #106-Ubuntu SMP Mon Jun 26 17:54:43 UTC 2017 x86_64
libc:glibc 2.23 NPTL 2.23 
rlimit: STACK 8192k, CORE 0k, NPROC 14742, NOFILE 65536, AS infinity
load average:0,13 2,51 2,47

/proc/meminfo:
MemTotal:        3913756 kB
MemFree:          108008 kB
MemAvailable:     367540 kB
Buffers:           23604 kB
Cached:           877956 kB
SwapCached:        94912 kB
Active:          2638984 kB
Inactive:         953776 kB
Active(anon):    2392236 kB
Inactive(anon):   760956 kB
Active(file):     246748 kB
Inactive(file):   192820 kB
Unevictable:         256 kB
Mlocked:             256 kB
SwapTotal:       8000508 kB
SwapFree:        6447932 kB
Dirty:               548 kB
Writeback:             0 kB
AnonPages:       2681324 kB
Mapped:           578664 kB
Shmem:            462092 kB
Slab:              87772 kB
SReclaimable:      45252 kB
SUnreclaim:        42520 kB
KernelStack:       13328 kB
PageTables:        64384 kB
NFS_Unstable:          0 kB
Bounce:                0 kB
WritebackTmp:          0 kB
CommitLimit:     9957384 kB
Committed_AS:   22482596 kB
VmallocTotal:   34359738367 kB
VmallocUsed:           0 kB
VmallocChunk:          0 kB
HardwareCorrupted:     0 kB
AnonHugePages:    897024 kB
CmaTotal:              0 kB
CmaFree:               0 kB
HugePages_Total:       0
HugePages_Free:        0
HugePages_Rsvd:        0
HugePages_Surp:        0
Hugepagesize:       2048 kB
DirectMap4k:      149820 kB
DirectMap2M:     3911680 kB
DirectMap1G:           0 kB


CPU:total 2 (initial active 2) (2 cores per cpu, 1 threads per core) family 6 model 60 stepping 3, cmov, cx8, fxsr, mmx, sse, sse2, sse3, ssse3, sse4.1, sse4.2, popcnt, clmul, erms, lzcnt, tsc, tscinvbit

/proc/cpuinfo:
processor	: 0
vendor_id	: GenuineIntel
cpu family	: 6
model		: 60
model name	: Intel(R) Pentium(R) CPU G3220 @ 3.00GHz
stepping	: 3
microcode	: 0x9
cpu MHz		: 2999.882
cache size	: 3072 KB
physical id	: 0
siblings	: 2
core id		: 0
cpu cores	: 2
apicid		: 0
initial apicid	: 0
fpu		: yes
fpu_exception	: yes
cpuid level	: 13
wp		: yes
flags		: fpu vme de pse tsc msr pae mce cx8 apic sep mtrr pge mca cmov pat pse36 clflush dts acpi mmx fxsr sse sse2 ss ht tm pbe syscall nx pdpe1gb rdtscp lm constant_tsc arch_perfmon pebs bts rep_good nopl xtopology nonstop_tsc aperfmperf eagerfpu pni pclmulqdq dtes64 monitor ds_cpl vmx est tm2 ssse3 sdbg cx16 xtpr pdcm pcid sse4_1 sse4_2 movbe popcnt tsc_deadline_timer xsave rdrand lahf_lm abm epb tpr_shadow vnmi flexpriority ept vpid fsgsbase tsc_adjust erms invpcid xsaveopt dtherm arat pln pts
bugs		:
bogomips	: 5986.51
clflush size	: 64
cache_alignment	: 64
address sizes	: 39 bits physical, 48 bits virtual
power management:

processor	: 1
vendor_id	: GenuineIntel
cpu family	: 6
model		: 60
model name	: Intel(R) Pentium(R) CPU G3220 @ 3.00GHz
stepping	: 3
microcode	: 0x9
cpu MHz		: 2999.882
cache size	: 3072 KB
physical id	: 0
siblings	: 2
core id		: 1
cpu cores	: 2
apicid		: 2
initial apicid	: 2
fpu		: yes
fpu_exception	: yes
cpuid level	: 13
wp		: yes
flags		: fpu vme de pse tsc msr pae mce cx8 apic sep mtrr pge mca cmov pat pse36 clflush dts acpi mmx fxsr sse sse2 ss ht tm pbe syscall nx pdpe1gb rdtscp lm constant_tsc arch_perfmon pebs bts rep_good nopl xtopology nonstop_tsc aperfmperf eagerfpu pni pclmulqdq dtes64 monitor ds_cpl vmx est tm2 ssse3 sdbg cx16 xtpr pdcm pcid sse4_1 sse4_2 movbe popcnt tsc_deadline_timer xsave rdrand lahf_lm abm epb tpr_shadow vnmi flexpriority ept vpid fsgsbase tsc_adjust erms invpcid xsaveopt dtherm arat pln pts
bugs		:
bogomips	: 5986.51
clflush size	: 64
cache_alignment	: 64
address sizes	: 39 bits physical, 48 bits virtual
power management:



Memory: 4k page, physical 3913756k(107884k free), swap 8000508k(6447932k free)

vm_info: Java HotSpot(TM) 64-Bit Server VM (25.131-b11) for linux-amd64 JRE (1.8.0_131-b11), built on Mar 15 2017 01:23:40 by "java_re" with gcc 4.3.0 20080428 (Red Hat 4.3.0-8)

time: Tue Feb 13 00:17:37 2018
elapsed time: 384 seconds (0d 0h 6m 24s)

