#
# A fatal error has been detected by the Java Runtime Environment:
#
#  SIGSEGV (0xb) at pc=0x00007fbda227f3b6, pid=16811, tid=0x00007fbd6515d700
#
# JRE version: Java(TM) SE Runtime Environment (8.0_131-b11) (build 1.8.0_131-b11)
# Java VM: Java HotSpot(TM) 64-Bit Server VM (25.131-b11 mixed mode linux-amd64 compressed oops)
# Problematic frame:
# J 8778 C1 org.codehaus.groovy.runtime.ArrayUtil.createArray(Ljava/lang/Object;Ljava/lang/Object;Ljava/lang/Object;)[Ljava/lang/Object; (17 bytes) @ 0x00007fbda227f3b6 [0x00007fbda227f240+0x176]
#
# Failed to write core dump. Core dumps have been disabled. To enable core dumping, try "ulimit -c unlimited" before starting Java again
#
# If you would like to submit a bug report, please visit:
#   http://bugreport.java.com/bugreport/crash.jsp
#

---------------  T H R E A D  ---------------

Current thread (0x00007fbdb1a06000):  JavaThread "http-nio-8080-exec-9" daemon [_thread_in_Java, id=16888, stack(0x00007fbd6505d000,0x00007fbd6515e000)]

siginfo: si_signo: 11 (SIGSEGV), si_code: 1 (SEGV_MAPERR), si_addr: 0x0000000000001fa8

Registers:
RAX=0x00000000f505d858, RBX=0x00000001000117a8, RCX=0x00000000200022f5, RDX=0x0000000000000028
RSP=0x00007fbd65153010, RBP=0x00007fbd651530c0, RSI=0x00000000f505d870, RDI=0x00007fbdb465d000
R8 =0x00000000d119b168, R9 =0x0000000000000000, R10=0x0000000000000000, R11=0x0000000000001fa0
R12=0x0000000000000000, R13=0x00007fbd65153058, R14=0x00007fbd651530f8, R15=0x00007fbdb1a06000
RIP=0x00007fbda227f3b6, EFLAGS=0x0000000000010202, CSGSFS=0x0000000000000033, ERR=0x0000000000000004
  TRAPNO=0x000000000000000e

Top of Stack: (sp=0x00007fbd65153010)
0x00007fbd65153010:   00007fbd5fe52110 00007fbdb1a06000
0x00007fbd65153020:   00007fbd5fe52110 00007fbdb1a06000
0x00007fbd65153030:   00007fbd5fe58af8 00007fbdb1a06000
0x00007fbd65153040:   00007fbd651530c0 00007fbda1008040
0x00007fbd65153050:   00007fbda1008040 0000000000001fa0
0x00007fbd65153060:   0000000000000000 00000000d119b168
0x00007fbd65153070:   00000000d316eed8 00000000f3e11f68
0x00007fbd65153080:   00007fbd65153080 00007fbdb452feef
0x00007fbd65153090:   00007fbd651530f8 00007fbdb4531f60
0x00007fbd651530a0:   0000000000000000 00007fbdb452ff50
0x00007fbd651530b0:   00007fbd65153058 00007fbd651530d8
0x00007fbd651530c0:   00007fbd65153140 00007fbda1008114
0x00007fbd651530d0:   00000000f3e11f68 0000000000001fa0
0x00007fbd651530e0:   0000000000000000 00000000d119b168
0x00007fbd651530f0:   00000000d316eed8 00000000f3e11f68
0x00007fbd65153100:   00007fbd65153100 00007fbd5fe58abf
0x00007fbd65153110:   00007fbd65153160 00007fbd5fe66e00
0x00007fbd65153120:   0000000000000000 00007fbd5fe58af8
0x00007fbd65153130:   00007fbd651530d8 00007fbd65153158
0x00007fbd65153140:   00007fbd651531a8 00007fbda1008040
0x00007fbd65153150:   00000000f3e11568 0000000000001fa0
0x00007fbd65153160:   0000000000000000 00007fbd65153168
0x00007fbd65153170:   00007fbd5fe4981a 00007fbd651531d0
0x00007fbd65153180:   00007fbd5fe64938 0000000000000000
0x00007fbd65153190:   00007fbd5fe49820 00007fbd65153158
0x00007fbd651531a0:   00007fbd651531b8 00007fbd65153218
0x00007fbd651531b0:   00007fbda1008114 0000000000001fa0
0x00007fbd651531c0:   0000000000000000 0000000000000000
0x00007fbd651531d0:   00000000f3de6be8 00007fbd651531d8
0x00007fbd651531e0:   00007fbd67c5f778 00007fbd65153238
0x00007fbd651531f0:   00007fbd67275898 0000000000000000
0x00007fbd65153200:   00007fbd67c5f7c8 00007fbd651531b8 

Instructions: (pc=0x00007fbda227f3b6)
0x00007fbda227f396:   44 89 16 48 c1 ee 09 c6 04 3e 00 48 8d 70 18 49
0x00007fbda227f3a6:   83 fb 00 0f 84 47 00 00 00 8b 58 08 48 c1 e3 03
0x00007fbda227f3b6:   41 8b 53 08 48 c1 e2 03 48 8b 9b e8 00 00 00 48
0x00007fbda227f3c6:   3b d3 0f 84 28 00 00 00 8b 4b 0c 48 3b 1c 0a 0f 

Register to memory mapping:

RAX=0x00000000f505d858 is an oop
[Ljava.lang.Object; 
 - klass: 'java/lang/Object'[]
 - length: 3
RBX=0x00000001000117a8 is pointing into metadata
RCX=0x00000000200022f5 is an unknown value
RDX=0x0000000000000028 is an unknown value
RSP=0x00007fbd65153010 is pointing into the stack for thread: 0x00007fbdb1a06000
RBP=0x00007fbd651530c0 is pointing into the stack for thread: 0x00007fbdb1a06000
RSI=0x00000000f505d870 is an oop

[error occurred during error reporting (printing register info), id 0xb]

Stack: [0x00007fbd6505d000,0x00007fbd6515e000],  sp=0x00007fbd65153010,  free space=984k
Native frames: (J=compiled Java code, j=interpreted, Vv=VM code, C=native code)
J 8778 C1 org.codehaus.groovy.runtime.ArrayUtil.createArray(Ljava/lang/Object;Ljava/lang/Object;Ljava/lang/Object;)[Ljava/lang/Object; (17 bytes) @ 0x00007fbda227f3b6 [0x00007fbda227f240+0x176]
j  org.codehaus.groovy.runtime.callsite.AbstractCallSite.call(Ljava/lang/Object;Ljava/lang/Object;Ljava/lang/Object;Ljava/lang/Object;)Ljava/lang/Object;+39
j  nuevo_foro_fiuba.Usuario$$EQjV4bd2.executeQuery(Ljava/lang/CharSequence;Ljava/util/Map;)Ljava/util/List;+15
j  nuevo_foro_fiuba.Usuario$$DQjV4bd2.executeQuery(Lnuevo_foro_fiuba/Usuario;Ljava/lang/CharSequence;Ljava/util/Map;)Ljava/util/List;+2
j  nuevo_foro_fiuba.Usuario.executeQuery(Ljava/lang/CharSequence;Ljava/util/Map;)Ljava/util/List;+24
v  ~StubRoutines::call_stub
V  [libjvm.so+0x691d16]  JavaCalls::call_helper(JavaValue*, methodHandle*, JavaCallArguments*, Thread*)+0x1056
V  [libjvm.so+0x99d637]  Reflection::invoke(instanceKlassHandle, methodHandle, Handle, bool, objArrayHandle, BasicType, objArrayHandle, bool, Thread*)+0x5d7
V  [libjvm.so+0x9a0d47]  Reflection::invoke_method(oopDesc*, Handle, objArrayHandle, Thread*)+0x147
V  [libjvm.so+0x7253cb]  JVM_InvokeMethod+0x26b
J 2124  sun.reflect.NativeMethodAccessorImpl.invoke0(Ljava/lang/reflect/Method;Ljava/lang/Object;[Ljava/lang/Object;)Ljava/lang/Object; (0 bytes) @ 0x00007fbda15b34ad [0x00007fbda15b33c0+0xed]
J 2123 C1 sun.reflect.NativeMethodAccessorImpl.invoke(Ljava/lang/Object;[Ljava/lang/Object;)Ljava/lang/Object; (104 bytes) @ 0x00007fbda15b3b54 [0x00007fbda15b37e0+0x374]
J 820 C1 sun.reflect.DelegatingMethodAccessorImpl.invoke(Ljava/lang/Object;[Ljava/lang/Object;)Ljava/lang/Object; (10 bytes) @ 0x00007fbda139b784 [0x00007fbda139b740+0x44]
J 819 C1 java.lang.reflect.Method.invoke(Ljava/lang/Object;[Ljava/lang/Object;)Ljava/lang/Object; (62 bytes) @ 0x00007fbda139b394 [0x00007fbda139b2a0+0xf4]
J 1930 C1 org.springsource.loaded.ri.ReflectiveInterceptor.jlrMethodInvoke(Ljava/lang/reflect/Method;Ljava/lang/Object;[Ljava/lang/Object;)Ljava/lang/Object; (2214 bytes) @ 0x00007fbda1555fcc [0x00007fbda15549a0+0x162c]
J 3642 C1 org.codehaus.groovy.reflection.CachedMethod.invoke(Ljava/lang/Object;[Ljava/lang/Object;)Ljava/lang/Object; (70 bytes) @ 0x00007fbda18c9374 [0x00007fbda18c9340+0x34]
J 1953 C1 groovy.lang.MetaMethod.doMethodInvoke(Ljava/lang/Object;[Ljava/lang/Object;)Ljava/lang/Object; (22 bytes) @ 0x00007fbda156aa14 [0x00007fbda156a9a0+0x74]
J 4134 C1 org.codehaus.groovy.runtime.metaclass.MethodMetaProperty$GetBeanMethodMetaProperty.getProperty(Ljava/lang/Object;)Ljava/lang/Object; (12 bytes) @ 0x00007fbda19d7a8c [0x00007fbda19d7a40+0x4c]
j  org.codehaus.groovy.runtime.callsite.GetEffectivePogoPropertySite.getProperty(Ljava/lang/Object;)Ljava/lang/Object;+5
j  org.codehaus.groovy.runtime.callsite.GetEffectivePogoPropertySite.callGetProperty(Ljava/lang/Object;)Ljava/lang/Object;+35
j  home_rodrigo_nuevo_foro_fiuba_grails_app_views_publicacion_verPublicacion_gsp$_run_closure2$_closure16$_closure68.doCall(Ljava/lang/Object;)Ljava/lang/Object;+27
v  ~StubRoutines::call_stub
V  [libjvm.so+0x691d16]  JavaCalls::call_helper(JavaValue*, methodHandle*, JavaCallArguments*, Thread*)+0x1056
V  [libjvm.so+0x99d637]  Reflection::invoke(instanceKlassHandle, methodHandle, Handle, bool, objArrayHandle, BasicType, objArrayHandle, bool, Thread*)+0x5d7
V  [libjvm.so+0x9a0d47]  Reflection::invoke_method(oopDesc*, Handle, objArrayHandle, Thread*)+0x147
V  [libjvm.so+0x7253cb]  JVM_InvokeMethod+0x26b
J 2124  sun.reflect.NativeMethodAccessorImpl.invoke0(Ljava/lang/reflect/Method;Ljava/lang/Object;[Ljava/lang/Object;)Ljava/lang/Object; (0 bytes) @ 0x00007fbda15b34ad [0x00007fbda15b33c0+0xed]
J 2123 C1 sun.reflect.NativeMethodAccessorImpl.invoke(Ljava/lang/Object;[Ljava/lang/Object;)Ljava/lang/Object; (104 bytes) @ 0x00007fbda15b3b54 [0x00007fbda15b37e0+0x374]
J 820 C1 sun.reflect.DelegatingMethodAccessorImpl.invoke(Ljava/lang/Object;[Ljava/lang/Object;)Ljava/lang/Object; (10 bytes) @ 0x00007fbda139b784 [0x00007fbda139b740+0x44]
J 819 C1 java.lang.reflect.Method.invoke(Ljava/lang/Object;[Ljava/lang/Object;)Ljava/lang/Object; (62 bytes) @ 0x00007fbda139b394 [0x00007fbda139b2a0+0xf4]
J 1930 C1 org.springsource.loaded.ri.ReflectiveInterceptor.jlrMethodInvoke(Ljava/lang/reflect/Method;Ljava/lang/Object;[Ljava/lang/Object;)Ljava/lang/Object; (2214 bytes) @ 0x00007fbda155611c [0x00007fbda15549a0+0x177c]
J 3642 C1 org.codehaus.groovy.reflection.CachedMethod.invoke(Ljava/lang/Object;[Ljava/lang/Object;)Ljava/lang/Object; (70 bytes) @ 0x00007fbda18c9374 [0x00007fbda18c9340+0x34]
J 1953 C1 groovy.lang.MetaMethod.doMethodInvoke(Ljava/lang/Object;[Ljava/lang/Object;)Ljava/lang/Object; (22 bytes) @ 0x00007fbda156aa14 [0x00007fbda156a9a0+0x74]
J 3587 C1 org.codehaus.groovy.runtime.metaclass.ClosureMetaClass.invokeMethod(Ljava/lang/Class;Ljava/lang/Object;Ljava/lang/String;[Ljava/lang/Object;ZZ)Ljava/lang/Object; (892 bytes) @ 0x00007fbda18a8b54 [0x00007fbda18a7960+0x11f4]
J 1932 C1 groovy.lang.MetaClassImpl.invokeMethod(Ljava/lang/Object;Ljava/lang/String;[Ljava/lang/Object;)Ljava/lang/Object; (14 bytes) @ 0x00007fbda156235c [0x00007fbda1562300+0x5c]
J 4073 C1 groovy.lang.Closure.call([Ljava/lang/Object;)Ljava/lang/Object; (30 bytes) @ 0x00007fbda19b277c [0x00007fbda19b2700+0x7c]
J 6285 C1 groovy.lang.Closure.call(Ljava/lang/Object;)Ljava/lang/Object; (13 bytes) @ 0x00007fbda1d3b174 [0x00007fbda1d3b040+0x134]
j  org.grails.gsp.GroovyPage.evaluate(Ljava/lang/String;ILjava/lang/Object;Lgroovy/lang/Closure;)Ljava/lang/Object;+3
J 8768 C1 sun.reflect.GeneratedMethodAccessor167.invoke(Ljava/lang/Object;[Ljava/lang/Object;)Ljava/lang/Object; (163 bytes) @ 0x00007fbda2278d2c [0x00007fbda2278a20+0x30c]
J 820 C1 sun.reflect.DelegatingMethodAccessorImpl.invoke(Ljava/lang/Object;[Ljava/lang/Object;)Ljava/lang/Object; (10 bytes) @ 0x00007fbda139b784 [0x00007fbda139b740+0x44]
J 819 C1 java.lang.reflect.Method.invoke(Ljava/lang/Object;[Ljava/lang/Object;)Ljava/lang/Object; (62 bytes) @ 0x00007fbda139b394 [0x00007fbda139b2a0+0xf4]
J 1930 C1 org.springsource.loaded.ri.ReflectiveInterceptor.jlrMethodInvoke(Ljava/lang/reflect/Method;Ljava/lang/Object;[Ljava/lang/Object;)Ljava/lang/Object; (2214 bytes) @ 0x00007fbda155611c [0x00007fbda15549a0+0x177c]
J 3642 C1 org.codehaus.groovy.reflection.CachedMethod.invoke(Ljava/lang/Object;[Ljava/lang/Object;)Ljava/lang/Object; (70 bytes) @ 0x00007fbda18c9374 [0x00007fbda18c9340+0x34]
J 1953 C1 groovy.lang.MetaMethod.doMethodInvoke(Ljava/lang/Object;[Ljava/lang/Object;)Ljava/lang/Object; (22 bytes) @ 0x00007fbda156aa14 [0x00007fbda156a9a0+0x74]
J 3587 C1 org.codehaus.groovy.runtime.metaclass.ClosureMetaClass.invokeMethod(Ljava/lang/Class;Ljava/lang/Object;Ljava/lang/String;[Ljava/lang/Object;ZZ)Ljava/lang/Object; (892 bytes) @ 0x00007fbda18a8b1c [0x00007fbda18a7960+0x11bc]
J 1932 C1 groovy.lang.MetaClassImpl.invokeMethod(Ljava/lang/Object;Ljava/lang/String;[Ljava/lang/Object;)Ljava/lang/Object; (14 bytes) @ 0x00007fbda156235c [0x00007fbda1562300+0x5c]
J 7564 C1 org.codehaus.groovy.runtime.callsite.PogoMetaClassSite.callCurrent(Lgroovy/lang/GroovyObject;[Ljava/lang/Object;)Ljava/lang/Object; (92 bytes) @ 0x00007fbda1f9d48c [0x00007fbda1f9d380+0x10c]
J 8764 C1 org.codehaus.groovy.runtime.callsite.AbstractCallSite.callCurrent(Lgroovy/lang/GroovyObject;Ljava/lang/Object;Ljava/lang/Object;Ljava/lang/Object;Ljava/lang/Object;)Ljava/lang/Object; (50 bytes) @ 0x00007fbda2277494 [0x00007fbda22771e0+0x2b4]
j  home_rodrigo_nuevo_foro_fiuba_grails_app_views_publicacion_verPublicacion_gsp$_run_closure2$_closure16.doCall()Ljava/lang/Object;+2698
v  ~StubRoutines::call_stub
V  [libjvm.so+0x691d16]  JavaCalls::call_helper(JavaValue*, methodHandle*, JavaCallArguments*, Thread*)+0x1056
V  [libjvm.so+0x99d637]  Reflection::invoke(instanceKlassHandle, methodHandle, Handle, bool, objArrayHandle, BasicType, objArrayHandle, bool, Thread*)+0x5d7
V  [libjvm.so+0x9a0d47]  Reflection::invoke_method(oopDesc*, Handle, objArrayHandle, Thread*)+0x147
V  [libjvm.so+0x7253cb]  JVM_InvokeMethod+0x26b
J 2124  sun.reflect.NativeMethodAccessorImpl.invoke0(Ljava/lang/reflect/Method;Ljava/lang/Object;[Ljava/lang/Object;)Ljava/lang/Object; (0 bytes) @ 0x00007fbda15b34ad [0x00007fbda15b33c0+0xed]
J 2123 C1 sun.reflect.NativeMethodAccessorImpl.invoke(Ljava/lang/Object;[Ljava/lang/Object;)Ljava/lang/Object; (104 bytes) @ 0x00007fbda15b3b54 [0x00007fbda15b37e0+0x374]
J 820 C1 sun.reflect.DelegatingMethodAccessorImpl.invoke(Ljava/lang/Object;[Ljava/lang/Object;)Ljava/lang/Object; (10 bytes) @ 0x00007fbda139b784 [0x00007fbda139b740+0x44]
J 819 C1 java.lang.reflect.Method.invoke(Ljava/lang/Object;[Ljava/lang/Object;)Ljava/lang/Object; (62 bytes) @ 0x00007fbda139b394 [0x00007fbda139b2a0+0xf4]
J 1930 C1 org.springsource.loaded.ri.ReflectiveInterceptor.jlrMethodInvoke(Ljava/lang/reflect/Method;Ljava/lang/Object;[Ljava/lang/Object;)Ljava/lang/Object; (2214 bytes) @ 0x00007fbda155611c [0x00007fbda15549a0+0x177c]
J 3642 C1 org.codehaus.groovy.reflection.CachedMethod.invoke(Ljava/lang/Object;[Ljava/lang/Object;)Ljava/lang/Object; (70 bytes) @ 0x00007fbda18c9374 [0x00007fbda18c9340+0x34]
J 1953 C1 groovy.lang.MetaMethod.doMethodInvoke(Ljava/lang/Object;[Ljava/lang/Object;)Ljava/lang/Object; (22 bytes) @ 0x00007fbda156aa14 [0x00007fbda156a9a0+0x74]
J 3587 C1 org.codehaus.groovy.runtime.metaclass.ClosureMetaClass.invokeMethod(Ljava/lang/Class;Ljava/lang/Object;Ljava/lang/String;[Ljava/lang/Object;ZZ)Ljava/lang/Object; (892 bytes) @ 0x00007fbda18a8b54 [0x00007fbda18a7960+0x11f4]
J 1932 C1 groovy.lang.MetaClassImpl.invokeMethod(Ljava/lang/Object;Ljava/lang/String;[Ljava/lang/Object;)Ljava/lang/Object; (14 bytes) @ 0x00007fbda156235c [0x00007fbda1562300+0x5c]
J 4073 C1 groovy.lang.Closure.call([Ljava/lang/Object;)Ljava/lang/Object; (30 bytes) @ 0x00007fbda19b277c [0x00007fbda19b2700+0x7c]
j  groovy.lang.Closure.call()Ljava/lang/Object;+6
j  org.grails.taglib.TagBodyClosure.executeClosure(Ljava/lang/Object;)Ljava/lang/Object;+27
j  org.grails.taglib.TagBodyClosure.captureClosureOutput(Ljava/lang/Object;Z)Ljava/lang/Object;+81
j  org.grails.taglib.TagBodyClosure.call()Ljava/lang/Object;+3
j  java_util_concurrent_Callable$call.call(Ljava/lang/Object;)Ljava/lang/Object;+12
j  org.grails.plugins.web.taglib.FormTagLib$_closure9.doCall(Ljava/lang/Object;Ljava/lang/Object;)Ljava/lang/Object;+1206
v  ~StubRoutines::call_stub
V  [libjvm.so+0x691d16]  JavaCalls::call_helper(JavaValue*, methodHandle*, JavaCallArguments*, Thread*)+0x1056
V  [libjvm.so+0x99d637]  Reflection::invoke(instanceKlassHandle, methodHandle, Handle, bool, objArrayHandle, BasicType, objArrayHandle, bool, Thread*)+0x5d7
V  [libjvm.so+0x9a0d47]  Reflection::invoke_method(oopDesc*, Handle, objArrayHandle, Thread*)+0x147
V  [libjvm.so+0x7253cb]  JVM_InvokeMethod+0x26b
J 2124  sun.reflect.NativeMethodAccessorImpl.invoke0(Ljava/lang/reflect/Method;Ljava/lang/Object;[Ljava/lang/Object;)Ljava/lang/Object; (0 bytes) @ 0x00007fbda15b34ad [0x00007fbda15b33c0+0xed]
J 2123 C1 sun.reflect.NativeMethodAccessorImpl.invoke(Ljava/lang/Object;[Ljava/lang/Object;)Ljava/lang/Object; (104 bytes) @ 0x00007fbda15b3b54 [0x00007fbda15b37e0+0x374]
J 820 C1 sun.reflect.DelegatingMethodAccessorImpl.invoke(Ljava/lang/Object;[Ljava/lang/Object;)Ljava/lang/Object; (10 bytes) @ 0x00007fbda139b784 [0x00007fbda139b740+0x44]
J 819 C1 java.lang.reflect.Method.invoke(Ljava/lang/Object;[Ljava/lang/Object;)Ljava/lang/Object; (62 bytes) @ 0x00007fbda139b394 [0x00007fbda139b2a0+0xf4]
J 1930 C1 org.springsource.loaded.ri.ReflectiveInterceptor.jlrMethodInvoke(Ljava/lang/reflect/Method;Ljava/lang/Object;[Ljava/lang/Object;)Ljava/lang/Object; (2214 bytes) @ 0x00007fbda155611c [0x00007fbda15549a0+0x177c]
J 3642 C1 org.codehaus.groovy.reflection.CachedMethod.invoke(Ljava/lang/Object;[Ljava/lang/Object;)Ljava/lang/Object; (70 bytes) @ 0x00007fbda18c9374 [0x00007fbda18c9340+0x34]
J 1953 C1 groovy.lang.MetaMethod.doMethodInvoke(Ljava/lang/Object;[Ljava/lang/Object;)Ljava/lang/Object; (22 bytes) @ 0x00007fbda156aa14 [0x00007fbda156a9a0+0x74]
J 3587 C1 org.codehaus.groovy.runtime.metaclass.ClosureMetaClass.invokeMethod(Ljava/lang/Class;Ljava/lang/Object;Ljava/lang/String;[Ljava/lang/Object;ZZ)Ljava/lang/Object; (892 bytes) @ 0x00007fbda18a8b54 [0x00007fbda18a7960+0x11f4]
J 1932 C1 groovy.lang.MetaClassImpl.invokeMethod(Ljava/lang/Object;Ljava/lang/String;[Ljava/lang/Object;)Ljava/lang/Object; (14 bytes) @ 0x00007fbda156235c [0x00007fbda1562300+0x5c]
J 4073 C1 groovy.lang.Closure.call([Ljava/lang/Object;)Ljava/lang/Object; (30 bytes) @ 0x00007fbda19b277c [0x00007fbda19b2700+0x7c]
j  org.grails.gsp.GroovyPage.invokeTagLibClosure(Ljava/lang/String;Ljava/lang/String;Lgroovy/lang/Closure;Ljava/util/Map;Lgroovy/lang/Closure;ZLjava/util/Map;)V+193
j  org.grails.gsp.GroovyPage.invokeTag(Ljava/lang/String;Ljava/lang/String;ILjava/util/Map;I)V+258
j  sun.reflect.GeneratedMethodAccessor182.invoke(Ljava/lang/Object;[Ljava/lang/Object;)Ljava/lang/Object;+220
J 820 C1 sun.reflect.DelegatingMethodAccessorImpl.invoke(Ljava/lang/Object;[Ljava/lang/Object;)Ljava/lang/Object; (10 bytes) @ 0x00007fbda139b784 [0x00007fbda139b740+0x44]
J 819 C1 java.lang.reflect.Method.invoke(Ljava/lang/Object;[Ljava/lang/Object;)Ljava/lang/Object; (62 bytes) @ 0x00007fbda139b394 [0x00007fbda139b2a0+0xf4]
J 1930 C1 org.springsource.loaded.ri.ReflectiveInterceptor.jlrMethodInvoke(Ljava/lang/reflect/Method;Ljava/lang/Object;[Ljava/lang/Object;)Ljava/lang/Object; (2214 bytes) @ 0x00007fbda155611c [0x00007fbda15549a0+0x177c]
J 3642 C1 org.codehaus.groovy.reflection.CachedMethod.invoke(Ljava/lang/Object;[Ljava/lang/Object;)Ljava/lang/Object; (70 bytes) @ 0x00007fbda18c9374 [0x00007fbda18c9340+0x34]
J 1953 C1 groovy.lang.MetaMethod.doMethodInvoke(Ljava/lang/Object;[Ljava/lang/Object;)Ljava/lang/Object; (22 bytes) @ 0x00007fbda156aa14 [0x00007fbda156a9a0+0x74]
J 3587 C1 org.codehaus.groovy.runtime.metaclass.ClosureMetaClass.invokeMethod(Ljava/lang/Class;Ljava/lang/Object;Ljava/lang/String;[Ljava/lang/Object;ZZ)Ljava/lang/Object; (892 bytes) @ 0x00007fbda18a8b1c [0x00007fbda18a7960+0x11bc]
J 1932 C1 groovy.lang.MetaClassImpl.invokeMethod(Ljava/lang/Object;Ljava/lang/String;[Ljava/lang/Object;)Ljava/lang/Object; (14 bytes) @ 0x00007fbda156235c [0x00007fbda1562300+0x5c]
J 7564 C1 org.codehaus.groovy.runtime.callsite.PogoMetaClassSite.callCurrent(Lgroovy/lang/GroovyObject;[Ljava/lang/Object;)Ljava/lang/Object; (92 bytes) @ 0x00007fbda1f9d48c [0x00007fbda1f9d380+0x10c]
j  home_rodrigo_nuevo_foro_fiuba_grails_app_views_publicacion_verPublicacion_gsp$_run_closure2.doCall()Ljava/lang/Object;+708
v  ~StubRoutines::call_stub
V  [libjvm.so+0x691d16]  JavaCalls::call_helper(JavaValue*, methodHandle*, JavaCallArguments*, Thread*)+0x1056
V  [libjvm.so+0x99d637]  Reflection::invoke(instanceKlassHandle, methodHandle, Handle, bool, objArrayHandle, BasicType, objArrayHandle, bool, Thread*)+0x5d7
...<more frames>...


---------------  P R O C E S S  ---------------

Java Threads: ( => current thread )
  0x00007fbdb0015800 JavaThread "DestroyJavaVM" [_thread_blocked, id=16813, stack(0x00007fbdb82c0000,0x00007fbdb83c1000)]
  0x00007fbdb1a64800 JavaThread "Thread-6" daemon [_thread_blocked, id=16896, stack(0x00007fbd64855000,0x00007fbd64956000)]
  0x00007fbdb1a63800 JavaThread "Thread-8" [_thread_blocked, id=16895, stack(0x00007fbd64956000,0x00007fbd64a57000)]
  0x00007fbdb1a5a800 JavaThread "Thread-7" daemon [_thread_in_native, id=16894, stack(0x00007fbd64a57000,0x00007fbd64b58000)]
  0x00007fbdb1a42800 JavaThread "http-nio-8080-AsyncTimeout" daemon [_thread_blocked, id=16893, stack(0x00007fbd64b58000,0x00007fbd64c59000)]
  0x00007fbdb1a40800 JavaThread "http-nio-8080-Acceptor-0" daemon [_thread_in_native, id=16892, stack(0x00007fbd64c59000,0x00007fbd64d5a000)]
  0x00007fbdb1a3e000 JavaThread "http-nio-8080-ClientPoller-1" daemon [_thread_in_native, id=16891, stack(0x00007fbd64d5a000,0x00007fbd64e5b000)]
  0x00007fbdb1a23800 JavaThread "http-nio-8080-ClientPoller-0" daemon [_thread_in_native, id=16890, stack(0x00007fbd64e5b000,0x00007fbd64f5c000)]
  0x00007fbdb1a07800 JavaThread "http-nio-8080-exec-10" daemon [_thread_blocked, id=16889, stack(0x00007fbd64f5c000,0x00007fbd6505d000)]
=>0x00007fbdb1a06000 JavaThread "http-nio-8080-exec-9" daemon [_thread_in_Java, id=16888, stack(0x00007fbd6505d000,0x00007fbd6515e000)]
  0x00007fbdb1a04000 JavaThread "http-nio-8080-exec-8" daemon [_thread_blocked, id=16887, stack(0x00007fbd6515e000,0x00007fbd6525f000)]
  0x00007fbdb1a02000 JavaThread "http-nio-8080-exec-7" daemon [_thread_blocked, id=16886, stack(0x00007fbd6525f000,0x00007fbd65360000)]
  0x00007fbdb1a00000 JavaThread "http-nio-8080-exec-6" daemon [_thread_blocked, id=16885, stack(0x00007fbd65360000,0x00007fbd65461000)]
  0x00007fbdb19fe000 JavaThread "http-nio-8080-exec-5" daemon [_thread_blocked, id=16884, stack(0x00007fbd65461000,0x00007fbd65562000)]
  0x00007fbdb19fc000 JavaThread "http-nio-8080-exec-4" daemon [_thread_blocked, id=16883, stack(0x00007fbd65562000,0x00007fbd65663000)]
  0x00007fbdb19fa000 JavaThread "http-nio-8080-exec-3" daemon [_thread_blocked, id=16882, stack(0x00007fbd65663000,0x00007fbd65764000)]
  0x00007fbdb19f8000 JavaThread "http-nio-8080-exec-2" daemon [_thread_blocked, id=16881, stack(0x00007fbd65764000,0x00007fbd65865000)]
  0x00007fbdb19f6800 JavaThread "http-nio-8080-exec-1" daemon [_thread_blocked, id=16880, stack(0x00007fbd65865000,0x00007fbd65966000)]
  0x00007fbdb19f3800 JavaThread "NioBlockingSelector.BlockPoller-1" daemon [_thread_in_native, id=16879, stack(0x00007fbd65966000,0x00007fbd65a67000)]
  0x00007fbdb1392000 JavaThread "container-0" [_thread_blocked, id=16875, stack(0x00007fbd66067000,0x00007fbd66168000)]
  0x00007fbdb1390000 JavaThread "ContainerBackgroundProcessor[StandardEngine[Tomcat]]" daemon [_thread_blocked, id=16874, stack(0x00007fbd66168000,0x00007fbd66269000)]
  0x00007fbdb12b9800 JavaThread "Tomcat JDBC Pool Cleaner[414493378:1518486109859]" daemon [_thread_blocked, id=16861, stack(0x00007fbd9c94f000,0x00007fbd9ca50000)]
  0x00007fbdb079a000 JavaThread "FileSystemWatcher: files=#76 cl=sun.misc.Launcher$AppClassLoader@18b4aac2" daemon [_thread_blocked, id=16830, stack(0x00007fbd9d9c3000,0x00007fbd9dac4000)]
  0x00007fbdb0732000 JavaThread "Service Thread" daemon [_thread_blocked, id=16828, stack(0x00007fbd9dbd8000,0x00007fbd9dcd9000)]
  0x00007fbdb0721800 JavaThread "C1 CompilerThread2" daemon [_thread_blocked, id=16827, stack(0x00007fbd9dcd9000,0x00007fbd9ddda000)]
  0x00007fbdb071f000 JavaThread "C2 CompilerThread1" daemon [_thread_blocked, id=16826, stack(0x00007fbd9ddda000,0x00007fbd9dedb000)]
  0x00007fbdb0729800 JavaThread "C2 CompilerThread0" daemon [_thread_blocked, id=16825, stack(0x00007fbd9dedb000,0x00007fbd9dfdc000)]
  0x00007fbdb0145800 JavaThread "Signal Dispatcher" daemon [_thread_blocked, id=16824, stack(0x00007fbd9e3cd000,0x00007fbd9e4ce000)]
  0x00007fbdb0112800 JavaThread "Finalizer" daemon [_thread_blocked, id=16823, stack(0x00007fbd9ea1b000,0x00007fbd9eb1c000)]
  0x00007fbdb010e000 JavaThread "Reference Handler" daemon [_thread_blocked, id=16822, stack(0x00007fbd9eb1c000,0x00007fbd9ec1d000)]

Other Threads:
  0x00007fbdb0106000 VMThread [stack: 0x00007fbd9ec1d000,0x00007fbd9ed1e000] [id=16821]
  0x00007fbdb0734800 WatcherThread [stack: 0x00007fbd9dad7000,0x00007fbd9dbd8000] [id=16829]

VM state:not at safepoint (normal execution)

VM Mutex/Monitor currently owned by a thread: None

Heap:
 PSYoungGen      total 238592K, used 95973K [0x00000000f0000000, 0x0000000100000000, 0x0000000100000000)
  eden space 214528K, 38% used [0x00000000f0000000,0x00000000f50708d0,0x00000000fd180000)
  from space 24064K, 56% used [0x00000000fe880000,0x00000000ff5c8e28,0x0000000100000000)
  to   space 23552K, 0% used [0x00000000fd180000,0x00000000fd180000,0x00000000fe880000)
 ParOldGen       total 524288K, used 127805K [0x00000000d0000000, 0x00000000f0000000, 0x00000000f0000000)
  object space 524288K, 24% used [0x00000000d0000000,0x00000000d7ccf408,0x00000000f0000000)
 Metaspace       used 73029K, capacity 76244K, committed 76584K, reserved 1116160K
  class space    used 9126K, capacity 10195K, committed 10288K, reserved 1048576K

Card table byte_map: [0x00007fbdb4cdd000,0x00007fbdb4e5e000] byte_map_base: 0x00007fbdb465d000

Marking Bits: (ParMarkBitMap*) 0x00007fbdb7793f60
 Begin Bits: [0x00007fbd9f800000, 0x00007fbda0400000)
 End Bits:   [0x00007fbda0400000, 0x00007fbda1000000)

Polling page: 0x00007fbdb83e4000

CodeCache: size=245760Kb used=20550Kb max_used=20550Kb free=225209Kb
 bounds [0x00007fbda1000000, 0x00007fbda2420000, 0x00007fbdb0000000]
 total_blobs=10107 nmethods=9312 adapters=706
 compilation: enabled

Compilation events (10 events):
Event: 5256,690 Thread 0x00007fbdb0721800 9507       1       groovy.lang.ExpandoMetaClass::hasOverrideGetProperty (31 bytes)
Event: 5256,690 Thread 0x00007fbdb0721800 nmethod 9507 0x00007fbda2414c90 code [0x00007fbda2414e00, 0x00007fbda2414fb8]
Event: 5256,691 Thread 0x00007fbdb0721800 9508       1       org.springsource.loaded.ri.OriginalClassInvoker::invoke (17 bytes)
Event: 5256,691 Thread 0x00007fbdb0721800 nmethod 9508 0x00007fbda2415090 code [0x00007fbda2415220, 0x00007fbda2415438]
Event: 5256,691 Thread 0x00007fbdb0721800 9509       1       org.springsource.loaded.ri.Invoker::getJavaMethod (20 bytes)
Event: 5256,691 Thread 0x00007fbdb0721800 nmethod 9509 0x00007fbda24155d0 code [0x00007fbda2415740, 0x00007fbda24158a8]
Event: 5256,692 Thread 0x00007fbdb0721800 9510       1       grails.web.api.ServletAttributes$Trait$Helper::getRequest (12 bytes)
Event: 5256,692 Thread 0x00007fbdb0721800 nmethod 9510 0x00007fbda2415910 code [0x00007fbda2415a80, 0x00007fbda2415ba8]
Event: 5256,693 Thread 0x00007fbdb0721800 9511   !   1       org.grails.buffer.GrailsPrintWriter::leftShift (134 bytes)
Event: 5256,693 Thread 0x00007fbdb0721800 nmethod 9511 0x00007fbda2415c90 code [0x00007fbda2415ec0, 0x00007fbda2416548]

GC Heap History (10 events):
Event: 108,456 GC heap before
{Heap before GC invocations=25 (full 3):
 PSYoungGen      total 240128K, used 229326K [0x00000000f0000000, 0x0000000100000000, 0x0000000100000000)
  eden space 219136K, 100% used [0x00000000f0000000,0x00000000fd600000,0x00000000fd600000)
  from space 20992K, 48% used [0x00000000fd600000,0x00000000fdff3950,0x00000000fea80000)
  to   space 19968K, 0% used [0x00000000fec80000,0x00000000fec80000,0x0000000100000000)
 ParOldGen       total 524288K, used 102677K [0x00000000d0000000, 0x00000000f0000000, 0x00000000f0000000)
  object space 524288K, 19% used [0x00000000d0000000,0x00000000d6445788,0x00000000f0000000)
 Metaspace       used 66838K, capacity 68484K, committed 68776K, reserved 1110016K
  class space    used 8166K, capacity 8583K, committed 8624K, reserved 1048576K
Event: 108,485 GC heap after
Heap after GC invocations=25 (full 3):
 PSYoungGen      total 242176K, used 12083K [0x00000000f0000000, 0x0000000100000000, 0x0000000100000000)
  eden space 222208K, 0% used [0x00000000f0000000,0x00000000f0000000,0x00000000fd900000)
  from space 19968K, 60% used [0x00000000fec80000,0x00000000ff84cc70,0x0000000100000000)
  to   space 19968K, 0% used [0x00000000fd900000,0x00000000fd900000,0x00000000fec80000)
 ParOldGen       total 524288K, used 109690K [0x00000000d0000000, 0x00000000f0000000, 0x00000000f0000000)
  object space 524288K, 20% used [0x00000000d0000000,0x00000000d6b1e828,0x00000000f0000000)
 Metaspace       used 66838K, capacity 68484K, committed 68776K, reserved 1110016K
  class space    used 8166K, capacity 8583K, committed 8624K, reserved 1048576K
}
Event: 113,630 GC heap before
{Heap before GC invocations=26 (full 3):
 PSYoungGen      total 242176K, used 234291K [0x00000000f0000000, 0x0000000100000000, 0x0000000100000000)
  eden space 222208K, 100% used [0x00000000f0000000,0x00000000fd900000,0x00000000fd900000)
  from space 19968K, 60% used [0x00000000fec80000,0x00000000ff84cc70,0x0000000100000000)
  to   space 19968K, 0% used [0x00000000fd900000,0x00000000fd900000,0x00000000fec80000)
 ParOldGen       total 524288K, used 109690K [0x00000000d0000000, 0x00000000f0000000, 0x00000000f0000000)
  object space 524288K, 20% used [0x00000000d0000000,0x00000000d6b1e828,0x00000000f0000000)
 Metaspace       used 68815K, capacity 70840K, committed 70952K, reserved 1112064K
  class space    used 8542K, capacity 9214K, committed 9264K, reserved 1048576K
Event: 113,656 GC heap after
Heap after GC invocations=26 (full 3):
 PSYoungGen      total 241152K, used 18449K [0x00000000f0000000, 0x0000000100000000, 0x0000000100000000)
  eden space 222208K, 0% used [0x00000000f0000000,0x00000000f0000000,0x00000000fd900000)
  from space 18944K, 97% used [0x00000000fd900000,0x00000000feb04480,0x00000000feb80000)
  to   space 20992K, 0% used [0x00000000feb80000,0x00000000feb80000,0x0000000100000000)
 ParOldGen       total 524288K, used 109698K [0x00000000d0000000, 0x00000000f0000000, 0x00000000f0000000)
  object space 524288K, 20% used [0x00000000d0000000,0x00000000d6b20828,0x00000000f0000000)
 Metaspace       used 68815K, capacity 70840K, committed 70952K, reserved 1112064K
  class space    used 8542K, capacity 9214K, committed 9264K, reserved 1048576K
}
Event: 127,379 GC heap before
{Heap before GC invocations=27 (full 3):
 PSYoungGen      total 241152K, used 240657K [0x00000000f0000000, 0x0000000100000000, 0x0000000100000000)
  eden space 222208K, 100% used [0x00000000f0000000,0x00000000fd900000,0x00000000fd900000)
  from space 18944K, 97% used [0x00000000fd900000,0x00000000feb04480,0x00000000feb80000)
  to   space 20992K, 0% used [0x00000000feb80000,0x00000000feb80000,0x0000000100000000)
 ParOldGen       total 524288K, used 109698K [0x00000000d0000000, 0x00000000f0000000, 0x00000000f0000000)
  object space 524288K, 20% used [0x00000000d0000000,0x00000000d6b20828,0x00000000f0000000)
 Metaspace       used 70127K, capacity 72800K, committed 73128K, reserved 1112064K
  class space    used 8747K, capacity 9565K, committed 9648K, reserved 1048576K
Event: 127,410 GC heap after
Heap after GC invocations=27 (full 3):
 PSYoungGen      total 232960K, used 20981K [0x00000000f0000000, 0x0000000100000000, 0x0000000100000000)
  eden space 211968K, 0% used [0x00000000f0000000,0x00000000f0000000,0x00000000fcf00000)
  from space 20992K, 99% used [0x00000000feb80000,0x00000000ffffd640,0x0000000100000000)
  to   space 25088K, 0% used [0x00000000fcf00000,0x00000000fcf00000,0x00000000fe780000)
 ParOldGen       total 524288K, used 110761K [0x00000000d0000000, 0x00000000f0000000, 0x00000000f0000000)
  object space 524288K, 21% used [0x00000000d0000000,0x00000000d6c2a450,0x00000000f0000000)
 Metaspace       used 70127K, capacity 72800K, committed 73128K, reserved 1112064K
  class space    used 8747K, capacity 9565K, committed 9648K, reserved 1048576K
}
Event: 231,171 GC heap before
{Heap before GC invocations=28 (full 3):
 PSYoungGen      total 232960K, used 232949K [0x00000000f0000000, 0x0000000100000000, 0x0000000100000000)
  eden space 211968K, 100% used [0x00000000f0000000,0x00000000fcf00000,0x00000000fcf00000)
  from space 20992K, 99% used [0x00000000feb80000,0x00000000ffffd640,0x0000000100000000)
  to   space 25088K, 0% used [0x00000000fcf00000,0x00000000fcf00000,0x00000000fe780000)
 ParOldGen       total 524288K, used 110761K [0x00000000d0000000, 0x00000000f0000000, 0x00000000f0000000)
  object space 524288K, 21% used [0x00000000d0000000,0x00000000d6c2a450,0x00000000f0000000)
 Metaspace       used 71587K, capacity 74762K, committed 74920K, reserved 1114112K
  class space    used 9018K, capacity 10061K, committed 10160K, reserved 1048576K
Event: 231,218 GC heap after
Heap after GC invocations=28 (full 3):
 PSYoungGen      total 237056K, used 8962K [0x00000000f0000000, 0x0000000100000000, 0x0000000100000000)
  eden space 211968K, 0% used [0x00000000f0000000,0x00000000f0000000,0x00000000fcf00000)
  from space 25088K, 35% used [0x00000000fcf00000,0x00000000fd7c0890,0x00000000fe780000)
  to   space 24064K, 0% used [0x00000000fe880000,0x00000000fe880000,0x0000000100000000)
 ParOldGen       total 524288K, used 127805K [0x00000000d0000000, 0x00000000f0000000, 0x00000000f0000000)
  object space 524288K, 24% used [0x00000000d0000000,0x00000000d7ccf408,0x00000000f0000000)
 Metaspace       used 71587K, capacity 74762K, committed 74920K, reserved 1114112K
  class space    used 9018K, capacity 10061K, committed 10160K, reserved 1048576K
}
Event: 5161,768 GC heap before
{Heap before GC invocations=29 (full 3):
 PSYoungGen      total 237056K, used 220930K [0x00000000f0000000, 0x0000000100000000, 0x0000000100000000)
  eden space 211968K, 100% used [0x00000000f0000000,0x00000000fcf00000,0x00000000fcf00000)
  from space 25088K, 35% used [0x00000000fcf00000,0x00000000fd7c0890,0x00000000fe780000)
  to   space 24064K, 0% used [0x00000000fe880000,0x00000000fe880000,0x0000000100000000)
 ParOldGen       total 524288K, used 127805K [0x00000000d0000000, 0x00000000f0000000, 0x00000000f0000000)
  object space 524288K, 24% used [0x00000000d0000000,0x00000000d7ccf408,0x00000000f0000000)
 Metaspace       used 72068K, capacity 75280K, committed 75432K, reserved 1114112K
  class space    used 9060K, capacity 10141K, committed 10160K, reserved 1048576K
Event: 5162,448 GC heap after
Heap after GC invocations=29 (full 3):
 PSYoungGen      total 238592K, used 13603K [0x00000000f0000000, 0x0000000100000000, 0x0000000100000000)
  eden space 214528K, 0% used [0x00000000f0000000,0x00000000f0000000,0x00000000fd180000)
  from space 24064K, 56% used [0x00000000fe880000,0x00000000ff5c8e28,0x0000000100000000)
  to   space 23552K, 0% used [0x00000000fd180000,0x00000000fd180000,0x00000000fe880000)
 ParOldGen       total 524288K, used 127805K [0x00000000d0000000, 0x00000000f0000000, 0x00000000f0000000)
  object space 524288K, 24% used [0x00000000d0000000,0x00000000d7ccf408,0x00000000f0000000)
 Metaspace       used 72068K, capacity 75280K, committed 75432K, reserved 1114112K
  class space    used 9060K, capacity 10141K, committed 10160K, reserved 1048576K
}

Deoptimization events (0 events):
No events

Internal exceptions (10 events):
Event: 5256,306 Thread 0x00007fbdb1a06000 Exception <a 'java/lang/ArrayIndexOutOfBoundsException'> (0x00000000f4eccf20) thrown at [/HUDSON/workspace/8-2-build-linux-amd64/jdk8u131/8869/hotspot/src/share/vm/runtime/sharedRuntime.cpp, line 605]
Event: 5256,306 Thread 0x00007fbdb1a06000 Exception <a 'java/lang/ArrayIndexOutOfBoundsException'> (0x00000000f4ed5138) thrown at [/HUDSON/workspace/8-2-build-linux-amd64/jdk8u131/8869/hotspot/src/share/vm/runtime/sharedRuntime.cpp, line 605]
Event: 5256,306 Thread 0x00007fbdb1a06000 Exception <a 'java/lang/ArrayIndexOutOfBoundsException'> (0x00000000f4ed7dd8) thrown at [/HUDSON/workspace/8-2-build-linux-amd64/jdk8u131/8869/hotspot/src/share/vm/runtime/sharedRuntime.cpp, line 605]
Event: 5256,306 Thread 0x00007fbdb1a06000 Exception <a 'java/lang/ArrayIndexOutOfBoundsException'> (0x00000000f4eded08) thrown at [/HUDSON/workspace/8-2-build-linux-amd64/jdk8u131/8869/hotspot/src/share/vm/runtime/sharedRuntime.cpp, line 605]
Event: 5256,306 Thread 0x00007fbdb1a06000 Exception <a 'java/lang/ArrayIndexOutOfBoundsException'> (0x00000000f4ee1438) thrown at [/HUDSON/workspace/8-2-build-linux-amd64/jdk8u131/8869/hotspot/src/share/vm/runtime/sharedRuntime.cpp, line 605]
Event: 5256,306 Thread 0x00007fbdb1a06000 Exception <a 'java/lang/ArrayIndexOutOfBoundsException'> (0x00000000f4ee5870) thrown at [/HUDSON/workspace/8-2-build-linux-amd64/jdk8u131/8869/hotspot/src/share/vm/runtime/sharedRuntime.cpp, line 605]
Event: 5256,306 Thread 0x00007fbdb1a06000 Exception <a 'java/lang/ArrayIndexOutOfBoundsException'> (0x00000000f4ee7240) thrown at [/HUDSON/workspace/8-2-build-linux-amd64/jdk8u131/8869/hotspot/src/share/vm/runtime/sharedRuntime.cpp, line 605]
Event: 5256,306 Thread 0x00007fbdb1a06000 Exception <a 'java/lang/ArrayIndexOutOfBoundsException'> (0x00000000f4eeae70) thrown at [/HUDSON/workspace/8-2-build-linux-amd64/jdk8u131/8869/hotspot/src/share/vm/runtime/sharedRuntime.cpp, line 605]
Event: 5256,306 Thread 0x00007fbdb1a06000 Exception <a 'java/lang/ArrayIndexOutOfBoundsException'> (0x00000000f4eef130) thrown at [/HUDSON/workspace/8-2-build-linux-amd64/jdk8u131/8869/hotspot/src/share/vm/runtime/sharedRuntime.cpp, line 605]
Event: 5256,306 Thread 0x00007fbdb1a06000 Exception <a 'java/lang/ArrayIndexOutOfBoundsException'> (0x00000000f4ef0e28) thrown at [/HUDSON/workspace/8-2-build-linux-amd64/jdk8u131/8869/hotspot/src/share/vm/runtime/sharedRuntime.cpp, line 605]

Events (10 events):
Event: 5256,288 loading class nuevo_foro_fiuba/UsuarioBeanInfo
Event: 5256,288 loading class nuevo_foro_fiuba/UsuarioBeanInfo done
Event: 5256,289 loading class nuevo_foro_fiuba/UsuarioBeanInfo
Event: 5256,289 loading class nuevo_foro_fiuba/UsuarioBeanInfo done
Event: 5256,289 loading class nuevo_foro_fiuba/UsuarioCustomizer
Event: 5256,289 loading class nuevo_foro_fiuba/UsuarioCustomizer done
Event: 5256,289 loading class nuevo_foro_fiuba/UsuarioCustomizer
Event: 5256,290 loading class nuevo_foro_fiuba/UsuarioCustomizer done
Event: 5256,290 loading class nuevo_foro_fiuba/UsuarioCustomizer
Event: 5256,290 loading class nuevo_foro_fiuba/UsuarioCustomizer done


Dynamic libraries:
00400000-00401000 r-xp 00000000 08:07 4472449                            /usr/lib/jvm/java-8-oracle/bin/java
00600000-00601000 rw-p 00000000 08:07 4472449                            /usr/lib/jvm/java-8-oracle/bin/java
008be000-00927000 rw-p 00000000 00:00 0                                  [heap]
d0000000-100a0c000 rw-p 00000000 00:00 0 
100a0c000-140000000 ---p 00000000 00:00 0 
7fbd5fe00000-7fbd5fec0000 rw-p 00000000 00:00 0 
7fbd5fec0000-7fbd60000000 ---p 00000000 00:00 0 
7fbd60000000-7fbd60023000 rw-p 00000000 00:00 0 
7fbd60023000-7fbd64000000 ---p 00000000 00:00 0 
7fbd64055000-7fbd64255000 rw-p 00000000 00:00 0 
7fbd64255000-7fbd64455000 rw-p 00000000 00:00 0 
7fbd64455000-7fbd64655000 rw-p 00000000 00:00 0 
7fbd64655000-7fbd64855000 rw-p 00000000 00:00 0 
7fbd64855000-7fbd64858000 ---p 00000000 00:00 0 
7fbd64858000-7fbd64956000 rw-p 00000000 00:00 0 
7fbd64956000-7fbd64959000 ---p 00000000 00:00 0 
7fbd64959000-7fbd64a57000 rw-p 00000000 00:00 0 
7fbd64a57000-7fbd64a5a000 ---p 00000000 00:00 0 
7fbd64a5a000-7fbd64b58000 rw-p 00000000 00:00 0 
7fbd64b58000-7fbd64b5b000 ---p 00000000 00:00 0 
7fbd64b5b000-7fbd64c59000 rw-p 00000000 00:00 0 
7fbd64c59000-7fbd64c5c000 ---p 00000000 00:00 0 
7fbd64c5c000-7fbd64d5a000 rw-p 00000000 00:00 0 
7fbd64d5a000-7fbd64d5d000 ---p 00000000 00:00 0 
7fbd64d5d000-7fbd64e5b000 rw-p 00000000 00:00 0 
7fbd64e5b000-7fbd64e5e000 ---p 00000000 00:00 0 
7fbd64e5e000-7fbd64f5c000 rw-p 00000000 00:00 0 
7fbd64f5c000-7fbd64f5f000 ---p 00000000 00:00 0 
7fbd64f5f000-7fbd6505d000 rw-p 00000000 00:00 0 
7fbd6505d000-7fbd65060000 ---p 00000000 00:00 0 
7fbd65060000-7fbd6515e000 rw-p 00000000 00:00 0 
7fbd6515e000-7fbd65161000 ---p 00000000 00:00 0 
7fbd65161000-7fbd6525f000 rw-p 00000000 00:00 0 
7fbd6525f000-7fbd65262000 ---p 00000000 00:00 0 
7fbd65262000-7fbd65360000 rw-p 00000000 00:00 0 
7fbd65360000-7fbd65363000 ---p 00000000 00:00 0 
7fbd65363000-7fbd65461000 rw-p 00000000 00:00 0 
7fbd65461000-7fbd65464000 ---p 00000000 00:00 0 
7fbd65464000-7fbd65562000 rw-p 00000000 00:00 0 
7fbd65562000-7fbd65565000 ---p 00000000 00:00 0 
7fbd65565000-7fbd65663000 rw-p 00000000 00:00 0 
7fbd65663000-7fbd65666000 ---p 00000000 00:00 0 
7fbd65666000-7fbd65764000 rw-p 00000000 00:00 0 
7fbd65764000-7fbd65767000 ---p 00000000 00:00 0 
7fbd65767000-7fbd65865000 rw-p 00000000 00:00 0 
7fbd65865000-7fbd65868000 ---p 00000000 00:00 0 
7fbd65868000-7fbd65966000 rw-p 00000000 00:00 0 
7fbd65966000-7fbd65969000 ---p 00000000 00:00 0 
7fbd65969000-7fbd65c67000 rw-p 00000000 00:00 0 
7fbd65c67000-7fbd65e67000 rw-p 00000000 00:00 0 
7fbd65e67000-7fbd66067000 rw-p 00000000 00:00 0 
7fbd66067000-7fbd6606a000 ---p 00000000 00:00 0 
7fbd6606a000-7fbd66168000 rw-p 00000000 00:00 0 
7fbd66168000-7fbd6616b000 ---p 00000000 00:00 0 
7fbd6616b000-7fbd66269000 rw-p 00000000 00:00 0 
7fbd66269000-7fbd6626c000 ---p 00000000 00:00 0 
7fbd6626c000-7fbd6656a000 rw-p 00000000 00:00 0 
7fbd6656a000-7fbd6676a000 rw-p 00000000 00:00 0 
7fbd6676a000-7fbd6696a000 rw-p 00000000 00:00 0 
7fbd6696a000-7fbd66b6a000 rw-p 00000000 00:00 0 
7fbd66b6a000-7fbd66d6a000 rw-p 00000000 00:00 0 
7fbd66d6a000-7fbd66f6a000 rw-p 00000000 00:00 0 
7fbd66f6a000-7fbd6716a000 rw-p 00000000 00:00 0 
7fbd6716a000-7fbd6736a000 rw-p 00000000 00:00 0 
7fbd6736a000-7fbd6756a000 rw-p 00000000 00:00 0 
7fbd6756a000-7fbd67768000 rw-p 00000000 00:00 0 
7fbd67768000-7fbd6776a000 ---p 00000000 00:00 0 
7fbd6776a000-7fbd6796a000 rw-p 00000000 00:00 0 
7fbd6796a000-7fbd67b6a000 rw-p 00000000 00:00 0 
7fbd67b6a000-7fbd67c00000 r--s 0110d000 08:07 4472739                    /usr/lib/jvm/java-8-oracle/jre/lib/ext/jfxrt.jar
7fbd67c00000-7fbd67e00000 rw-p 00000000 00:00 0 
7fbd67e00000-7fbd68000000 rw-p 00000000 00:00 0 
7fbd68000000-7fbd68480000 rw-p 00000000 00:00 0 
7fbd68480000-7fbd6c000000 ---p 00000000 00:00 0 
7fbd6c000000-7fbd6c19d000 rw-p 00000000 00:00 0 
7fbd6c19d000-7fbd70000000 ---p 00000000 00:00 0 
7fbd70000000-7fbd70021000 rw-p 00000000 00:00 0 
7fbd70021000-7fbd74000000 ---p 00000000 00:00 0 
7fbd74000000-7fbd740e7000 rw-p 00000000 00:00 0 
7fbd740e7000-7fbd78000000 ---p 00000000 00:00 0 
7fbd78000000-7fbd7816f000 rw-p 00000000 00:00 0 
7fbd7816f000-7fbd7c000000 ---p 00000000 00:00 0 
7fbd7c000000-7fbd7cc35000 rw-p 00000000 00:00 0 
7fbd7cc35000-7fbd80000000 ---p 00000000 00:00 0 
7fbd80000000-7fbd80021000 rw-p 00000000 00:00 0 
7fbd80021000-7fbd84000000 ---p 00000000 00:00 0 
7fbd84000000-7fbd84056000 rw-p 00000000 00:00 0 
7fbd84056000-7fbd88000000 ---p 00000000 00:00 0 
7fbd88000000-7fbd8825a000 rw-p 00000000 00:00 0 
7fbd8825a000-7fbd8c000000 ---p 00000000 00:00 0 
7fbd8c000000-7fbd8c233000 rw-p 00000000 00:00 0 
7fbd8c233000-7fbd90000000 ---p 00000000 00:00 0 
7fbd90000000-7fbd900e5000 rw-p 00000000 00:00 0 
7fbd900e5000-7fbd94000000 ---p 00000000 00:00 0 
7fbd94000000-7fbd942b8000 rw-p 00000000 00:00 0 
7fbd942b8000-7fbd98000000 ---p 00000000 00:00 0 
7fbd98000000-7fbd98038000 rw-p 00000000 00:00 0 
7fbd98038000-7fbd9c000000 ---p 00000000 00:00 0 
7fbd9c033000-7fbd9c038000 r--s 002f9000 08:07 4472616                    /usr/lib/jvm/java-8-oracle/jre/lib/charsets.jar
7fbd9c038000-7fbd9c03d000 r--s 0009a000 08:07 4472623                    /usr/lib/jvm/java-8-oracle/jre/lib/jsse.jar
7fbd9c03d000-7fbd9c04e000 r-xp 00000000 08:07 4599414                    /usr/lib/jvm/java-8-oracle/jre/lib/amd64/libnio.so
7fbd9c04e000-7fbd9c24d000 ---p 00011000 08:07 4599414                    /usr/lib/jvm/java-8-oracle/jre/lib/amd64/libnio.so
7fbd9c24d000-7fbd9c24e000 rw-p 00010000 08:07 4599414                    /usr/lib/jvm/java-8-oracle/jre/lib/amd64/libnio.so
7fbd9c24e000-7fbd9c44e000 rw-p 00000000 00:00 0 
7fbd9c44e000-7fbd9c64e000 rw-p 00000000 00:00 0 
7fbd9c64e000-7fbd9c651000 ---p 00000000 00:00 0 
7fbd9c651000-7fbd9c94f000 rw-p 00000000 00:00 0 
7fbd9c94f000-7fbd9c952000 ---p 00000000 00:00 0 
7fbd9c952000-7fbd9ca50000 rw-p 00000000 00:00 0 
7fbd9ca50000-7fbd9ca59000 r-xp 00000000 08:07 4599419                    /usr/lib/jvm/java-8-oracle/jre/lib/amd64/libmanagement.so
7fbd9ca59000-7fbd9cc58000 ---p 00009000 08:07 4599419                    /usr/lib/jvm/java-8-oracle/jre/lib/amd64/libmanagement.so
7fbd9cc58000-7fbd9cc59000 rw-p 00008000 08:07 4599419                    /usr/lib/jvm/java-8-oracle/jre/lib/amd64/libmanagement.so
7fbd9cc59000-7fbd9ce59000 rw-p 00000000 00:00 0 
7fbd9ce59000-7fbd9ce63000 r--s 00116000 08:07 4472745                    /usr/lib/jvm/java-8-oracle/jre/lib/ext/localedata.jar
7fbd9ce63000-7fbd9ce7f000 r--s 00393000 08:07 4472738                    /usr/lib/jvm/java-8-oracle/jre/lib/ext/cldrdata.jar
7fbd9ce7f000-7fbd9d07f000 rw-p 00000000 00:00 0 
7fbd9d07f000-7fbd9d27f000 rw-p 00000000 00:00 0 
7fbd9d27f000-7fbd9d47f000 rw-p 00000000 00:00 0 
7fbd9d47f000-7fbd9d780000 rw-p 00000000 00:00 0 
7fbd9d780000-7fbd9d796000 r-xp 00000000 08:07 4599411                    /usr/lib/jvm/java-8-oracle/jre/lib/amd64/libnet.so
7fbd9d796000-7fbd9d996000 ---p 00016000 08:07 4599411                    /usr/lib/jvm/java-8-oracle/jre/lib/amd64/libnet.so
7fbd9d996000-7fbd9d997000 rw-p 00016000 08:07 4599411                    /usr/lib/jvm/java-8-oracle/jre/lib/amd64/libnet.so
7fbd9d997000-7fbd9d99e000 r--s 00000000 08:07 4600620                    /usr/lib/x86_64-linux-gnu/gconv/gconv-modules.cache
7fbd9d99e000-7fbd9d9c3000 r--p 00000000 08:07 5115247                    /usr/share/locale-langpack/es/LC_MESSAGES/libc.mo
7fbd9d9c3000-7fbd9d9c6000 ---p 00000000 00:00 0 
7fbd9d9c6000-7fbd9dac4000 rw-p 00000000 00:00 0 
7fbd9dac4000-7fbd9dad7000 r--s 00345000 08:07 4472622                    /usr/lib/jvm/java-8-oracle/jre/lib/resources.jar
7fbd9dad7000-7fbd9dad8000 ---p 00000000 00:00 0 
7fbd9dad8000-7fbd9dbd8000 rw-p 00000000 00:00 0 
7fbd9dbd8000-7fbd9dbdb000 ---p 00000000 00:00 0 
7fbd9dbdb000-7fbd9dcd9000 rw-p 00000000 00:00 0 
7fbd9dcd9000-7fbd9dcdc000 ---p 00000000 00:00 0 
7fbd9dcdc000-7fbd9ddda000 rw-p 00000000 00:00 0 
7fbd9ddda000-7fbd9dddd000 ---p 00000000 00:00 0 
7fbd9dddd000-7fbd9dedb000 rw-p 00000000 00:00 0 
7fbd9dedb000-7fbd9dede000 ---p 00000000 00:00 0 
7fbd9dede000-7fbd9dfdc000 rw-p 00000000 00:00 0 
7fbd9dfdc000-7fbd9dfe3000 r--s 00065000 08:08 276443                     /home/rodrigo/.gradle/caches/modules-2/files-2.1/org.springframework/springloaded/1.2.8.RELEASE/b60bac05b0451cdc1863bfec617f39aa0dcaaa43/springloaded-1.2.8.RELEASE.jar
7fbd9dfe3000-7fbd9e01c000 r--s 00382000 08:08 276199                     /home/rodrigo/.gradle/caches/modules-2/files-2.1/com.google.javascript/closure-compiler-unshaded/v20160713/7df7b683e16c93f65361a15356283599ba012c78/closure-compiler-unshaded-v20160713.jar
7fbd9e01c000-7fbd9e029000 r--s 00109000 08:08 279202                     /home/rodrigo/.m2/repository/org/mozilla/rhino/1.7R4/rhino-1.7R4.jar
7fbd9e029000-7fbd9e036000 r--s 00083000 08:08 276268                     /home/rodrigo/.gradle/caches/modules-2/files-2.1/commons-collections/commons-collections/3.2.2/8ad72fe39fa8c91eaaf12aadb21e0c3661fe26d5/commons-collections-3.2.2.jar
7fbd9e036000-7fbd9e03d000 r--s 0003f000 08:08 276741                     /home/rodrigo/.gradle/caches/modules-2/files-2.1/commons-codec/commons-codec/1.10/4b95f4897fa13f2cd904aee711aeafc0c5295cd8/commons-codec-1.10.jar
7fbd9e03d000-7fbd9e041000 r--s 0000c000 08:08 279220                     /home/rodrigo/.m2/repository/javax/validation/validation-api/1.1.0.Final/validation-api-1.1.0.Final.jar
7fbd9e041000-7fbd9e044000 r--s 00029000 08:08 276253                     /home/rodrigo/.gradle/caches/modules-2/files-2.1/commons-validator/commons-validator/1.5.1/86d05a46e8f064b300657f751b5a98c62807e2a0/commons-validator-1.5.1.jar
7fbd9e044000-7fbd9e04a000 r--s 00027000 08:08 276740                     /home/rodrigo/.gradle/caches/modules-2/files-2.1/opensymphony/sitemesh/2.4/fa84c82cce30a9a632c08dd2277d63993d972cf5/sitemesh-2.4.jar
7fbd9e04a000-7fbd9e04c000 r--s 00007000 08:08 276739                     /home/rodrigo/.gradle/caches/modules-2/files-2.1/org.grails/grails-web-taglib/3.3.0/7605089e33d591b25afdbb342c4babe332cda23f/grails-web-taglib-3.3.0.jar
7fbd9e04c000-7fbd9e04f000 r--s 00015000 08:08 276738                     /home/rodrigo/.gradle/caches/modules-2/files-2.1/org.grails/grails-taglib/3.3.0/38a8e5db6edc038642399f0b01268647f50e8acf/grails-taglib-3.3.0.jar
7fbd9e04f000-7fbd9e052000 r--s 0001d000 08:08 276171                     /home/rodrigo/.gradle/caches/modules-2/files-2.1/org.codehaus.groovy/groovy-json/2.4.13/57aa290a9ec85e04d8e4557a5eae5e751b3aac41/groovy-json-2.4.13.jar
7fbd9e052000-7fbd9e056000 r--s 00042000 08:08 276737                     /home/rodrigo/.gradle/caches/modules-2/files-2.1/com.fasterxml.jackson.core/jackson-core/2.8.10/eb21a035c66ad307e66ec8fce37f5d50fd62d039/jackson-core-2.8.10.jar
7fbd9e056000-7fbd9e059000 r--s 0000b000 08:08 276736                     /home/rodrigo/.gradle/caches/modules-2/files-2.1/com.fasterxml.jackson.core/jackson-annotations/2.8.0/45b426f7796b741035581a176744d91090e2e6fb/jackson-annotations-2.8.0.jar
7fbd9e059000-7fbd9e05a000 r--s 00005000 08:08 276735                     /home/rodrigo/.gradle/caches/modules-2/files-2.1/org.grails/grails-codecs/3.3.2/b039f12277aa2d05c9d2092395179b305e50cade/grails-codecs-3.3.2.jar
7fbd9e05a000-7fbd9e063000 r--s 0002d000 08:08 276734                     /home/rodrigo/.gradle/caches/modules-2/files-2.1/xml-apis/xml-apis/1.4.01/3789d9fada2d3d458c4ba2de349d48780f381ee3/xml-apis-1.4.01.jar
7fbd9e063000-7fbd9e065000 r--s 00008000 08:08 276198                     /home/rodrigo/.gradle/caches/modules-2/files-2.1/javax.el/javax.el-api/2.2.4/1287562cc3f0ff5439ded6f2949e73ce1c0edaab/javax.el-api-2.2.4.jar
7fbd9e065000-7fbd9e076000 r--s 000a1000 08:08 276733                     /home/rodrigo/.gradle/caches/modules-2/files-2.1/org.hibernate/hibernate-validator/5.3.5.Final/622a9bcef2eed6d41b5b8e0662c36212009e375/hibernate-validator-5.3.5.Final.jar
7fbd9e076000-7fbd9e07e000 r--s 0005f000 08:08 276196                     /home/rodrigo/.gradle/caches/modules-2/files-2.1/org.grails/grails-datastore-gorm-hibernate-core/6.1.8.RELEASE/277097547e711e4ad55db70e01f830e00fb666e0/grails-datastore-gorm-hibernate-core-6.1.8.RELEASE.jar
7fbd9e07e000-7fbd9e08f000 r--s 000b8000 08:08 276732                     /home/rodrigo/.gradle/caches/modules-2/files-2.1/org.springframework/spring-web/4.3.12.RELEASE/86c29588cca74d0fc848b194cb13fcdfd12bc990/spring-web-4.3.12.RELEASE.jar
7fbd9e08f000-7fbd9e094000 r--s 00026000 08:08 276731                     /home/rodrigo/.gradle/caches/modules-2/files-2.1/org.grails/scaffolding-core/1.1.1/c79e9bd310896f3afbba331170c54fa2ce7f9a5d/scaffolding-core-1.1.1.jar
7fbd9e094000-7fbd9e097000 r--s 00013000 08:08 276234                     /home/rodrigo/.gradle/caches/modules-2/files-2.1/org.grails/grails-datastore-gorm-validation/6.1.8.RELEASE/9e87d021bad3b88d2facc167712eca69bca735b0/grails-datastore-gorm-validation-6.1.8.RELEASE.jar
7fbd9e097000-7fbd9e099000 r--s 00014000 08:08 276730                     /home/rodrigo/.gradle/caches/modules-2/files-2.1/org.apache.tomcat.embed/tomcat-embed-logging-log4j/8.5.2/53bdd1eebc7393713261d178ac096a742423f940/tomcat-embed-logging-log4j-8.5.2.jar
7fbd9e099000-7fbd9e0aa000 r--s 000d0000 08:08 276194                     /home/rodrigo/.gradle/caches/modules-2/files-2.1/org.grails/grails-datastore-gorm/6.1.8.RELEASE/8c896a263aac99967517504f92e347a3aae19672/grails-datastore-gorm-6.1.8.RELEASE.jar
7fbd9e0aa000-7fbd9e0ad000 r--s 00012000 08:08 276729                     /home/rodrigo/.gradle/caches/modules-2/files-2.1/org.codehaus.groovy/groovy-sql/2.4.13/24d3e87b24a63262ce344f4c8f2c7ecf1f122798/groovy-sql-2.4.13.jar
7fbd9e0ad000-7fbd9e0b7000 r--s 0005f000 08:08 276728                     /home/rodrigo/.gradle/caches/modules-2/files-2.1/org.springframework/spring-jdbc/4.3.12.RELEASE/5c840abbdc1a1dfd0f79c4a4c25eac0c98e6af22/spring-jdbc-4.3.12.RELEASE.jar
7fbd9e0b7000-7fbd9e0b9000 r--s 00006000 08:08 276727                     /home/rodrigo/.gradle/caches/modules-2/files-2.1/org.grails/grails-plugin-domain-class/3.3.2/49c95a1dd841f045573474bff9b56a1dec241494/grails-plugin-domain-class-3.3.2.jar
7fbd9e0b9000-7fbd9e0ba000 r--s 00004000 08:08 276726                     /home/rodrigo/.gradle/caches/modules-2/files-2.1/org.grails/grails-plugin-validation/3.3.2/c4e87434287172942f7f91f3e7d4c21a9fcc669a/grails-plugin-validation-3.3.2.jar
7fbd9e0ba000-7fbd9e0bc000 r--s 00009000 08:08 276725                     /home/rodrigo/.gradle/caches/modules-2/files-2.1/org.grails/grails-plugin-mimetypes/3.3.2/5ed6653ce5d0ddb87290fe42569e8b74183d26b1/grails-plugin-mimetypes-3.3.2.jar
7fbd9e0bc000-7fbd9e0be000 r--s 0000b000 08:08 276724                     /home/rodrigo/.gradle/caches/modules-2/files-2.1/org.grails/grails-web-sitemesh/3.3.0/93ce68536c5806bcfc2b4a65cf57971f4bd0d2ce/grails-web-sitemesh-3.3.0.jar
7fbd9e0be000-7fbd9e0c0000 r--s 00011000 08:08 276723                     /home/rodrigo/.gradle/caches/modules-2/files-2.1/org.grails/grails-web-gsp/3.3.0/e0cd55173b03fca8b1caabde8633a4592d0e5dd3/grails-web-gsp-3.3.0.jar
7fbd9e0c0000-7fbd9e0c1000 r--s 00005000 08:08 276722                     /home/rodrigo/.gradle/caches/modules-2/files-2.1/org.grails/grails-web-mvc/3.3.2/35dff1ea5854396d705d8c4b74cbcfa860345e02/grails-web-mvc-3.3.2.jar
7fbd9e0c1000-7fbd9e0c4000 r--s 0002a000 08:08 276721                     /home/rodrigo/.gradle/caches/modules-2/files-2.1/org.grails/grails-web-url-mappings/3.3.2/99c5bf084f743274f718ab4729748a8bcffba1de/grails-web-url-mappings-3.3.2.jar
7fbd9e0c4000-7fbd9e0c7000 r--s 00014000 08:08 276720                     /home/rodrigo/.gradle/caches/modules-2/files-2.1/org.grails/grails-web-databinding/3.3.2/69ee3542868ce71af531228cb772a0e49dd75ea1/grails-web-databinding-3.3.2.jar
7fbd9e0c7000-7fbd9e0cc000 r--s 00029000 08:08 276719                     /home/rodrigo/.gradle/caches/modules-2/files-2.1/org.springframework/spring-context-support/4.3.12.RELEASE/6f3a71b93b69f38ac545b6043fab7e474addee15/spring-context-support-4.3.12.RELEASE.jar
7fbd9e0cc000-7fbd9e0dd000 r--s 000cf000 08:08 276718                     /home/rodrigo/.gradle/caches/modules-2/files-2.1/org.springframework/spring-webmvc/4.3.12.RELEASE/986e5dcd4435e780f6be64f8185eaa51523cf851/spring-webmvc-4.3.12.RELEASE.jar
7fbd9e0dd000-7fbd9e0e0000 r--s 00027000 08:08 276717                     /home/rodrigo/.gradle/caches/modules-2/files-2.1/org.grails/grails-gsp/3.3.0/58e246e986a5d293806b3768d8efb73b1dc71047/grails-gsp-3.3.0.jar
7fbd9e0e0000-7fbd9e0e4000 r--s 00029000 08:08 276716                     /home/rodrigo/.gradle/caches/modules-2/files-2.1/org.grails/grails-encoder/3.3.2/963f64a85f2a2fb97ab5a2f0ff88d876aac99acc/grails-encoder-3.3.2.jar
7fbd9e0e4000-7fbd9e0e6000 r--s 0000f000 08:08 276715                     /home/rodrigo/.gradle/caches/modules-2/files-2.1/org.grails/grails-databinding/3.3.2/b0fcd7ab1ccf7210a65193930f66c21c232e028b/grails-databinding-3.3.2.jar
7fbd9e0e6000-7fbd9e0e8000 r--s 00003000 08:08 276714                     /home/rodrigo/.gradle/caches/modules-2/files-2.1/org.apache.tomcat/tomcat-annotations-api/8.5.23/aaf17df9fe0240e9e9d5375d24d5f177174b73d9/tomcat-annotations-api-8.5.23.jar
7fbd9e0e8000-7fbd9e0fa000 r--s 0011e000 08:08 276713                     /home/rodrigo/.gradle/caches/modules-2/files-2.1/com.fasterxml.jackson.core/jackson-databind/2.8.10/f7b83cb2bc4b88d53961e749e1ad32f49ef017b7/jackson-databind-2.8.10.jar
7fbd9e0fa000-7fbd9e0fb000 r--s 00003000 08:08 276233                     /home/rodrigo/.gradle/caches/modules-2/files-2.1/javax.transaction/jta/1.1/2ca09f0b36ca7d71b762e14ea2ff09d5eac57558/jta-1.1.jar
7fbd9e0fb000-7fbd9e101000 r--s 0003d000 08:08 276712                     /home/rodrigo/.gradle/caches/modules-2/files-2.1/org.yaml/snakeyaml/1.17/7a27ea250c5130b2922b86dea63cbb1cc10a660c/snakeyaml-1.17.jar
7fbd9e101000-7fbd9e103000 r--s 00016000 08:08 276179                     /home/rodrigo/.gradle/caches/modules-2/files-2.1/org.codehaus.groovy/groovy-templates/2.4.13/50c6b36707328f94678892408455b7a9bfe96577/groovy-templates-2.4.13.jar
7fbd9e103000-7fbd9e107000 r--s 00031000 08:08 276178                     /home/rodrigo/.gradle/caches/modules-2/files-2.1/org.codehaus.groovy/groovy-xml/2.4.13/a768f5f738bed0ab0b2dd54401830739203839c6/groovy-xml-2.4.13.jar
7fbd9e107000-7fbd9e10c000 r--s 0003c000 08:08 276711                     /home/rodrigo/.gradle/caches/modules-2/files-2.1/org.springframework/spring-expression/4.3.12.RELEASE/790f69f6ad7f9da8d4a92c603ad7244c398c8309/spring-expression-4.3.12.RELEASE.jar
7fbd9e10c000-7fbd9e115000 r--s 00054000 08:08 276710                     /home/rodrigo/.gradle/caches/modules-2/files-2.1/org.springframework/spring-aop/4.3.12.RELEASE/b3fef085902993c2ef874c45c7bfd79296d5a5a4/spring-aop-4.3.12.RELEASE.jar
7fbd9e115000-7fbd9e117000 r--s 0000e000 08:08 276269                     /home/rodrigo/.gradle/caches/modules-2/files-2.1/commons-logging/commons-logging/1.2/4bfc12adfe4842bf07b657f0369c4cb522955686/commons-logging-1.2.jar
7fbd9e117000-7fbd9e122000 r--s 0006a000 08:08 276709                     /home/rodrigo/.gradle/caches/modules-2/files-2.1/ch.qos.logback/logback-core/1.1.11/88b8df40340eed549fb07e2613879bf6b006704d/logback-core-1.1.11.jar
7fbd9e122000-7fbd9e126000 r--s 00049000 08:08 276168                     /home/rodrigo/.gradle/caches/modules-2/files-2.1/com.bertramlabs.plugins/asset-pipeline-core/2.14.6/c34fb5075888bb68a68b65cc1fad1b206b453083/asset-pipeline-core-2.14.6.jar
7fbd9e126000-7fbd9e127000 r--s 0000b000 08:08 276708                     /home/rodrigo/.gradle/caches/modules-2/files-2.1/org.apache.tomcat/tomcat-juli/8.5.23/98e7f0610b7b2fb8303f11be0210e3f5a56a7d55/tomcat-juli-8.5.23.jar
7fbd9e127000-7fbd9e129000 r--s 00007000 08:08 276707                     /home/rodrigo/.gradle/caches/modules-2/files-2.1/javax.el/el-api/2.1.2-b03/1ac087d9d1a632d2ff82fa1e8b6610aca025ff2a/el-api-2.1.2-b03.jar
7fbd9e129000-7fbd9e12a000 r--s 0002b000 08:08 526388                     /home/rodrigo/.gradle/caches/modules-2/files-2.1/org.webjars/jquery/1.11.1/195eda53ac8beba7bff08f9919b48c954c858590/jquery-1.11.1.jar
7fbd9e12a000-7fbd9e12b000 r--s 00004000 08:08 276706                     /home/rodrigo/.gradle/caches/modules-2/files-2.1/org.grails/grails-plugin-codecs/3.3.2/f6f40decad83386a1415897954bcfb894e888d2b/grails-plugin-codecs-3.3.2.jar
7fbd9e12b000-7fbd9e130000 r--s 00041000 08:08 276705                     /home/rodrigo/.gradle/caches/modules-2/files-2.1/commons-lang/commons-lang/2.6/ce1edb914c94ebc388f086c6827e8bdeec71ac2/commons-lang-2.6.jar
7fbd9e130000-7fbd9e132000 r--s 0000b000 08:08 276704                     /home/rodrigo/.gradle/caches/modules-2/files-2.1/org.grails/grails-web-gsp-taglib/3.3.0/72e3b9636f0a777bebfeb117e3b2f95defd44959/grails-web-gsp-taglib-3.3.0.jar
7fbd9e132000-7fbd9e134000 r--s 0001f000 08:08 276703                     /home/rodrigo/.gradle/caches/modules-2/files-2.1/org.grails/grails-web-jsp/3.3.0/83df1e17ef4301c34db377e817bdb6a842e82b8e/grails-web-jsp-3.3.0.jar
7fbd9e134000-7fbd9e137000 r--s 00010000 08:08 276190                     /home/rodrigo/.gradle/caches/modules-2/files-2.1/org.hibernate.common/hibernate-commons-annotations/5.0.1.Final/71e1cff3fcb20d3b3af4f3363c3ddb24d33c6879/hibernate-commons-annotations-5.0.1.Final.jar
7fbd9e137000-7fbd9e13c000 r--s 00048000 08:08 279251                     /home/rodrigo/.m2/repository/dom4j/dom4j/1.6.1/dom4j-1.6.1.jar
7fbd9e13c000-7fbd9e13e000 r--s 0000e000 08:08 276702                     /home/rodrigo/.gradle/caches/modules-2/files-2.1/com.fasterxml/classmate/1.3.4/3d5f48f10bbe4eb7bd862f10c0583be2e0053c6/classmate-1.3.4.jar
7fbd9e13e000-7fbd9e141000 r--s 0002b000 08:08 276188                     /home/rodrigo/.gradle/caches/modules-2/files-2.1/org.jboss/jandex/2.0.3.Final/bfc4d6257dbff7a33a357f0de116be6ff951d849/jandex-2.0.3.Final.jar
7fbd9e141000-7fbd9e142000 r--s 00003000 08:08 276187                     /home/rodrigo/.gradle/caches/modules-2/files-2.1/org.apache.geronimo.specs/geronimo-jta_1.1_spec/1.1.1/aabab3165b8ea936b9360abbf448459c0d04a5a4/geronimo-jta_1.1_spec-1.1.1.jar
7fbd9e142000-7fbd9e147000 r--s 00068000 08:08 279230                     /home/rodrigo/.m2/repository/antlr/antlr/2.7.7/antlr-2.7.7.jar
7fbd9e147000-7fbd9e14a000 r--s 0000e000 08:08 276701                     /home/rodrigo/.gradle/caches/modules-2/files-2.1/org.jboss.logging/jboss-logging/3.3.1.Final/c46217ab74b532568c0ed31dc599db3048bd1b67/jboss-logging-3.3.1.Final.jar
7fbd9e14a000-7fbd9e154000 r--s 0006b000 08:08 276700                     /home/rodrigo/.gradle/caches/modules-2/files-2.1/org.springframework/spring-orm/4.3.12.RELEASE/47bbe35a92944aeedf06a388098581272f8db9bd/spring-orm-4.3.12.RELEASE.jar
7fbd9e154000-7fbd9e158000 r--s 00039000 08:08 276167                     /home/rodrigo/.gradle/caches/modules-2/files-2.1/org.grails/grails-datastore-gorm-hibernate5/6.1.8.RELEASE/77ea75d00b7bf705a286eb02c729607919a94309/grails-datastore-gorm-hibernate5-6.1.8.RELEASE.jar
7fbd9e158000-7fbd9e15b000 r--s 00012000 08:08 276166                     /home/rodrigo/.gradle/caches/modules-2/files-2.1/org.grails/grails-datastore-gorm-support/6.1.8.RELEASE/73039097b346e345a6d8054551bf068bb2857b93/grails-datastore-gorm-support-6.1.8.RELEASE.jar
7fbd9e15b000-7fbd9e15c000 r--s 00002000 08:08 276165                     /home/rodrigo/.gradle/caches/modules-2/files-2.1/org.grails/grails-datastore-web/6.1.8.RELEASE/7b779ffd10658ff5a31ee98a1f896d8f123d46f9/grails-datastore-web-6.1.8.RELEASE.jar
7fbd9e15c000-7fbd9e15e000 r--s 00003000 08:08 276699                     /home/rodrigo/.gradle/caches/modules-2/files-2.1/org.grails/grails-events-compat/3.3.2/1250482ac83841a19c75b150777a2d2c28592d33/grails-events-compat-3.3.2.jar
7fbd9e15e000-7fbd9e15f000 r--s 00007000 08:08 276698                     /home/rodrigo/.gradle/caches/modules-2/files-2.1/org.grails/grails-events-transform/3.3.2/645c93ccb03ea27a23d6ac25265b01e5a63b9525/grails-events-transform-3.3.2.jar
7fbd9e15f000-7fbd9e161000 r--s 0000b000 08:08 276697                     /home/rodrigo/.gradle/caches/modules-2/files-2.1/org.grails/grails-events/3.3.2/a4c70fc8c391d8060d715ea68bfe4ff87761fd02/grails-events-3.3.2.jar
7fbd9e161000-7fbd9e163000 r--s 0001f000 08:08 276696                     /home/rodrigo/.gradle/caches/modules-2/files-2.1/org.grails.plugins/fields/2.2.3/79149f99c909ddae5bc11d89642e14d2a275e683/fields-2.2.3.jar
7fbd9e163000-7fbd9e166000 r--s 0000e000 08:08 276695                     /home/rodrigo/.gradle/caches/modules-2/files-2.1/org.grails/grails-async/3.3.2/df2d4d6d96161b1105298a951c6fff31dd52e1e9/grails-async-3.3.2.jar
7fbd9e166000-7fbd9e170000 r--s 000aa000 08:08 276259                     /home/rodrigo/.gradle/caches/modules-2/files-2.1/org.javassist/javassist/3.21.0-GA/598244f595db5c5fb713731eddbb1c91a58d959b/javassist-3.21.0-GA.jar
7fbd9e170000-7fbd9e173000 r--s 00016000 08:08 276694                     /home/rodrigo/.gradle/caches/modules-2/files-2.1/org.grails/grails-validation/3.3.2/99b01646296571eb930bafe5ba50716ea60bb882/grails-validation-3.3.2.jar
7fbd9e173000-7fbd9e177000 r--s 0001e000 08:08 276693                     /home/rodrigo/.gradle/caches/modules-2/files-2.1/org.grails.plugins/converters/3.3.1/afc1ea5fa7d7d52e83017856fa5a651d38145048/converters-3.3.1.jar
7fbd9e177000-7fbd9e179000 r--s 00005000 08:08 276692                     /home/rodrigo/.gradle/caches/modules-2/files-2.1/org.grails/grails-plugin-datasource/3.3.2/94cef3919a1a3dd23fbdb0af1b4733e3904f5fbe/grails-plugin-datasource-3.3.2.jar
7fbd9e179000-7fbd9e17c000 r--s 00019000 08:08 276691                     /home/rodrigo/.gradle/caches/modules-2/files-2.1/org.grails/grails-plugin-controllers/3.3.2/a275c53d228b1822b128b8dd263e221cf0ffa884/grails-plugin-controllers-3.3.2.jar
7fbd9e17c000-7fbd9e17d000 r--s 00005000 08:08 276690                     /home/rodrigo/.gradle/caches/modules-2/files-2.1/org.grails/grails-web/3.3.2/ffed6c9b78a0fd3c6cd215638333b2bc8901be5e/grails-web-3.3.2.jar
7fbd9e17d000-7fbd9e181000 r--s 00028000 08:08 276689                     /home/rodrigo/.gradle/caches/modules-2/files-2.1/org.grails/grails-web-common/3.3.2/b9bc2dc38e7570ab169d0d14ed5c19267e8ce28f/grails-web-common-3.3.2.jar
7fbd9e181000-7fbd9e186000 r--s 00038000 08:08 276688                     /home/rodrigo/.gradle/caches/modules-2/files-2.1/org.apache.tomcat.embed/tomcat-embed-websocket/8.5.23/52f07abcae10dc7e1764304b0877def175c2c833/tomcat-embed-websocket-8.5.23.jar
7fbd9e186000-7fbd9e18a000 r--s 00037000 08:08 276687                     /home/rodrigo/.gradle/caches/modules-2/files-2.1/org.apache.tomcat.embed/tomcat-embed-el/8.5.23/98d979cde444dffa6d434c8377d0123b2dfa614c/tomcat-embed-el-8.5.23.jar
7fbd9e18a000-7fbd9e1b3000 r--s 002c7000 08:08 276686                     /home/rodrigo/.gradle/caches/modules-2/files-2.1/org.apache.tomcat.embed/tomcat-embed-core/8.5.23/79261793a47f507890ee08f749b9d81774e4f7f0/tomcat-embed-core-8.5.23.jar
7fbd9e1b3000-7fbd9e1c3000 r--s 00079000 08:08 276685                     /home/rodrigo/.gradle/caches/modules-2/files-2.1/org.springframework.boot/spring-boot-actuator/1.5.8.RELEASE/aac530fe877ed91c92831019755c49f29b08e6/spring-boot-actuator-1.5.8.RELEASE.jar
7fbd9e1c3000-7fbd9e1c4000 r--s 00000000 08:08 276684                     /home/rodrigo/.gradle/caches/modules-2/files-2.1/org.springframework.boot/spring-boot-starter/1.5.8.RELEASE/18048efe1f06569022a53cc3fb2fe9c0162935a3/spring-boot-starter-1.5.8.RELEASE.jar
7fbd9e1c4000-7fbd9e1c8000 r--s 00040000 08:08 276683                     /home/rodrigo/.gradle/caches/modules-2/files-2.1/xalan/serializer/2.7.2/24247f3bb052ee068971393bdb83e04512bb1c3c/serializer-2.7.2.jar
7fbd9e1c8000-7fbd9e1d6000 r--s 00081000 08:08 276191                     /home/rodrigo/.gradle/caches/modules-2/files-2.1/org.grails/grails-datastore-core/6.1.8.RELEASE/23fd4fd6fbbec658d8cb9d43f3c475438496cb00/grails-datastore-core-6.1.8.RELEASE.jar
7fbd9e1d6000-7fbd9e1d7000 r--s 00009000 08:08 276682                     /home/rodrigo/.gradle/caches/modules-2/files-2.1/org.grails/grails-spring/3.3.2/bb328f18e3b442e9808b28665ba4f04d60e21c9/grails-spring-3.3.2.jar
7fbd9e1d7000-7fbd9e1dc000 r--s 00039000 08:08 276159                     /home/rodrigo/.gradle/caches/modules-2/files-2.1/org.grails/grails-bootstrap/3.3.2/a1b6727614ce8f50eed4db9bccda3f8cd3f53c44/grails-bootstrap-3.3.2.jar
7fbd9e1dc000-7fbd9e1f5000 r--s 000fe000 08:08 276681                     /home/rodrigo/.gradle/caches/modules-2/files-2.1/org.springframework/spring-context/4.3.12.RELEASE/5e6d26f36636f36b7efec1d6a0c5991284fbd95b/spring-context-4.3.12.RELEASE.jar
7fbd9e1f5000-7fbd9e203000 r--s 000ad000 08:08 276680                     /home/rodrigo/.gradle/caches/modules-2/files-2.1/org.springframework/spring-beans/4.3.12.RELEASE/547dd432d47d0f01d9ccbedc4b705f9f7c1240a/spring-beans-4.3.12.RELEASE.jar
7fbd9e203000-7fbd9e20b000 r--s 0003a000 08:08 276679                     /home/rodrigo/.gradle/caches/modules-2/files-2.1/org.springframework/spring-tx/4.3.12.RELEASE/7147b6839b2bf9db3621b79c73b4dddbe69572b6/spring-tx-4.3.12.RELEASE.jar
7fbd9e20b000-7fbd9e222000 r--s 000fc000 08:08 276206                     /home/rodrigo/.gradle/caches/modules-2/files-2.1/org.springframework/spring-core/4.3.12.RELEASE/4cebc69478c6d350dbd5af28e3db7d5694f416e3/spring-core-4.3.12.RELEASE.jar
7fbd9e222000-7fbd9e226000 r--s 00019000 08:08 276230                     /home/rodrigo/.gradle/caches/modules-2/files-2.1/com.googlecode.concurrentlinkedhashmap/concurrentlinkedhashmap-lru/1.4.2/2eaf3d3c9746d526ff7e5b93931d482c3887e6ac/concurrentlinkedhashmap-lru-1.4.2.jar
7fbd9e226000-7fbd9e22b000 r--s 00017000 08:08 276186                     /home/rodrigo/.gradle/caches/modules-2/files-2.1/org.hibernate.javax.persistence/hibernate-jpa-2.1-api/1.0.0.Final/5e731d961297e5a07290bfaf3db1fbc8bbbf405a/hibernate-jpa-2.1-api-1.0.0.Final.jar
7fbd9e22b000-7fbd9e22d000 r--s 00009000 08:08 276678                     /home/rodrigo/.gradle/caches/modules-2/files-2.1/org.slf4j/slf4j-api/1.7.25/da76ca59f6a57ee3102f8f9bd9cee742973efa8a/slf4j-api-1.7.25.jar
7fbd9e22d000-7fbd9e27a000 r--s 00410000 08:08 276154                     /home/rodrigo/.gradle/caches/modules-2/files-2.1/org.codehaus.groovy/groovy/2.4.13/de7b73bed517fa1323aab391b719b59c3702391a/groovy-2.4.13.jar
7fbd9e27a000-7fbd9e28a000 r--s 00095000 08:08 276677                     /home/rodrigo/.gradle/caches/modules-2/files-2.1/org.springframework.boot/spring-boot/1.5.8.RELEASE/748ebde51761e12627ad23d064024f342b18f9b4/spring-boot-1.5.8.RELEASE.jar
7fbd9e28a000-7fbd9e28c000 r--s 00004000 08:08 276676                     /home/rodrigo/.gradle/caches/modules-2/files-2.1/org.slf4j/log4j-over-slf4j/1.7.25/a87bb47468f47ee7aabbd54f93e133d4215769c3/log4j-over-slf4j-1.7.25.jar
7fbd9e28c000-7fbd9e28e000 r--s 00000000 08:08 276675                     /home/rodrigo/.gradle/caches/modules-2/files-2.1/org.slf4j/jul-to-slf4j/1.7.25/af5364cd6679bfffb114f0dec8a157aaa283b76/jul-to-slf4j-1.7.25.jar
7fbd9e28e000-7fbd9e290000 r--s 00003000 08:08 276674                     /home/rodrigo/.gradle/caches/modules-2/files-2.1/org.slf4j/jcl-over-slf4j/1.7.25/f8c32b13ff142a513eeb5b6330b1588dcb2c0461/jcl-over-slf4j-1.7.25.jar
7fbd9e290000-7fbd9e297000 r--s 00045000 08:08 276673                     /home/rodrigo/.gradle/caches/modules-2/files-2.1/ch.qos.logback/logback-classic/1.1.11/ccedfbacef4a6515d2983e3f89ed753d5d4fb665/logback-classic-1.1.11.jar
7fbd9e297000-7fbd9e299000 r--s 0001e000 08:08 276672                     /home/rodrigo/.gradle/caches/modules-2/files-2.1/com.bertramlabs.plugins/asset-pipeline-grails/2.14.6/23889d1725fae5f1705a90bca409fad3e8721b98/asset-pipeline-grails-2.14.6.jar
7fbd9e299000-7fbd9e29c000 r--s 00021000 08:08 276671                     /home/rodrigo/.gradle/caches/modules-2/files-2.1/org.apache.tomcat/tomcat-jdbc/8.5.23/6036400a8f2d90dd3ae3a4d09e5136c56002887b/tomcat-jdbc-8.5.23.jar
7fbd9e29c000-7fbd9e2ab000 r--s 001ae000 08:08 276670                     /home/rodrigo/.gradle/caches/modules-2/files-2.1/com.h2database/h2/1.4.196/dd0034398d593aa3588c6773faac429bbd9aea0e/h2-1.4.196.jar
7fbd9e2ab000-7fbd9e2ae000 r--s 00018000 08:08 276669                     /home/rodrigo/.gradle/caches/modules-2/files-2.1/org.glassfish.web/el-impl/2.1.2-b03/6bab1211b6e6b191fdbf06067bd05d2f75a62ac0/el-impl-2.1.2-b03.jar
7fbd9e2ae000-7fbd9e2b5000 r--s 0009b000 08:08 526386                     /home/rodrigo/.gradle/caches/modules-2/files-2.1/org.webjars/bootstrap/3.3.6/1360e2bcd3016ce44a273d2a3b6569963bb0bd68/bootstrap-3.3.6.jar
7fbd9e2b5000-7fbd9e2ba000 r--s 0004b000 08:08 276668                     /home/rodrigo/.gradle/caches/modules-2/files-2.1/org.grails.plugins/gsp/3.3.0/207d8d9c87e33608297fcd9a97c2105043774287/gsp-3.3.0.jar
7fbd9e2ba000-7fbd9e326000 r--s 0050a000 08:08 276667                     /home/rodrigo/.gradle/caches/modules-2/files-2.1/org.hibernate/hibernate-core/5.1.5.Final/28366d161d448e82370e5bbd871eb2835ba0fb7b/hibernate-core-5.1.5.Final.jar
7fbd9e326000-7fbd9e333000 r--s 000ae000 08:08 276652                     /home/rodrigo/.gradle/caches/modules-2/files-2.1/org.grails/grails-core/3.3.2/824db64a3117fdc40b2a6bd4b5444e536453e51d/grails-core-3.3.2.jar
7fbd9e333000-7fbd9e353000 r--s 000e6000 08:08 276651                     /home/rodrigo/.gradle/caches/modules-2/files-2.1/org.springframework.boot/spring-boot-autoconfigure/1.5.8.RELEASE/e4f2efa4c319f4e3613d94fbccfdb5ccda6873e3/spring-boot-autoconfigure-1.5.8.RELEASE.jar
7fbd9e353000-7fbd9e3cd000 r--s 010f6000 08:07 4476022                    /usr/lib/jvm/java-8-oracle/jre/lib/ext/tools.jar
7fbd9e3cd000-7fbd9e3d0000 ---p 00000000 00:00 0 
7fbd9e3d0000-7fbd9e4ce000 rw-p 00000000 00:00 0 
7fbd9e4ce000-7fbd9ea1b000 r--p 00000000 08:07 4349219                    /usr/lib/locale/locale-archive
7fbd9ea1b000-7fbd9ea1e000 ---p 00000000 00:00 0 
7fbd9ea1e000-7fbd9eb1c000 rw-p 00000000 00:00 0 
7fbd9eb1c000-7fbd9eb1f000 ---p 00000000 00:00 0 
7fbd9eb1f000-7fbd9ec1d000 rw-p 00000000 00:00 0 
7fbd9ec1d000-7fbd9ec1e000 ---p 00000000 00:00 0 
7fbd9ec1e000-7fbd9f627000 rw-p 00000000 00:00 0 
7fbd9f627000-7fbd9f800000 r--s 03d40000 08:07 4472618                    /usr/lib/jvm/java-8-oracle/jre/lib/rt.jar
7fbd9f800000-7fbda1000000 rw-p 00000000 00:00 0 
7fbda1000000-7fbda2420000 rwxp 00000000 00:00 0 
7fbda2420000-7fbdb0000000 ---p 00000000 00:00 0 
7fbdb0000000-7fbdb1a82000 rw-p 00000000 00:00 0 
7fbdb1a82000-7fbdb4000000 ---p 00000000 00:00 0 
7fbdb4000000-7fbdb4002000 r--s 00006000 08:08 276152                     /home/rodrigo/.gradle/caches/modules-2/files-2.1/org.grails.plugins/hibernate5/6.1.8/4b432464dc97f05bb27f322186783b803f7e3d1a/hibernate5-6.1.8.jar
7fbdb4002000-7fbdb4003000 r--s 00001000 08:08 276666                     /home/rodrigo/.gradle/caches/modules-2/files-2.1/org.grails.plugins/events/3.3.2/c43aed0886464bc62b8ef2c4963ea1bedeb19e6/events-3.3.2.jar
7fbdb4003000-7fbdb4005000 r--s 00006000 08:08 276665                     /home/rodrigo/.gradle/caches/modules-2/files-2.1/org.grails.plugins/scaffolding/3.4.1/3794a2154aa473fd2281e1e36de398815a63e740/scaffolding-3.4.1.jar
7fbdb4005000-7fbdb4008000 r--s 0000c000 08:08 276664                     /home/rodrigo/.gradle/caches/modules-2/files-2.1/org.grails.plugins/async/3.3.2/849be6dcabfba176078915404451c4b4479c6d49/async-3.3.2.jar
7fbdb4008000-7fbdb400a000 r--s 00011000 08:08 276663                     /home/rodrigo/.gradle/caches/modules-2/files-2.1/org.grails.plugins/cache/4.0.0/72be24e2f8b3e5407048f5cc5186dcd32e8de841/cache-4.0.0.jar
7fbdb400a000-7fbdb400c000 r--s 00004000 08:08 276661                     /home/rodrigo/.gradle/caches/modules-2/files-2.1/org.grails/grails-plugin-url-mappings/3.3.2/bd54a241118067e6a9276b053fdd26b70e5ef65/grails-plugin-url-mappings-3.3.2.jar
7fbdb400c000-7fbdb49db000 rw-p 00000000 00:00 0 
7fbdb49db000-7fbdb49dc000 ---p 00000000 00:00 0 
7fbdb49dc000-7fbdb4adc000 rw-p 00000000 00:00 0 
7fbdb4adc000-7fbdb4add000 ---p 00000000 00:00 0 
7fbdb4add000-7fbdb4eaf000 rw-p 00000000 00:00 0 
7fbdb4eaf000-7fbdb521e000 ---p 00000000 00:00 0 
7fbdb521e000-7fbdb5238000 r-xp 00000000 08:07 4599407                    /usr/lib/jvm/java-8-oracle/jre/lib/amd64/libzip.so
7fbdb5238000-7fbdb5438000 ---p 0001a000 08:07 4599407                    /usr/lib/jvm/java-8-oracle/jre/lib/amd64/libzip.so
7fbdb5438000-7fbdb5439000 rw-p 0001a000 08:07 4599407                    /usr/lib/jvm/java-8-oracle/jre/lib/amd64/libzip.so
7fbdb5439000-7fbdb5444000 r-xp 00000000 08:07 1310891                    /lib/x86_64-linux-gnu/libnss_files-2.23.so
7fbdb5444000-7fbdb5643000 ---p 0000b000 08:07 1310891                    /lib/x86_64-linux-gnu/libnss_files-2.23.so
7fbdb5643000-7fbdb5644000 r--p 0000a000 08:07 1310891                    /lib/x86_64-linux-gnu/libnss_files-2.23.so
7fbdb5644000-7fbdb5645000 rw-p 0000b000 08:07 1310891                    /lib/x86_64-linux-gnu/libnss_files-2.23.so
7fbdb5645000-7fbdb564b000 rw-p 00000000 00:00 0 
7fbdb564b000-7fbdb5656000 r-xp 00000000 08:07 1310894                    /lib/x86_64-linux-gnu/libnss_nis-2.23.so
7fbdb5656000-7fbdb5855000 ---p 0000b000 08:07 1310894                    /lib/x86_64-linux-gnu/libnss_nis-2.23.so
7fbdb5855000-7fbdb5856000 r--p 0000a000 08:07 1310894                    /lib/x86_64-linux-gnu/libnss_nis-2.23.so
7fbdb5856000-7fbdb5857000 rw-p 0000b000 08:07 1310894                    /lib/x86_64-linux-gnu/libnss_nis-2.23.so
7fbdb5857000-7fbdb586d000 r-xp 00000000 08:07 1310887                    /lib/x86_64-linux-gnu/libnsl-2.23.so
7fbdb586d000-7fbdb5a6c000 ---p 00016000 08:07 1310887                    /lib/x86_64-linux-gnu/libnsl-2.23.so
7fbdb5a6c000-7fbdb5a6d000 r--p 00015000 08:07 1310887                    /lib/x86_64-linux-gnu/libnsl-2.23.so
7fbdb5a6d000-7fbdb5a6e000 rw-p 00016000 08:07 1310887                    /lib/x86_64-linux-gnu/libnsl-2.23.so
7fbdb5a6e000-7fbdb5a70000 rw-p 00000000 00:00 0 
7fbdb5a70000-7fbdb5a78000 r-xp 00000000 08:07 1310900                    /lib/x86_64-linux-gnu/libnss_compat-2.23.so
7fbdb5a78000-7fbdb5c77000 ---p 00008000 08:07 1310900                    /lib/x86_64-linux-gnu/libnss_compat-2.23.so
7fbdb5c77000-7fbdb5c78000 r--p 00007000 08:07 1310900                    /lib/x86_64-linux-gnu/libnss_compat-2.23.so
7fbdb5c78000-7fbdb5c79000 rw-p 00008000 08:07 1310900                    /lib/x86_64-linux-gnu/libnss_compat-2.23.so
7fbdb5c79000-7fbdb5c83000 r-xp 00000000 08:07 4599416                    /usr/lib/jvm/java-8-oracle/jre/lib/amd64/libinstrument.so
7fbdb5c83000-7fbdb5e82000 ---p 0000a000 08:07 4599416                    /usr/lib/jvm/java-8-oracle/jre/lib/amd64/libinstrument.so
7fbdb5e82000-7fbdb5e83000 rw-p 00009000 08:07 4599416                    /usr/lib/jvm/java-8-oracle/jre/lib/amd64/libinstrument.so
7fbdb5e83000-7fbdb5eae000 r-xp 00000000 08:07 4599401                    /usr/lib/jvm/java-8-oracle/jre/lib/amd64/libjava.so
7fbdb5eae000-7fbdb60ad000 ---p 0002b000 08:07 4599401                    /usr/lib/jvm/java-8-oracle/jre/lib/amd64/libjava.so
7fbdb60ad000-7fbdb60af000 rw-p 0002a000 08:07 4599401                    /usr/lib/jvm/java-8-oracle/jre/lib/amd64/libjava.so
7fbdb60af000-7fbdb60bc000 r-xp 00000000 08:07 4599406                    /usr/lib/jvm/java-8-oracle/jre/lib/amd64/libverify.so
7fbdb60bc000-7fbdb62bb000 ---p 0000d000 08:07 4599406                    /usr/lib/jvm/java-8-oracle/jre/lib/amd64/libverify.so
7fbdb62bb000-7fbdb62bd000 rw-p 0000c000 08:07 4599406                    /usr/lib/jvm/java-8-oracle/jre/lib/amd64/libverify.so
7fbdb62bd000-7fbdb62c4000 r-xp 00000000 08:07 1310896                    /lib/x86_64-linux-gnu/librt-2.23.so
7fbdb62c4000-7fbdb64c3000 ---p 00007000 08:07 1310896                    /lib/x86_64-linux-gnu/librt-2.23.so
7fbdb64c3000-7fbdb64c4000 r--p 00006000 08:07 1310896                    /lib/x86_64-linux-gnu/librt-2.23.so
7fbdb64c4000-7fbdb64c5000 rw-p 00007000 08:07 1310896                    /lib/x86_64-linux-gnu/librt-2.23.so
7fbdb64c5000-7fbdb65cd000 r-xp 00000000 08:07 1310905                    /lib/x86_64-linux-gnu/libm-2.23.so
7fbdb65cd000-7fbdb67cc000 ---p 00108000 08:07 1310905                    /lib/x86_64-linux-gnu/libm-2.23.so
7fbdb67cc000-7fbdb67cd000 r--p 00107000 08:07 1310905                    /lib/x86_64-linux-gnu/libm-2.23.so
7fbdb67cd000-7fbdb67ce000 rw-p 00108000 08:07 1310905                    /lib/x86_64-linux-gnu/libm-2.23.so
7fbdb67ce000-7fbdb749d000 r-xp 00000000 08:07 4599384                    /usr/lib/jvm/java-8-oracle/jre/lib/amd64/server/libjvm.so
7fbdb749d000-7fbdb769d000 ---p 00ccf000 08:07 4599384                    /usr/lib/jvm/java-8-oracle/jre/lib/amd64/server/libjvm.so
7fbdb769d000-7fbdb7776000 rw-p 00ccf000 08:07 4599384                    /usr/lib/jvm/java-8-oracle/jre/lib/amd64/server/libjvm.so
7fbdb7776000-7fbdb77c1000 rw-p 00000000 00:00 0 
7fbdb77c1000-7fbdb7981000 r-xp 00000000 08:07 1310910                    /lib/x86_64-linux-gnu/libc-2.23.so
7fbdb7981000-7fbdb7b81000 ---p 001c0000 08:07 1310910                    /lib/x86_64-linux-gnu/libc-2.23.so
7fbdb7b81000-7fbdb7b85000 r--p 001c0000 08:07 1310910                    /lib/x86_64-linux-gnu/libc-2.23.so
7fbdb7b85000-7fbdb7b87000 rw-p 001c4000 08:07 1310910                    /lib/x86_64-linux-gnu/libc-2.23.so
7fbdb7b87000-7fbdb7b8b000 rw-p 00000000 00:00 0 
7fbdb7b8b000-7fbdb7b8e000 r-xp 00000000 08:07 1310899                    /lib/x86_64-linux-gnu/libdl-2.23.so
7fbdb7b8e000-7fbdb7d8d000 ---p 00003000 08:07 1310899                    /lib/x86_64-linux-gnu/libdl-2.23.so
7fbdb7d8d000-7fbdb7d8e000 r--p 00002000 08:07 1310899                    /lib/x86_64-linux-gnu/libdl-2.23.so
7fbdb7d8e000-7fbdb7d8f000 rw-p 00003000 08:07 1310899                    /lib/x86_64-linux-gnu/libdl-2.23.so
7fbdb7d8f000-7fbdb7da4000 r-xp 00000000 08:07 4861827                    /usr/lib/jvm/java-8-oracle/lib/amd64/jli/libjli.so
7fbdb7da4000-7fbdb7fa4000 ---p 00015000 08:07 4861827                    /usr/lib/jvm/java-8-oracle/lib/amd64/jli/libjli.so
7fbdb7fa4000-7fbdb7fa5000 rw-p 00015000 08:07 4861827                    /usr/lib/jvm/java-8-oracle/lib/amd64/jli/libjli.so
7fbdb7fa5000-7fbdb7fbd000 r-xp 00000000 08:07 1310893                    /lib/x86_64-linux-gnu/libpthread-2.23.so
7fbdb7fbd000-7fbdb81bc000 ---p 00018000 08:07 1310893                    /lib/x86_64-linux-gnu/libpthread-2.23.so
7fbdb81bc000-7fbdb81bd000 r--p 00017000 08:07 1310893                    /lib/x86_64-linux-gnu/libpthread-2.23.so
7fbdb81bd000-7fbdb81be000 rw-p 00018000 08:07 1310893                    /lib/x86_64-linux-gnu/libpthread-2.23.so
7fbdb81be000-7fbdb81c2000 rw-p 00000000 00:00 0 
7fbdb81c2000-7fbdb81e8000 r-xp 00000000 08:07 1310888                    /lib/x86_64-linux-gnu/ld-2.23.so
7fbdb81e8000-7fbdb81e9000 r--s 00008000 08:08 276662                     /home/rodrigo/.gradle/caches/modules-2/files-2.1/org.grails/grails-plugin-interceptors/3.3.2/4f73122cdc8c27c27cedde83bd80e87c924dc197/grails-plugin-interceptors-3.3.2.jar
7fbdb81e9000-7fbdb81eb000 r--s 00003000 08:08 276660                     /home/rodrigo/.gradle/caches/modules-2/files-2.1/org.grails/grails-plugin-services/3.3.2/ea22bd2a1edfe4aa09a4b14de4083d08bad7bf31/grails-plugin-services-3.3.2.jar
7fbdb81eb000-7fbdb81ef000 r--s 00031000 08:08 276657                     /home/rodrigo/.gradle/caches/modules-2/files-2.1/org.grails/grails-plugin-rest/3.3.2/d748b4fb52d140ecc3edcf8771a2135621993378/grails-plugin-rest-3.3.2.jar
7fbdb81ef000-7fbdb82c0000 rw-p 00000000 00:00 0 
7fbdb82c0000-7fbdb82c3000 ---p 00000000 00:00 0 
7fbdb82c3000-7fbdb83c5000 rw-p 00000000 00:00 0 
7fbdb83c5000-7fbdb83c6000 r--s 00003000 08:08 276659                     /home/rodrigo/.gradle/caches/modules-2/files-2.1/org.grails/grails-plugin-i18n/3.3.2/6f01bb2a4ce26391b2bbf6bc04dc74904504b62c/grails-plugin-i18n-3.3.2.jar
7fbdb83c6000-7fbdb83c7000 r--s 00004000 08:08 276658                     /home/rodrigo/.gradle/caches/modules-2/files-2.1/org.grails/grails-plugin-databinding/3.3.2/8d7ee9adb4ac2666fd5aa9cdc87a9e5138459c45/grails-plugin-databinding-3.3.2.jar
7fbdb83c7000-7fbdb83c8000 r--s 00000000 08:08 276656                     /home/rodrigo/.gradle/caches/modules-2/files-2.1/org.grails/grails-logging/3.3.2/4d1eb8335f81f9d0341688230c3d0f133b1e7cd4/grails-logging-3.3.2.jar
7fbdb83c8000-7fbdb83c9000 r--s 00001000 08:08 276655                     /home/rodrigo/.gradle/caches/modules-2/files-2.1/org.grails/grails-web-boot/3.3.2/a0f4cc58704e6551121d0453968f7f834e529b4/grails-web-boot-3.3.2.jar
7fbdb83c9000-7fbdb83ca000 r--s 00000000 08:08 276654                     /home/rodrigo/.gradle/caches/modules-2/files-2.1/org.springframework.boot/spring-boot-starter-tomcat/1.5.8.RELEASE/cf3b7eb7e192a60ab1dd09e4f8bce82710a5feb0/spring-boot-starter-tomcat-1.5.8.RELEASE.jar
7fbdb83ca000-7fbdb83cb000 r--s 00000000 08:08 276653                     /home/rodrigo/.gradle/caches/modules-2/files-2.1/org.springframework.boot/spring-boot-starter-actuator/1.5.8.RELEASE/927c40a1af518dc240dfdf7aaf0a9673c3a127c5/spring-boot-starter-actuator-1.5.8.RELEASE.jar
7fbdb83cb000-7fbdb83cc000 r--s 00000000 08:08 276650                     /home/rodrigo/.gradle/caches/modules-2/files-2.1/org.springframework.boot/spring-boot-starter-logging/1.5.8.RELEASE/ebc00a0e46753d90431fdcc5e3d6b9fd3bf1564a/spring-boot-starter-logging-1.5.8.RELEASE.jar
7fbdb83cc000-7fbdb83db000 rw-p 00000000 00:00 0 
7fbdb83db000-7fbdb83e3000 rw-s 00000000 08:07 4194408                    /tmp/hsperfdata_rodrigo/16811
7fbdb83e3000-7fbdb83e4000 rw-p 00000000 00:00 0 
7fbdb83e4000-7fbdb83e5000 r--p 00000000 00:00 0 
7fbdb83e5000-7fbdb83e7000 rw-p 00000000 00:00 0 
7fbdb83e7000-7fbdb83e8000 r--p 00025000 08:07 1310888                    /lib/x86_64-linux-gnu/ld-2.23.so
7fbdb83e8000-7fbdb83e9000 rw-p 00026000 08:07 1310888                    /lib/x86_64-linux-gnu/ld-2.23.so
7fbdb83e9000-7fbdb83ea000 rw-p 00000000 00:00 0 
7fff0e518000-7fff0e53f000 rw-p 00000000 00:00 0                          [stack]
7fff0e58a000-7fff0e58c000 r--p 00000000 00:00 0                          [vvar]
7fff0e58c000-7fff0e58e000 r-xp 00000000 00:00 0                          [vdso]
ffffffffff600000-ffffffffff601000 r-xp 00000000 00:00 0                  [vsyscall]

VM Arguments:
jvm_args: -Dendpoints.shutdown.enabled=true -Denv=development -Dfull.stacktrace=false -Dgrails.env=development -Dgrails.full.stacktrace=false -Dinfo.app.grailsVersion=3.3.2 -Dinfo.app.name=nuevo-foro-fiuba -Dinfo.app.version=0.1 -Djdk.reflect.allowGetCallerClass=true -Drun.active=true -Dspring.output.ansi.enabled=always -Dspringloaded=inclusions=grails.plugins..*;synchronize=true;allowSplitPackages=true;cacheDir=/home/rodrigo/nuevo-foro-fiuba/build/springloaded -Dverbose=false -XX:+TieredCompilation -XX:TieredStopAtLevel=1 -XX:CICompilerCount=3 -javaagent:/home/rodrigo/.gradle/caches/modules-2/files-2.1/org.springframework/springloaded/1.2.8.RELEASE/b60bac05b0451cdc1863bfec617f39aa0dcaaa43/springloaded-1.2.8.RELEASE.jar -Xverify:none -Xms768m -Xmx768m -Dfile.encoding=UTF-8 -Duser.country=AR -Duser.language=es -Duser.variant 
java_command: nuevo_foro_fiuba.Application
java_class_path (initial): /home/rodrigo/nuevo-foro-fiuba/src/main/resources:/home/rodrigo/nuevo-foro-fiuba/grails-app/views:/home/rodrigo/nuevo-foro-fiuba/grails-app/i18n:/home/rodrigo/nuevo-foro-fiuba/grails-app/conf:/home/rodrigo/nuevo-foro-fiuba/build/classes/main:/home/rodrigo/nuevo-foro-fiuba/build/resources/main:/home/rodrigo/nuevo-foro-fiuba/gsp-classes:/home/rodrigo/.gradle/caches/modules-2/files-2.1/org.springframework.boot/spring-boot-starter-logging/1.5.8.RELEASE/ebc00a0e46753d90431fdcc5e3d6b9fd3bf1564a/spring-boot-starter-logging-1.5.8.RELEASE.jar:/home/rodrigo/.gradle/caches/modules-2/files-2.1/org.springframework.boot/spring-boot-autoconfigure/1.5.8.RELEASE/e4f2efa4c319f4e3613d94fbccfdb5ccda6873e3/spring-boot-autoconfigure-1.5.8.RELEASE.jar:/home/rodrigo/.gradle/caches/modules-2/files-2.1/org.grails/grails-core/3.3.2/824db64a3117fdc40b2a6bd4b5444e536453e51d/grails-core-3.3.2.jar:/home/rodrigo/.gradle/caches/modules-2/files-2.1/org.springframework.boot/spring-boot-starter-actuator/1.5.8.RELEASE/927c40a1af518dc240dfdf7aaf0a9673c3a127c5/spring-boot-starter-actuator-1.5.8.RELEASE.jar:/home/rodrigo/.gradle/caches/modules-2/files-2.1/org.springframework.boot/spring-boot-starter-tomcat/1.5.8.RELEASE/cf3b7eb7e192a60ab1dd09e4f8bce82710a5feb0/spring-boot-starter-tomcat-1.5.8.RELEASE.jar:/home/rodrigo/.gradle/caches/modules-2/files-2.1/org.grails/grails-web-boot/3.3.2/a0f4cc58704e6551121d0453968f7f834e529b4/grails-web-boot-3.3.2.jar:/home/rodrigo/.gradle/caches/modules-2/files-2.1/org.grails/grails-logging/3.3.2/4d1eb8335f81f9d0341688230c3d0f133b1e7cd4/grails-logging-3.3.2.jar:/home/rodrigo/.gradle/caches/modules-2/files-2.1/org.grails/grails-plugin-rest/3.3.2/d748b4fb52d140ecc3edcf8771a2135621993378/grails-plugin-rest-3.3.2.jar:/home/rodrigo/.gradle/caches/modules-2/files-2.1/org.grails/grails-plugin-databinding/3.3.2/8d7ee9adb4ac2666fd5aa9cdc87a9e5138459c45/grails-plugin-databinding-3.3.2.jar:/home/rodrigo/.gradle/caches/modules-2/files-2.1/org.grails/grails
Launcher Type: SUN_STANDARD

Environment Variables:
JAVA_HOME=/usr/lib/jvm/java-8-oracle
PATH=/home/rodrigo/.sdkman/candidates/grails/current/bin:/home/rodrigo/anaconda2/bin:/usr/local/sbin:/usr/local/bin:/usr/sbin:/usr/bin:/sbin:/bin:/usr/games:/usr/local/games:/snap/bin:/usr/lib/jvm/java-8-oracle/bin:/usr/lib/jvm/java-8-oracle/db/bin:/usr/lib/jvm/java-8-oracle/jre/bin:/home/rodrigo/spark/bin
SHELL=/bin/bash
DISPLAY=:0

Signal Handlers:
SIGSEGV: [libjvm.so+0xac8af0], sa_mask[0]=11111111011111111101111111111110, sa_flags=SA_RESTART|SA_SIGINFO
SIGBUS: [libjvm.so+0xac8af0], sa_mask[0]=11111111011111111101111111111110, sa_flags=SA_RESTART|SA_SIGINFO
SIGFPE: [libjvm.so+0x921dd0], sa_mask[0]=11111111011111111101111111111110, sa_flags=SA_RESTART|SA_SIGINFO
SIGPIPE: [libjvm.so+0x921dd0], sa_mask[0]=11111111011111111101111111111110, sa_flags=SA_RESTART|SA_SIGINFO
SIGXFSZ: [libjvm.so+0x921dd0], sa_mask[0]=11111111011111111101111111111110, sa_flags=SA_RESTART|SA_SIGINFO
SIGILL: [libjvm.so+0x921dd0], sa_mask[0]=11111111011111111101111111111110, sa_flags=SA_RESTART|SA_SIGINFO
SIGUSR1: SIG_DFL, sa_mask[0]=00000000000000000000000000000000, sa_flags=none
SIGUSR2: [libjvm.so+0x923610], sa_mask[0]=00100000000000000000000000000000, sa_flags=SA_RESTART|SA_SIGINFO
SIGHUP: [libjvm.so+0x924a10], sa_mask[0]=11111111011111111101111111111110, sa_flags=SA_RESTART|SA_SIGINFO
SIGINT: [libjvm.so+0x924a10], sa_mask[0]=11111111011111111101111111111110, sa_flags=SA_RESTART|SA_SIGINFO
SIGTERM: [libjvm.so+0x924a10], sa_mask[0]=11111111011111111101111111111110, sa_flags=SA_RESTART|SA_SIGINFO
SIGQUIT: [libjvm.so+0x924a10], sa_mask[0]=11111111011111111101111111111110, sa_flags=SA_RESTART|SA_SIGINFO


---------------  S Y S T E M  ---------------

OS:DISTRIB_ID=Ubuntu
DISTRIB_RELEASE=16.04
DISTRIB_CODENAME=xenial
DISTRIB_DESCRIPTION="Ubuntu 16.04.2 LTS"

uname:Linux 4.4.0-83-generic #106-Ubuntu SMP Mon Jun 26 17:54:43 UTC 2017 x86_64
libc:glibc 2.23 NPTL 2.23 
rlimit: STACK 8192k, CORE 0k, NPROC 14742, NOFILE 65536, AS infinity
load average:0,49 0,41 0,45

/proc/meminfo:
MemTotal:        3913756 kB
MemFree:          351152 kB
MemAvailable:     606264 kB
Buffers:           21012 kB
Cached:           823840 kB
SwapCached:       137160 kB
Active:          2346404 kB
Inactive:        1007452 kB
Active(anon):    2095108 kB
Inactive(anon):   822140 kB
Active(file):     251296 kB
Inactive(file):   185312 kB
Unevictable:         256 kB
Mlocked:             256 kB
SwapTotal:       8000508 kB
SwapFree:        6156468 kB
Dirty:               240 kB
Writeback:             0 kB
AnonPages:       2468756 kB
Mapped:           540792 kB
Shmem:            408300 kB
Slab:              84640 kB
SReclaimable:      42336 kB
SUnreclaim:        42304 kB
KernelStack:       13488 kB
PageTables:        64416 kB
NFS_Unstable:          0 kB
Bounce:                0 kB
WritebackTmp:          0 kB
CommitLimit:     9957384 kB
Committed_AS:   21967316 kB
VmallocTotal:   34359738367 kB
VmallocUsed:           0 kB
VmallocChunk:          0 kB
HardwareCorrupted:     0 kB
AnonHugePages:    733184 kB
CmaTotal:              0 kB
CmaFree:               0 kB
HugePages_Total:       0
HugePages_Free:        0
HugePages_Rsvd:        0
HugePages_Surp:        0
Hugepagesize:       2048 kB
DirectMap4k:      149820 kB
DirectMap2M:     3911680 kB
DirectMap1G:           0 kB


CPU:total 2 (initial active 2) (2 cores per cpu, 1 threads per core) family 6 model 60 stepping 3, cmov, cx8, fxsr, mmx, sse, sse2, sse3, ssse3, sse4.1, sse4.2, popcnt, clmul, erms, lzcnt, tsc, tscinvbit

/proc/cpuinfo:
processor	: 0
vendor_id	: GenuineIntel
cpu family	: 6
model		: 60
model name	: Intel(R) Pentium(R) CPU G3220 @ 3.00GHz
stepping	: 3
microcode	: 0x9
cpu MHz		: 3000.000
cache size	: 3072 KB
physical id	: 0
siblings	: 2
core id		: 0
cpu cores	: 2
apicid		: 0
initial apicid	: 0
fpu		: yes
fpu_exception	: yes
cpuid level	: 13
wp		: yes
flags		: fpu vme de pse tsc msr pae mce cx8 apic sep mtrr pge mca cmov pat pse36 clflush dts acpi mmx fxsr sse sse2 ss ht tm pbe syscall nx pdpe1gb rdtscp lm constant_tsc arch_perfmon pebs bts rep_good nopl xtopology nonstop_tsc aperfmperf eagerfpu pni pclmulqdq dtes64 monitor ds_cpl vmx est tm2 ssse3 sdbg cx16 xtpr pdcm pcid sse4_1 sse4_2 movbe popcnt tsc_deadline_timer xsave rdrand lahf_lm abm epb tpr_shadow vnmi flexpriority ept vpid fsgsbase tsc_adjust erms invpcid xsaveopt dtherm arat pln pts
bugs		:
bogomips	: 5986.51
clflush size	: 64
cache_alignment	: 64
address sizes	: 39 bits physical, 48 bits virtual
power management:

processor	: 1
vendor_id	: GenuineIntel
cpu family	: 6
model		: 60
model name	: Intel(R) Pentium(R) CPU G3220 @ 3.00GHz
stepping	: 3
microcode	: 0x9
cpu MHz		: 3000.000
cache size	: 3072 KB
physical id	: 0
siblings	: 2
core id		: 1
cpu cores	: 2
apicid		: 2
initial apicid	: 2
fpu		: yes
fpu_exception	: yes
cpuid level	: 13
wp		: yes
flags		: fpu vme de pse tsc msr pae mce cx8 apic sep mtrr pge mca cmov pat pse36 clflush dts acpi mmx fxsr sse sse2 ss ht tm pbe syscall nx pdpe1gb rdtscp lm constant_tsc arch_perfmon pebs bts rep_good nopl xtopology nonstop_tsc aperfmperf eagerfpu pni pclmulqdq dtes64 monitor ds_cpl vmx est tm2 ssse3 sdbg cx16 xtpr pdcm pcid sse4_1 sse4_2 movbe popcnt tsc_deadline_timer xsave rdrand lahf_lm abm epb tpr_shadow vnmi flexpriority ept vpid fsgsbase tsc_adjust erms invpcid xsaveopt dtherm arat pln pts
bugs		:
bogomips	: 5986.51
clflush size	: 64
cache_alignment	: 64
address sizes	: 39 bits physical, 48 bits virtual
power management:



Memory: 4k page, physical 3913756k(351152k free), swap 8000508k(6156468k free)

vm_info: Java HotSpot(TM) 64-Bit Server VM (25.131-b11) for linux-amd64 JRE (1.8.0_131-b11), built on Mar 15 2017 01:23:40 by "java_re" with gcc 4.3.0 20080428 (Red Hat 4.3.0-8)

time: Tue Feb 13 00:08:47 2018
elapsed time: 5257 seconds (0d 1h 27m 37s)

